<?xml version="1.0" encoding="utf-8"?><testsuites name="pytest tests"><testsuite name="pytest" errors="0" failures="1" skipped="0" tests="8" time="4.910" timestamp="2026-09-09T15:26:11.170083+00:00" hostname="agent-env-0c1de1d2-6552-4616-ac96-0653f7e53686"><testcase classname="tests.test_advisor_reports_api" name="test_cross_rollup_pro" time="0.250" /><testcase classname="tests.test_advisor_reports_api" name="test_cross_rollup_client_403" time="0.231" /><testcase classname="tests.test_advisor_reports_api" name="test_generate_report_shape" time="1.926" /><testcase classname="tests.test_advisor_reports_api" name="test_generate_replaces_prior" time="2.016" /><testcase classname="tests.test_advisor_reports_api" name="test_list_reports_no_pdf_base64" time="0.004" /><testcase classname="tests.test_advisor_reports_api" name="test_pdf_download" time="0.009" /><testcase classname="tests.test_advisor_reports_api" name="test_send_to_portal" time="0.020" /><testcase classname="tests.test_advisor_reports_api" name="test_close_board_shows_adjust_drafts_blocker" time="0.101"><failure message="AssertionError: Bright Beans not found in close-board. Keys: ['period', 'cards', 'summary']&#10;assert None is not None">tests/test_advisor_reports_api.py:147: in test_close_board_shows_adjust_drafts_blocker
    assert bb is not None, f"Bright Beans not found in close-board. Keys: {list(j.keys())}"
E   AssertionError: Bright Beans not found in close-board. Keys: ['period', 'cards', 'summary']
E   assert None is not None</failure></testcase></testsuite></testsuites>