<?xml version="1.0" encoding="utf-8"?><testsuites name="pytest tests"><testsuite name="pytest" errors="0" failures="0" skipped="0" tests="10" time="3.409" timestamp="2026-08-27T15:01:08.600792+00:00" hostname="agent-env-0c1de1d2-6552-4616-ac96-0653f7e53686"><testcase classname="tests.test_budgets" name="test_budgets_crud" time="1.134" /><testcase classname="tests.test_budgets_validation" name="test_create_validation_errors" time="1.098" /><testcase classname="tests.test_budgets_validation" name="test_list_sorted_and_404" time="0.252" /><testcase classname="tests.test_budgets" name="test_bulk_upsert_lines_pl_guard_and_clear" time="0.270" /><testcase classname="tests.test_budgets_validation" name="test_patch_invalid_status" time="0.238" /><testcase classname="tests.test_budgets" name="test_budget_vs_actuals_variance" time="0.427" /><testcase classname="tests.test_budgets_validation" name="test_delete_cascades_lines" time="0.244" /><testcase classname="tests.test_budgets" name="test_prefill_from_prior_year" time="0.424" /><testcase classname="tests.test_budgets_validation" name="test_variance_cash_basis_works" time="0.418" /><testcase classname="tests.test_budgets_validation" name="test_unknown_account_silently_skipped" time="0.238" /></testsuite></testsuites>