<?xml version="1.0" encoding="utf-8"?><testsuites name="pytest tests"><testsuite name="pytest" errors="0" failures="0" skipped="0" tests="5" time="2.111" timestamp="2026-09-09T15:43:08.273670+00:00" hostname="agent-env-0c1de1d2-6552-4616-ac96-0653f7e53686"><testcase classname="tests.test_client_signoff" name="test_portal_home_exposes_pending_signoff" time="1.067" /><testcase classname="tests.test_client_signoff" name="test_portal_signoff_approve_flips_state" time="0.006" /><testcase classname="tests.test_client_signoff" name="test_portal_signoff_send_back_with_questions_creates_thread" time="0.004" /><testcase classname="tests.test_client_signoff" name="test_portal_signoff_rejects_report_not_sent" time="0.003" /><testcase classname="tests.test_client_signoff" name="test_close_card_exposes_signoff_state" time="0.006" /></testsuite></testsuites>