<?xml version="1.0" encoding="utf-8"?><testsuites name="pytest tests"><testsuite name="pytest" errors="0" failures="0" skipped="0" tests="7" time="10.156" timestamp="2026-09-09T15:47:08.081276+00:00" hostname="agent-env-0c1de1d2-6552-4616-ac96-0653f7e53686"><testcase classname="tests.test_client_signoff_api" name="test_portal_home_shape" time="0.232" /><testcase classname="tests.test_client_signoff_api" name="test_pending_signoff_after_send" time="2.594" /><testcase classname="tests.test_client_signoff_api" name="test_approve_rejects_unsent_report" time="2.653" /><testcase classname="tests.test_client_signoff_api" name="test_approve_rejects_foreign_report" time="0.137" /><testcase classname="tests.test_client_signoff_api" name="test_question_rejects_empty" time="0.144" /><testcase classname="tests.test_client_signoff_api" name="test_question_flow_and_today_red" time="2.188" /><testcase classname="tests.test_client_signoff_api" name="test_approve_flow" time="2.127" /></testsuite></testsuites>