<?xml version="1.0" encoding="utf-8"?><testsuites name="pytest tests"><testsuite name="pytest" errors="0" failures="1" skipped="0" tests="9" time="3.975" timestamp="2026-09-09T12:39:15.033775+00:00" hostname="agent-env-0c1de1d2-6552-4616-ac96-0653f7e53686"><testcase classname="tests.test_cockpit_api" name="test_accessible_companies_pro_ok" time="0.764" /><testcase classname="tests.test_cockpit_api" name="test_accessible_companies_client_forbidden" time="0.524" /><testcase classname="tests.test_cockpit_api" name="test_today_shape" time="0.395" /><testcase classname="tests.test_cockpit_api" name="test_today_filter_urgency" time="0.385" /><testcase classname="tests.test_cockpit_api" name="test_close_board_shape" time="0.264" /><testcase classname="tests.test_cockpit_api" name="test_close_board_advance_non_closed_ok" time="0.475" /><testcase classname="tests.test_cockpit_api" name="test_close_board_advance_closed_with_blockers_returns_409" time="0.431"><failure message="AssertionError: expected 409, got 200: {&quot;ok&quot;:true,&quot;card&quot;:{&quot;company_id&quot;:&quot;a59d07b6-5005-4dab-9cad-71c441f3160c&quot;,&quot;company_name&quot;:&quot;30A Landscaping 3 LLC&quot;,&quot;brand_logo_url&quot;:null,&quot;period&quot;:&quot;2026-01&quot;,&quot;phase&quot;:&quot;closed&quot;,&quot;phase_pct&quot;:100,&quot;close_score&quot;:100,&quot;deadline_iso&quot;:&quot;2026-02-15&quot;,&quot;days_to_deadline&quot;:-206,&quot;top_blockers&quot;:[],&quot;portal_pending&quot;:0,&quot;quick_ac&#10;assert 200 == 409&#10; +  where 200 = &lt;Response [200]&gt;.status_code">tests/test_cockpit_api.py:135: in test_close_board_advance_closed_with_blockers_returns_409
    assert r2.status_code == 409, f"expected 409, got {r2.status_code}: {r2.text[:300]}"
E   AssertionError: expected 409, got 200: {"ok":true,"card":{"company_id":"a59d07b6-5005-4dab-9cad-71c441f3160c","company_name":"30A Landscaping 3 LLC","brand_logo_url":null,"period":"2026-01","phase":"closed","phase_pct":100,"close_score":100,"deadline_iso":"2026-02-15","days_to_deadline":-206,"top_blockers":[],"portal_pending":0,"quick_ac
E   assert 200 == 409
E    +  where 200 = &lt;Response [200]&gt;.status_code</failure></testcase><testcase classname="tests.test_cockpit_api" name="test_today_client_forbidden" time="0.162" /><testcase classname="tests.test_cockpit_api" name="test_close_board_client_forbidden" time="0.129" /></testsuite></testsuites>