<?xml version="1.0" encoding="utf-8"?><testsuites name="pytest tests"><testsuite name="pytest" errors="0" failures="12" skipped="0" tests="20" time="39.558" timestamp="2026-09-15T13:25:37.046837+00:00" hostname="agent-env-0c1de1d2-6552-4616-ac96-0653f7e53686"><testcase classname="tests.test_credit_patch_autoapply.TestVendorCreditCreate" name="test_create_with_link_decrements_bill" time="5.426"><failure message="AssertionError: {'id': '90ec2834-f08f-4032-8dbc-585c0d8e1d6b', 'company_id': '1829a9eb-7df2-4a31-afcf-7e50a514da7e', 'number': 'TEST-BILL-vc-create-c0805b', 'contact_id': None, ...}&#10;assert 300.0 &lt; 0.01&#10; +  where 300.0 = abs((1000.0 - 700.0))">tests/test_credit_patch_autoapply.py:158: in test_create_with_link_decrements_bill
    assert abs(b["balance_due"] - 700.0) &lt; 0.01, b
E   AssertionError: {'id': '90ec2834-f08f-4032-8dbc-585c0d8e1d6b', 'company_id': '1829a9eb-7df2-4a31-afcf-7e50a514da7e', 'number': 'TEST-BILL-vc-create-c0805b', 'contact_id': None, ...}
E   assert 300.0 &lt; 0.01
E    +  where 300.0 = abs((1000.0 - 700.0))</failure></testcase><testcase classname="tests.test_credit_patch_autoapply.TestVendorCreditCreate" name="test_create_full_amount_marks_paid" time="1.766"><failure message="assert 500.0 &lt; 0.01">tests/test_credit_patch_autoapply.py:166: in test_create_full_amount_marks_paid
    assert b["balance_due"] &lt; 0.01
E   assert 500.0 &lt; 0.01</failure></testcase><testcase classname="tests.test_credit_patch_autoapply.TestVendorCreditPatchRelink" name="test_patch_relink_bill_a_to_bill_b" time="2.065"><failure message="assert 300.0 &lt; 0.01&#10; +  where 300.0 = abs((1000.0 - 700.0))">tests/test_credit_patch_autoapply.py:178: in test_patch_relink_bill_a_to_bill_b
    assert abs(a0["balance_due"] - 700.0) &lt; 0.01
E   assert 300.0 &lt; 0.01
E    +  where 300.0 = abs((1000.0 - 700.0))</failure></testcase><testcase classname="tests.test_credit_patch_autoapply.TestVendorCreditPatchRelink" name="test_patch_clear_link_reverses_only" time="2.591" /><testcase classname="tests.test_credit_patch_autoapply.TestVendorCreditPatchAmount" name="test_amount_increase_reduces_balance_more" time="1.972"><failure message="AssertionError: {'id': '3e962a07-d695-4a71-9bbb-5d3fa41cebf4', 'company_id': '1829a9eb-7df2-4a31-afcf-7e50a514da7e', 'number': 'TEST-BILL-vc-amt-up-be5299', 'contact_id': None, ...}&#10;assert 500.0 &lt; 0.01&#10; +  where 500.0 = abs((1000.0 - 500.0))">tests/test_credit_patch_autoapply.py:219: in test_amount_increase_reduces_balance_more
    assert abs(b["balance_due"] - 500.0) &lt; 0.01, b
E   AssertionError: {'id': '3e962a07-d695-4a71-9bbb-5d3fa41cebf4', 'company_id': '1829a9eb-7df2-4a31-afcf-7e50a514da7e', 'number': 'TEST-BILL-vc-amt-up-be5299', 'contact_id': None, ...}
E   assert 500.0 &lt; 0.01
E    +  where 500.0 = abs((1000.0 - 500.0))</failure></testcase><testcase classname="tests.test_credit_patch_autoapply.TestVendorCreditPatchAmount" name="test_amount_decrease_restores_balance" time="1.860"><failure message="AssertionError: {'id': '0d28c3ce-c7fa-40dc-b07c-25737deafa8e', 'company_id': '1829a9eb-7df2-4a31-afcf-7e50a514da7e', 'number': 'TEST-BILL-vc-amt-dn-b9f674', 'contact_id': None, ...}&#10;assert 100.0 &lt; 0.01&#10; +  where 100.0 = abs((1000.0 - 900.0))">tests/test_credit_patch_autoapply.py:228: in test_amount_decrease_restores_balance
    assert abs(b["balance_due"] - 900.0) &lt; 0.01, b
E   AssertionError: {'id': '0d28c3ce-c7fa-40dc-b07c-25737deafa8e', 'company_id': '1829a9eb-7df2-4a31-afcf-7e50a514da7e', 'number': 'TEST-BILL-vc-amt-dn-b9f674', 'contact_id': None, ...}
E   assert 100.0 &lt; 0.01
E    +  where 100.0 = abs((1000.0 - 900.0))</failure></testcase><testcase classname="tests.test_credit_patch_autoapply.TestVendorCreditPatchAmount" name="test_amount_to_full_marks_paid" time="1.550"><failure message="assert 1000.0 &lt; 0.01">tests/test_credit_patch_autoapply.py:236: in test_amount_to_full_marks_paid
    assert b["balance_due"] &lt; 0.01
E   assert 1000.0 &lt; 0.01</failure></testcase><testcase classname="tests.test_credit_patch_autoapply.TestVendorCreditPatchIdempotent" name="test_noop_patch_does_not_double_apply" time="1.552" /><testcase classname="tests.test_credit_patch_autoapply.TestVendorCreditPatchIdempotent" name="test_repeat_noop_patch_twice" time="2.292"><failure message="AssertionError: {'id': '2db2a1fa-332c-44ff-96a4-79355f4f2e5c', 'company_id': '1829a9eb-7df2-4a31-afcf-7e50a514da7e', 'number': 'TEST-BILL-vc-idem2-6a3585', 'contact_id': None, ...}&#10;assert 200.0 &lt; 0.01&#10; +  where 200.0 = abs((800.0 - 600.0))">tests/test_credit_patch_autoapply.py:260: in test_repeat_noop_patch_twice
    assert abs(b["balance_due"] - 600.0) &lt; 0.01, b
E   AssertionError: {'id': '2db2a1fa-332c-44ff-96a4-79355f4f2e5c', 'company_id': '1829a9eb-7df2-4a31-afcf-7e50a514da7e', 'number': 'TEST-BILL-vc-idem2-6a3585', 'contact_id': None, ...}
E   assert 200.0 &lt; 0.01
E    +  where 200.0 = abs((800.0 - 600.0))</failure></testcase><testcase classname="tests.test_credit_patch_autoapply.TestVendorCreditDeleteAndUnlink" name="test_delete_reverses_bill" time="1.590" /><testcase classname="tests.test_credit_patch_autoapply.TestVendorCreditDeleteAndUnlink" name="test_manual_unlink_endpoint" time="1.557" /><testcase classname="tests.test_credit_patch_autoapply.TestCreditMemoCreate" name="test_create_with_link_decrements_invoice" time="1.570"><failure message="AssertionError: {'id': '6a2a35c5-c559-49c6-89eb-c83be85de6f7', 'company_id': '1829a9eb-7df2-4a31-afcf-7e50a514da7e', 'number': 'TEST-INV-cm-create-27ead0', 'contact_id': None, ...}&#10;assert 300.0 &lt; 0.01&#10; +  where 300.0 = abs((1000.0 - 700.0))">tests/test_credit_patch_autoapply.py:292: in test_create_with_link_decrements_invoice
    assert abs(i["balance_due"] - 700.0) &lt; 0.01, i
E   AssertionError: {'id': '6a2a35c5-c559-49c6-89eb-c83be85de6f7', 'company_id': '1829a9eb-7df2-4a31-afcf-7e50a514da7e', 'number': 'TEST-INV-cm-create-27ead0', 'contact_id': None, ...}
E   assert 300.0 &lt; 0.01
E    +  where 300.0 = abs((1000.0 - 700.0))</failure></testcase><testcase classname="tests.test_credit_patch_autoapply.TestCreditMemoPatchRelink" name="test_relink_invoice_a_to_b" time="1.958"><failure message="AssertionError: {'id': '87eeaa59-c310-4399-991d-5a27ac3f125a', 'company_id': '1829a9eb-7df2-4a31-afcf-7e50a514da7e', 'number': 'TEST-INV-cm-B-cce640', 'contact_id': None, ...}&#10;assert 300.0 &lt; 0.01&#10; +  where 300.0 = abs((1000.0 - 700.0))">tests/test_credit_patch_autoapply.py:310: in test_relink_invoice_a_to_b
    assert abs(b["balance_due"] - 700.0) &lt; 0.01, b
E   AssertionError: {'id': '87eeaa59-c310-4399-991d-5a27ac3f125a', 'company_id': '1829a9eb-7df2-4a31-afcf-7e50a514da7e', 'number': 'TEST-INV-cm-B-cce640', 'contact_id': None, ...}
E   assert 300.0 &lt; 0.01
E    +  where 300.0 = abs((1000.0 - 700.0))</failure></testcase><testcase classname="tests.test_credit_patch_autoapply.TestCreditMemoPatchRelink" name="test_clear_link_reverses_only" time="1.565" /><testcase classname="tests.test_credit_patch_autoapply.TestCreditMemoPatchAmount" name="test_amount_increase" time="1.876"><failure message="AssertionError: {'id': '02e32725-8844-4bac-ab1f-9fec0bc2ab98', 'company_id': '1829a9eb-7df2-4a31-afcf-7e50a514da7e', 'number': 'TEST-INV-cm-amt-up-3ace11', 'contact_id': None, ...}&#10;assert 500.0 &lt; 0.01&#10; +  where 500.0 = abs((1000.0 - 500.0))">tests/test_credit_patch_autoapply.py:331: in test_amount_increase
    assert abs(i["balance_due"] - 500.0) &lt; 0.01, i
E   AssertionError: {'id': '02e32725-8844-4bac-ab1f-9fec0bc2ab98', 'company_id': '1829a9eb-7df2-4a31-afcf-7e50a514da7e', 'number': 'TEST-INV-cm-amt-up-3ace11', 'contact_id': None, ...}
E   assert 500.0 &lt; 0.01
E    +  where 500.0 = abs((1000.0 - 500.0))</failure></testcase><testcase classname="tests.test_credit_patch_autoapply.TestCreditMemoPatchAmount" name="test_amount_decrease" time="1.616"><failure message="AssertionError: {'id': '2ba3cadf-2e26-4dca-854d-83dfede2caf7', 'company_id': '1829a9eb-7df2-4a31-afcf-7e50a514da7e', 'number': 'TEST-INV-cm-amt-dn-4832cc', 'contact_id': None, ...}&#10;assert 100.0 &lt; 0.01&#10; +  where 100.0 = abs((1000.0 - 900.0))">tests/test_credit_patch_autoapply.py:338: in test_amount_decrease
    assert abs(i["balance_due"] - 900.0) &lt; 0.01, i
E   AssertionError: {'id': '2ba3cadf-2e26-4dca-854d-83dfede2caf7', 'company_id': '1829a9eb-7df2-4a31-afcf-7e50a514da7e', 'number': 'TEST-INV-cm-amt-dn-4832cc', 'contact_id': None, ...}
E   assert 100.0 &lt; 0.01
E    +  where 100.0 = abs((1000.0 - 900.0))</failure></testcase><testcase classname="tests.test_credit_patch_autoapply.TestCreditMemoPatchAmount" name="test_amount_to_full_marks_paid" time="1.742"><failure message="assert 1000.0 &lt; 0.01">tests/test_credit_patch_autoapply.py:345: in test_amount_to_full_marks_paid
    assert i["balance_due"] &lt; 0.01
E   assert 1000.0 &lt; 0.01</failure></testcase><testcase classname="tests.test_credit_patch_autoapply.TestCreditMemoPatchIdempotent" name="test_noop_patch" time="1.729" /><testcase classname="tests.test_credit_patch_autoapply.TestCreditMemoDeleteAndUnlink" name="test_delete_reverses_invoice" time="1.452" /><testcase classname="tests.test_credit_patch_autoapply.TestCreditMemoDeleteAndUnlink" name="test_manual_unlink_endpoint" time="1.610" /></testsuite></testsuites>