<?xml version="1.0" encoding="utf-8"?><testsuites name="pytest tests"><testsuite name="pytest" errors="0" failures="0" skipped="0" tests="9" time="2.160" timestamp="2026-08-02T02:59:03.753990+00:00" hostname="agent-env-0c1de1d2-6552-4616-ac96-0653f7e53686"><testcase classname="tests.test_inventory_tier2" name="test_create_tracked_item" time="0.620" /><testcase classname="tests.test_inventory_tier2" name="test_bill_inventory_hook_weighted_average" time="0.141" /><testcase classname="tests.test_inventory_tier2" name="test_invoice_cogs_hook" time="0.098" /><testcase classname="tests.test_inventory_tier2" name="test_negative_qoh_warning" time="0.097" /><testcase classname="tests.test_inventory_tier2" name="test_manual_adjustment" time="0.189" /><testcase classname="tests.test_inventory_tier2" name="test_valuation_report" time="0.046" /><testcase classname="tests.test_inventory_tier2" name="test_bill_delete_reversal" time="0.195" /><testcase classname="tests.test_inventory_tier2" name="test_invoice_delete_delta_reversal" time="0.148" /><testcase classname="tests.test_inventory_tier2" name="test_draft_bill_does_not_commit" time="0.270" /></testsuite></testsuites>