<?xml version="1.0" encoding="utf-8"?><testsuites name="pytest tests"><testsuite name="pytest" errors="0" failures="0" skipped="0" tests="10" time="1.617" timestamp="2026-07-31T11:21:40.485222+00:00" hostname="agent-env-0c1de1d2-6552-4616-ac96-0653f7e53686"><testcase classname="tests.test_items_and_sales_reports.TestItemsCRUD" name="test_create_item" time="0.514" /><testcase classname="tests.test_items_and_sales_reports.TestItemsCRUD" name="test_duplicate_name_409" time="0.047" /><testcase classname="tests.test_items_and_sales_reports.TestItemsCRUD" name="test_list_sorted" time="0.107" /><testcase classname="tests.test_items_and_sales_reports.TestItemsCRUD" name="test_patch_price_and_active" time="0.092" /><testcase classname="tests.test_items_and_sales_reports.TestItemsCRUD" name="test_patch_rename_conflict_409" time="0.084" /><testcase classname="tests.test_items_and_sales_reports.TestSalesReports" name="test_create_invoice_with_item_link" time="0.211" /><testcase classname="tests.test_items_and_sales_reports.TestSalesReports" name="test_sales_by_item" time="0.048" /><testcase classname="tests.test_items_and_sales_reports.TestSalesReports" name="test_sales_by_category" time="0.045" /><testcase classname="tests.test_items_and_sales_reports.TestSalesReports" name="test_excludes_draft" time="0.187" /><testcase classname="tests.test_items_and_sales_reports" name="test_zzz_cleanup" time="0.224" /></testsuite></testsuites>