<?xml version="1.0" encoding="utf-8"?><testsuites name="pytest tests"><testsuite name="pytest" errors="0" failures="0" skipped="0" tests="10" time="3.264" timestamp="2026-07-31T12:19:42.926155+00:00" hostname="agent-env-0c1de1d2-6552-4616-ac96-0653f7e53686"><testcase classname="tests.test_items_usage_filter" name="test_create_defaults_usage_to_sales" time="0.502" /><testcase classname="tests.test_items_usage_filter" name="test_create_explicit_purchases" time="0.054" /><testcase classname="tests.test_items_usage_filter" name="test_create_explicit_both" time="0.050" /><testcase classname="tests.test_items_usage_filter" name="test_list_filter_sales_includes_sales_and_both" time="0.210" /><testcase classname="tests.test_items_usage_filter" name="test_list_filter_purchases_includes_purchases_and_both" time="0.220" /><testcase classname="tests.test_items_usage_filter" name="test_list_no_filter_has_usage_backfilled" time="0.054" /><testcase classname="tests.test_items_usage_filter" name="test_patch_invalid_usage_returns_400" time="0.113" /><testcase classname="tests.test_items_usage_filter" name="test_patch_usage_sales_to_purchases_flips_filter" time="0.292" /><testcase classname="tests.test_items_usage_filter" name="test_csv_import_explicit_usage_column" time="0.817" /><testcase classname="tests.test_items_usage_filter" name="test_csv_import_infers_usage_from_accounts" time="0.888" /></testsuite></testsuites>