<?xml version="1.0" encoding="utf-8"?><testsuites name="pytest tests"><testsuite name="pytest" errors="0" failures="0" skipped="0" tests="10" time="2.785" timestamp="2026-07-31T11:46:31.698861+00:00" hostname="agent-env-0c1de1d2-6552-4616-ac96-0653f7e53686"><testcase classname="tests.test_items_import_and_bills.TestImportBasic" name="test_import_csv_column_aliases_and_create" time="0.794" /><testcase classname="tests.test_items_import_and_bills.TestImportBasic" name="test_auto_created_accounts_present" time="0.057" /><testcase classname="tests.test_items_import_and_bills.TestImportBasic" name="test_idempotent_reimport_updates" time="0.120" /><testcase classname="tests.test_items_import_and_bills.TestImportBasic" name="test_no_name_column_rejected" time="0.055" /><testcase classname="tests.test_items_import_and_bills.TestImportBasic" name="test_update_existing_false_skips" time="0.113" /><testcase classname="tests.test_items_import_and_bills.TestImportExcel" name="test_import_xlsx" time="0.466" /><testcase classname="tests.test_items_import_and_bills.TestItemExpenseAccount" name="test_create_item_with_expense_account_id_only" time="0.117" /><testcase classname="tests.test_items_import_and_bills.TestItemExpenseAccount" name="test_patch_expense_account_backfills_name" time="0.111" /><testcase classname="tests.test_items_import_and_bills.TestBillLineExpenseAccount" name="test_create_bill_with_item_flows_expense_account" time="0.273" /><testcase classname="tests.test_items_import_and_bills" name="test_zzz_cleanup" time="0.595" /></testsuite></testsuites>