<?xml version="1.0" encoding="utf-8"?><testsuites name="pytest tests"><testsuite name="pytest" errors="0" failures="0" skipped="0" tests="8" time="3.339" timestamp="2026-07-31T14:02:56.164174+00:00" hostname="agent-env-0c1de1d2-6552-4616-ac96-0653f7e53686"><testcase classname="tests.test_iter64_link_cascade.TestInvoiceDeleteCascade" name="test_invoice_delete_cascades_payment_and_clears_txn" time="0.976" /><testcase classname="tests.test_iter64_link_cascade.TestInvoiceDeleteCascade" name="test_invoice_delete_no_payments_returns_zero" time="0.126" /><testcase classname="tests.test_iter64_link_cascade.TestBillDeleteCascade" name="test_bill_delete_cascades_payment_and_clears_txn" time="0.693" /><testcase classname="tests.test_iter64_link_cascade.TestBillDeleteCascade" name="test_bill_delete_no_payments_returns_zero" time="0.124" /><testcase classname="tests.test_iter64_link_cascade.TestBillDeleteCascade" name="test_bill_delete_reflected_in_purchases_by_category" time="0.261" /><testcase classname="tests.test_iter64_link_cascade.TestTransactionDeleteCascade" name="test_txn_delete_reverses_invoice_payment" time="0.540" /><testcase classname="tests.test_iter64_link_cascade.TestTransactionDeleteCascade" name="test_txn_delete_reverses_bill_payment" time="0.431" /><testcase classname="tests.test_iter64_link_cascade.TestTransactionDeleteCascade" name="test_txn_delete_no_payment_returns_zero" time="0.124" /></testsuite></testsuites>