<?xml version="1.0" encoding="utf-8"?><testsuites name="pytest tests"><testsuite name="pytest" errors="30" failures="97" skipped="2" tests="379" time="112.717" timestamp="2026-07-18T12:41:33.240771+00:00" hostname="agent-env-0c1de1d2-6552-4616-ac96-0653f7e53686"><testcase classname="tests.test_merchant_rules_vs_rocketbooks" name="test_spot_check[MCDONALD'S-6000-Fast food]" time="0.001" /><testcase classname="tests.test_pfc_mapping" name="test_no_duplicate_pfc_detailed_keys" time="0.001" /><testcase classname="tests.test_merchant_rules_vs_rocketbooks" name="test_spot_check[STARBUCKS STORE #1234-6000-Coffee]" time="0.000" /><testcase classname="tests.test_merchant_rules_vs_rocketbooks" name="test_spot_check[Olive Garden-6000-Restaurant]" time="0.000" /><testcase classname="tests.test_merchant_rules_vs_rocketbooks" name="test_spot_check[CHECKCARD 07/12 CHICK-FIL-A #123 SPARKS NV-6000-Fast food]" time="0.000" /><testcase classname="tests.test_merchant_rules_vs_rocketbooks" name="test_spot_check[SHELL OIL 12345678-6120-Fuel]" time="0.000" /><testcase classname="tests.test_merchant_rules_vs_rocketbooks" name="test_spot_check[COSTCO GAS-6120-Fuel]" time="0.000" /><testcase classname="tests.test_merchant_rules_vs_rocketbooks" name="test_spot_check[AT&amp;T PAYMENT-6600-telecom]" time="0.000" /><testcase classname="tests.test_merchant_rules_vs_rocketbooks" name="test_spot_check[ATT DES:PAYMENT ID:XXXX-6600-telecom]" time="0.000" /><testcase classname="tests.test_pfc_mapping" name="test_every_personal_row_has_equity_kind" time="0.000" /><testcase classname="tests.test_pfc_mapping" name="test_personal_draws_route_to_3300_or_contributions_to_3400" time="0.003" /><testcase classname="tests.test_pfc_mapping" name="test_business_expenses_have_expense_code" time="0.000" /><testcase classname="tests.test_pfc_mapping" name="test_liability_paydown_hits_2xxx" time="0.000" /><testcase classname="tests.test_pfc_mapping" name="test_spot_check_mapping[FOOD_AND_DRINK_RESTAURANT-6000-business_expense]" time="0.000" /><testcase classname="tests.test_merchant_rules_vs_rocketbooks" name="test_spot_check[NV ENERGY NORTH DES:SPPC PYMT-6600-Electric]" time="0.000" /><testcase classname="tests.test_pfc_mapping" name="test_spot_check_mapping[FOOD_AND_DRINK_FAST_FOOD-6000-business_expense]" time="0.000" /><testcase classname="tests.test_merchant_rules_vs_rocketbooks" name="test_spot_check[NEW YORK LIFE INS. PREM.-6400-Life insurance]" time="0.000" /><testcase classname="tests.test_merchant_rules_vs_rocketbooks" name="test_spot_check[TRUPANION DES:12345-6400-Pet insurance]" time="0.000" /><testcase classname="tests.test_merchant_rules_vs_rocketbooks" name="test_spot_check[WALMART SUPERCENTER-6800-Big-box]" time="0.000" /><testcase classname="tests.test_pfc_mapping" name="test_spot_check_mapping[FOOD_AND_DRINK_COFFEE-6000-business_expense]" time="0.000" /><testcase classname="tests.test_merchant_rules_vs_rocketbooks" name="test_spot_check[COSTCO WHSE #123-6800-Wholesale]" time="0.000" /><testcase classname="tests.test_merchant_rules_vs_rocketbooks" name="test_spot_check[AMAZON.COM*ABC123-6800-Online retail]" time="0.000" /><testcase classname="tests.test_pfc_mapping" name="test_spot_check_mapping[FOOD_AND_DRINK_BEER_WINE_AND_LIQUOR-6000-business_expense]" time="0.000" /><testcase classname="tests.test_pfc_mapping" name="test_spot_check_mapping[FOOD_AND_DRINK_GROCERIES-3300-personal]" time="0.000" /><testcase classname="tests.test_merchant_rules_vs_rocketbooks" name="test_spot_check[HOME DEPOT #405-6900-Home improvement]" time="0.000" /><testcase classname="tests.test_merchant_rules_vs_rocketbooks" name="test_spot_check[STAPLES 07/15-6300-Office]" time="0.000" /><testcase classname="tests.test_pfc_mapping" name="test_spot_check_mapping[RENT_AND_UTILITIES_GAS_AND_ELECTRICITY-6600-business_expense]" time="0.000" /><testcase classname="tests.test_merchant_rules_vs_rocketbooks" name="test_spot_check[BEST BUY 07/15-6300-Electronics]" time="0.000" /><testcase classname="tests.test_pfc_mapping" name="test_spot_check_mapping[RENT_AND_UTILITIES_INTERNET_AND_CABLE-6600-business_expense]" time="0.000" /><testcase classname="tests.test_merchant_rules_vs_rocketbooks" name="test_spot_check[NETFLIX.COM-6250-Streaming]" time="0.000" /><testcase classname="tests.test_merchant_rules_vs_rocketbooks" name="test_spot_check[SPI*DIRECTV SERVICE-6250-TV subscription]" time="0.000" /><testcase classname="tests.test_pfc_mapping" name="test_spot_check_mapping[RENT_AND_UTILITIES_TELEPHONE-6600-business_expense]" time="0.000" /><testcase classname="tests.test_pfc_mapping" name="test_spot_check_mapping[RENT_AND_UTILITIES_RENT-6700-business_expense]" time="0.000" /><testcase classname="tests.test_merchant_rules_vs_rocketbooks" name="test_spot_check[GALAXY THEATRE LEGENDS SPARKS NV-6250-Entertainment subscription]" time="0.000" /><testcase classname="tests.test_merchant_rules_vs_rocketbooks" name="test_spot_check[FACEBOOK ADS-6200-Advertising]" time="0.000" /><testcase classname="tests.test_pfc_mapping" name="test_spot_check_mapping[TRANSPORTATION_GAS-6120-business_expense]" time="0.000" /><testcase classname="tests.test_merchant_rules_vs_rocketbooks" name="test_spot_check[GUSTO PAYROLL-7200-Payroll]" time="0.000" /><testcase classname="tests.test_pfc_mapping" name="test_spot_check_mapping[TRANSPORTATION_TAXIS_AND_RIDE_SHARES-6120-business_expense]" time="0.000" /><testcase classname="tests.test_merchant_rules_vs_rocketbooks" name="test_spot_check[CAPITAL ONE DES:MOBILE PMT ID:XXXX-2100-CC paydown]" time="0.000" /><testcase classname="tests.test_merchant_rules_vs_rocketbooks" name="test_spot_check[CITI CARD ONLINE PAYMENT-2100-CC paydown]" time="0.000" /><testcase classname="tests.test_pfc_mapping" name="test_spot_check_mapping[TRAVEL_FLIGHTS-6100-business_expense]" time="0.000" /><testcase classname="tests.test_merchant_rules_vs_rocketbooks" name="test_spot_check[ROCKET MORTGAGE LOAN-2500-Mortgage]" time="0.000" /><testcase classname="tests.test_merchant_rules_vs_rocketbooks" name="test_spot_check[AUDI FINCL, TEL. DES:WEB DEBIT-2500-Auto loan]" time="0.000" /><testcase classname="tests.test_pfc_mapping" name="test_spot_check_mapping[TRAVEL_LODGING-6100-business_expense]" time="0.000" /><testcase classname="tests.test_pfc_mapping" name="test_spot_check_mapping[LOAN_PAYMENTS_CREDIT_CARD_PAYMENT-2100-liability_paydown]" time="0.000" /><testcase classname="tests.test_pfc_mapping" name="test_spot_check_mapping[LOAN_PAYMENTS_MORTGAGE_PAYMENT-2500-liability_paydown]" time="0.001" /><testcase classname="tests.test_pfc_mapping" name="test_spot_check_mapping[LOAN_PAYMENTS_CAR_PAYMENT-2500-liability_paydown]" time="0.000" /><testcase classname="tests.test_merchant_rules_vs_rocketbooks" name="test_spot_check[MERCEDES-BENZ FIN PAYMENT-2500-Auto loan]" time="0.000" /><testcase classname="tests.test_merchant_rules_vs_rocketbooks" name="test_spot_check[MONTHLY MAINTENANCE FEE-7000-Bank fee]" time="0.000" /><testcase classname="tests.test_merchant_rules_vs_rocketbooks" name="test_spot_check[OVERDRAFT ITEM FEE-7000-Bank fee]" time="0.000" /><testcase classname="tests.test_pfc_mapping" name="test_spot_check_mapping[LOAN_DISBURSEMENTS_MORTGAGE-2500-liability_increase]" time="0.000" /><testcase classname="tests.test_pfc_mapping" name="test_spot_check_mapping[BANK_FEES_OVERDRAFT_FEES-7000-business_expense]" time="0.000" /><testcase classname="tests.test_pfc_mapping" name="test_spot_check_mapping[INCOME_INTEREST_EARNED-4200-business_income]" time="0.000" /><testcase classname="tests.test_pfc_mapping" name="test_spot_check_mapping[TRANSFER_IN_TRANSFER_IN_FROM_APPS-4999-transfer_review]" time="0.000" /><testcase classname="tests.test_pfc_mapping" name="test_spot_check_mapping[TRANSFER_OUT_WIRE-6999-transfer_review]" time="0.001" /><testcase classname="tests.test_merchant_rules_vs_rocketbooks" name="test_spot_check[WIRE TRANSFER FEE-7000-Bank fee]" time="0.000" /><testcase classname="tests.test_merchant_rules_vs_rocketbooks" name="test_spot_check[Interest Earned-4200-Interest]" time="0.000" /><testcase classname="tests.test_merchant_rules_vs_rocketbooks" name="test_transfer_detection[Online Banking transfer to CHK 6278 Confirmation# XXXXX28270-True]" time="0.000" /><testcase classname="tests.test_merchant_rules_vs_rocketbooks" name="test_transfer_detection[Online Banking transfer from CHK 9917 Confirmation# XXXXX57663-True]" time="0.000" /><testcase classname="tests.test_merchant_rules_vs_rocketbooks" name="test_transfer_detection[WELLS FARGO IFI DES:DDA TO DDA ID:F20YD7QSVT-True]" time="0.000" /><testcase classname="tests.test_merchant_rules_vs_rocketbooks" name="test_transfer_detection[TRANSFER TO ACCT 1234-True]" time="0.000" /><testcase classname="tests.test_merchant_rules_vs_rocketbooks" name="test_transfer_detection[TFR FROM SAV-True]" time="0.000" /><testcase classname="tests.test_merchant_rules_vs_rocketbooks" name="test_transfer_detection[Zelle payment to Kevin Petersen Conf# xxx-False]" time="0.000" /><testcase classname="tests.test_pfc_mapping" name="test_spot_check_mapping[TRANSFER_IN_ACCOUNT_TRANSFER-1010-asset_movement]" time="0.000" /><testcase classname="tests.test_merchant_rules_vs_rocketbooks" name="test_transfer_detection[Venmo Cashout-False]" time="0.000" /><testcase classname="tests.test_pfc_mapping" name="test_spot_check_mapping[MEDICAL_PRIMARY_CARE-3300-personal]" time="0.000" /><testcase classname="tests.test_pfc_mapping" name="test_spot_check_mapping[PERSONAL_CARE_GYMS_AND_FITNESS_CENTERS-3300-personal]" time="0.000" /><testcase classname="tests.test_merchant_rules_vs_rocketbooks" name="test_transfer_detection[STARBUCKS-False]" time="0.000" /><testcase classname="tests.test_pfc_mapping" name="test_spot_check_mapping[GENERAL_MERCHANDISE_CLOTHING_AND_ACCESSORIES-3300-personal]" time="0.001" /><testcase classname="tests.test_merchant_rules_vs_rocketbooks" name="test_transfer_detection[-False]" time="0.000" /><testcase classname="tests.test_pfc_mapping" name="test_spot_check_mapping[HOME_IMPROVEMENT_HARDWARE-3300-personal]" time="0.000" /><testcase classname="tests.test_pfc_mapping" name="test_spot_check_mapping[ENTERTAINMENT_CASINOS_AND_GAMBLING-3300-personal]" time="0.000" /><testcase classname="tests.test_merchant_rules_vs_rocketbooks" name="test_transfer_detection[None-False]" time="0.000" /><testcase classname="tests.test_merchant_rules_vs_rocketbooks" name="test_transfer_bypasses_rules_lookup" time="0.000" /><testcase classname="tests.test_merchant_rules_vs_rocketbooks" name="test_baseline_rule_coverage_vs_rocketbooks" time="0.000"><skipped type="pytest.skip" message="Rocketbooks baseline CSV not present">/app/backend/tests/test_merchant_rules_vs_rocketbooks.py:63: Rocketbooks baseline CSV not present</skipped></testcase><testcase classname="tests.test_pfc_mapping" name="test_spot_check_mapping[GENERAL_SERVICES_INSURANCE-6400-business_expense]" time="0.000" /><testcase classname="tests.test_pfc_mapping" name="test_spot_check_mapping[GENERAL_MERCHANDISE_SUPERSTORES-6800-business_expense]" time="0.000" /><testcase classname="tests.test_pfc_mapping" name="test_spot_check_mapping[GENERAL_MERCHANDISE_ELECTRONICS-6300-business_expense]" time="0.000" /><testcase classname="tests.test_pfc_mapping" name="test_reviewed_by_default_split[business_expense-True]" time="0.000" /><testcase classname="tests.test_iter27_refactor_smoke" name="test_health" time="0.383" /><testcase classname="tests.test_pfc_mapping" name="test_reviewed_by_default_split[business_income-True]" time="0.000" /><testcase classname="tests.test_pfc_mapping" name="test_reviewed_by_default_split[personal-True]" time="0.000" /><testcase classname="tests.test_pfc_mapping" name="test_reviewed_by_default_split[liability_paydown-True]" time="0.000" /><testcase classname="tests.test_pfc_mapping" name="test_reviewed_by_default_split[liability_increase-True]" time="0.000" /><testcase classname="tests.test_pfc_mapping" name="test_reviewed_by_default_split[asset_movement-False]" time="0.000" /><testcase classname="tests.test_pfc_mapping" name="test_reviewed_by_default_split[transfer_review-False]" time="0.000" /><testcase classname="tests.test_pfc_mapping" name="test_reviewed_by_default_split[uncategorized-False]" time="0.000" /><testcase classname="tests.test_pfc_mapping" name="test_get_pfc_mapping_none_on_unknown" time="0.000" /><testcase classname="tests.test_pfc_mapping" name="test_pfc_question_shape" time="0.000" /><testcase classname="tests.test_iter27_refactor_smoke" name="test_ready" time="0.097" /><testcase classname="tests.backend_test" name="test_report_json[income-statement]" time="0.794" /><testcase classname="tests.test_iter27_refactor_smoke" name="test_auth_me" time="0.414" /><testcase classname="tests.backend_test" name="test_report_json[balance-sheet]" time="0.099" /><testcase classname="tests.test_iter27_refactor_smoke" name="test_companies" time="0.105" /><testcase classname="tests.backend_test" name="test_report_json[trial-balance]" time="0.101" /><testcase classname="tests.test_iter27_refactor_smoke" name="test_company_endpoints[/accounts]" time="0.097" /><testcase classname="tests.backend_test" name="test_report_json[general-ledger]" time="0.109" /><testcase classname="tests.test_iter27_refactor_smoke" name="test_company_endpoints[/transactions]" time="0.136" /><testcase classname="tests.backend_test" name="test_report_json[cash-flow]" time="0.116" /><testcase classname="tests.backend_test" name="test_report_pdf[income-statement]" time="0.155" /><testcase classname="tests.test_iter27_refactor_smoke" name="test_company_endpoints[/contacts]" time="0.103" /><testcase classname="tests.test_iter27_refactor_smoke" name="test_company_endpoints[/rules]" time="0.131" /><testcase classname="tests.backend_test" name="test_report_pdf[balance-sheet]" time="0.097" /><testcase classname="tests.test_iter27_refactor_smoke" name="test_company_endpoints[/invoices]" time="0.104" /><testcase classname="tests.backend_test" name="test_report_pdf[trial-balance]" time="0.130" /><testcase classname="tests.test_iter27_refactor_smoke" name="test_company_endpoints[/bills]" time="0.091" /><testcase classname="tests.backend_test" name="test_report_pdf[general-ledger]" time="0.106" /><testcase classname="tests.test_iter27_refactor_smoke" name="test_company_endpoints[/dashboard/metrics]" time="0.092" /><testcase classname="tests.backend_test" name="test_report_pdf[cash-flow]" time="0.107" /><testcase classname="tests.test_iter27_refactor_smoke" name="test_company_endpoints[/dashboard/attention]" time="0.092" /><testcase classname="tests.backend_test" name="test_list_endpoints[contacts]" time="0.113" /><testcase classname="tests.test_iter27_refactor_smoke" name="test_company_endpoints[/reports/balance-sheet]" time="0.115" /><testcase classname="tests.backend_test" name="test_list_endpoints[invoices]" time="0.103" /><testcase classname="tests.test_iter27_refactor_smoke" name="test_company_endpoints[/reports/income-statement]" time="0.097" /><testcase classname="tests.backend_test" name="test_list_endpoints[bills]" time="0.096" /><testcase classname="tests.test_iter27_refactor_smoke" name="test_company_endpoints[/reports/trial-balance]" time="0.115" /><testcase classname="tests.backend_test" name="test_list_endpoints[payments]" time="0.124" /><testcase classname="tests.test_iter27_refactor_smoke" name="test_company_endpoints[/reports/general-ledger]" time="0.174" /><testcase classname="tests.backend_test" name="test_list_endpoints[receipts]" time="0.135" /><testcase classname="tests.test_iter27_refactor_smoke" name="test_company_endpoints[/reports/cash-flow]" time="0.102" /><testcase classname="tests.backend_test" name="test_list_endpoints[journal-entries]" time="0.099" /><testcase classname="tests.test_iter27_refactor_smoke" name="test_account_detail" time="0.115" /><testcase classname="tests.backend_test" name="test_list_endpoints[inventory]" time="0.094" /><testcase classname="tests.test_iter27_refactor_smoke" name="test_pro_clients" time="0.132" /><testcase classname="tests.backend_test" name="test_list_endpoints[assets]" time="0.092" /><testcase classname="tests.backend_test" name="test_list_endpoints[loans]" time="0.102" /><testcase classname="tests.test_iter27_refactor_smoke" name="test_pro_firm_attention" time="0.118" /><testcase classname="tests.backend_test" name="test_list_endpoints[tags]" time="0.095" /><testcase classname="tests.test_iter27_refactor_smoke" name="test_ai_diagnose" time="0.150" /><testcase classname="tests.backend_test" name="test_list_endpoints[reconciliations]" time="2.151" /><testcase classname="tests.test_iter27_refactor_smoke" name="test_balance_sheet_has_citi" time="2.170" /><testcase classname="tests.backend_test" name="test_list_endpoints[book-reviews]" time="0.158" /><testcase classname="tests.test_iter27_refactor_smoke" name="test_patch_transaction_category" time="0.475" /><testcase classname="tests.backend_test" name="test_list_endpoints[close-periods]" time="0.092" /><testcase classname="tests.test_iter27_refactor_smoke" name="test_journal_entry_post" time="0.302" /><testcase classname="tests.test_iteration8_split_fix" name="test_trial_balance_balanced" time="0.650" /><testcase classname="tests.test_iteration21_no_counterparty_and_scrub" name="test_clean_merchant_name_scrubs_dates_hashes" time="0.000"><failure message="ImportError: cannot import name 'clean_merchant_name' from 'contact_resolver' (/app/backend/contact_resolver.py)">E   ImportError: cannot import name 'clean_merchant_name' from 'contact_resolver' (/app/backend/contact_resolver.py)</failure></testcase><testcase classname="tests.test_iteration21_no_counterparty_and_scrub" name="test_clean_merchant_name_idempotent" time="0.000"><failure message="ImportError: cannot import name 'clean_merchant_name' from 'contact_resolver' (/app/backend/contact_resolver.py)">E   ImportError: cannot import name 'clean_merchant_name' from 'contact_resolver' (/app/backend/contact_resolver.py)</failure></testcase><testcase classname="tests.test_iteration21_no_counterparty_and_scrub" name="test_clean_merchant_name_leaves_real_merchants" time="0.000"><failure message="ImportError: cannot import name 'clean_merchant_name' from 'contact_resolver' (/app/backend/contact_resolver.py)">E   ImportError: cannot import name 'clean_merchant_name' from 'contact_resolver' (/app/backend/contact_resolver.py)</failure></testcase><testcase classname="tests.test_iteration21_no_counterparty_and_scrub" name="test_no_counterparty_pfc_frozenset" time="0.000"><failure message="ImportError: cannot import name 'NO_COUNTERPARTY_PFC' from 'contact_resolver' (/app/backend/contact_resolver.py)">E   ImportError: cannot import name 'NO_COUNTERPARTY_PFC' from 'contact_resolver' (/app/backend/contact_resolver.py)</failure></testcase><testcase classname="tests.test_iteration21_no_counterparty_and_scrub" name="test_no_counterparty_gate_short_circuits_before_fast_path" time="0.001" /><testcase classname="tests.test_iteration21_no_counterparty_and_scrub" name="test_no_counterparty_gate_all_categories" time="0.008"><failure message="AssertionError: PFC TRANSFER_IN should short-circuit&#10;assert '2e7b1888-417f-42b4-9245-841abc271f6e' is None">E   AssertionError: PFC TRANSFER_IN should short-circuit
    assert '2e7b1888-417f-42b4-9245-841abc271f6e' is None</failure></testcase><testcase classname="tests.test_iteration21_no_counterparty_and_scrub" name="test_two_noisy_atm_descs_collapse_to_one_contact" time="0.002"><failure message="AssertionError: expected same contact, got {'contact_id': None, 'contact_name': None, 'source': 'no_counterparty'} vs {'contact_id': None, 'contact_name': None, 'source': 'no_counterparty'}&#10;assert (None)">E   AssertionError: expected same contact, got {'contact_id': None, 'contact_name': None, 'source': 'no_counterparty'} vs {'contact_id': None, 'contact_name': None, 'source': 'no_counterparty'}
    assert (None)</failure></testcase><testcase classname="tests.test_iteration8_split_fix" name="test_balance_sheet_balanced" time="0.095" /><testcase classname="tests.test_iteration21_no_counterparty_and_scrub" name="test_starbucks_dedupe_regression" time="0.004" /><testcase classname="tests.test_iteration21_no_counterparty_and_scrub" name="test_607_contacts_and_txn_counts" time="0.002"><failure message="AssertionError: contacts too low (0); merchant path may be dropping rows&#10;assert 0 &gt;= 200">E   AssertionError: contacts too low (0); merchant path may be dropping rows
    assert 0 &gt;= 200</failure></testcase><testcase classname="tests.test_iteration21_no_counterparty_and_scrub" name="test_607_no_noisy_contact_names" time="0.001" /><testcase classname="tests.test_iteration8_split_fix" name="test_split_rejects_missing_category" time="0.737" /><testcase classname="tests.test_iteration21_no_counterparty_and_scrub" name="test_607_sync_status_api" time="0.501"><skipped type="pytest.skip" message="pro user lacks 607 membership — expected per iter21 note">/app/backend/tests/test_iteration21_no_counterparty_and_scrub.py:212: pro user lacks 607 membership — expected per iter21 note</skipped></testcase><testcase classname="tests.test_iteration8_split_fix" name="test_split_accepts_account_code_and_balances" time="0.763" /><testcase classname="tests.test_iteration9.TestRegressionReports" name="test_endpoints_ok[reports/income-statement]" time="0.362"><error message="failed on setup with &quot;StopIteration&quot;">E   StopIteration</error></testcase><testcase classname="tests.test_iteration9.TestRegressionReports" name="test_endpoints_ok[reports/cash-flow]" time="0.000"><error message="failed on setup with &quot;StopIteration&quot;">E   StopIteration</error></testcase><testcase classname="tests.test_iteration9.TestRegressionReports" name="test_endpoints_ok[reports/sales-tax]" time="0.000"><error message="failed on setup with &quot;StopIteration&quot;">E   StopIteration</error></testcase><testcase classname="tests.test_iteration9.TestRegressionReports" name="test_endpoints_ok[reports/1099-summary]" time="0.000"><error message="failed on setup with &quot;StopIteration&quot;">E   StopIteration</error></testcase><testcase classname="tests.test_iteration9.TestRegressionReports" name="test_endpoints_ok[dashboard/metrics]" time="0.000"><error message="failed on setup with &quot;StopIteration&quot;">E   StopIteration</error></testcase><testcase classname="tests.test_iteration9.TestRegressionReports" name="test_endpoints_ok[transactions]" time="0.000"><error message="failed on setup with &quot;StopIteration&quot;">E   StopIteration</error></testcase><testcase classname="tests.test_iteration9.TestRegressionReports" name="test_endpoints_ok[accounts]" time="0.000"><error message="failed on setup with &quot;StopIteration&quot;">E   StopIteration</error></testcase><testcase classname="tests.test_iteration9.TestRegressionReports" name="test_endpoints_ok[journal-entries]" time="0.000"><error message="failed on setup with &quot;StopIteration&quot;">E   StopIteration</error></testcase><testcase classname="tests.test_iteration9.TestRegressionReports" name="test_endpoints_ok[contacts]" time="0.000"><error message="failed on setup with &quot;StopIteration&quot;">E   StopIteration</error></testcase><testcase classname="tests.test_iteration9.TestRegressionReports" name="test_plaid_link_token" time="0.000"><error message="failed on setup with &quot;StopIteration&quot;">E   StopIteration</error></testcase><testcase classname="tests.test_pfc_resolver" name="test_primary_slot_resolves_food_and_drink_restaurant" time="0.000"><failure message="RuntimeError: Event loop is closed">E   RuntimeError: Event loop is closed</failure></testcase><testcase classname="tests.test_pfc_resolver" name="test_bank_fee_hits_7000" time="0.002"><failure message="RuntimeError: Event loop is closed">E   RuntimeError: Event loop is closed</failure></testcase><testcase classname="tests.test_pfc_resolver" name="test_cc_paydown_hits_2100_liability" time="0.000"><failure message="RuntimeError: Event loop is closed">E   RuntimeError: Event loop is closed</failure></testcase><testcase classname="tests.test_pfc_resolver" name="test_transfer_in_account_transfer_never_resolves_to_bank" time="0.000"><failure message="RuntimeError: Event loop is closed">E   RuntimeError: Event loop is closed</failure></testcase><testcase classname="tests.test_pfc_resolver" name="test_bank_account_being_categorized_skipped_in_override" time="0.001"><failure message="RuntimeError: Event loop is closed">E   RuntimeError: Event loop is closed</failure></testcase><testcase classname="tests.test_pfc_resolver" name="test_override_beats_primary_slot" time="0.000"><failure message="RuntimeError: Event loop is closed">E   RuntimeError: Event loop is closed</failure></testcase><testcase classname="tests.test_pfc_resolver" name="test_override_upsert_is_idempotent" time="0.000"><failure message="RuntimeError: Event loop is closed">E   RuntimeError: Event loop is closed</failure></testcase><testcase classname="tests.test_pfc_resolver" name="test_transfer_in_from_apps_falls_back_to_uncat_income" time="0.000"><failure message="RuntimeError: Event loop is closed">E   RuntimeError: Event loop is closed</failure></testcase><testcase classname="tests.test_pfc_resolver" name="test_transfer_out_wire_falls_back_to_uncat_expense" time="0.000"><failure message="RuntimeError: Event loop is closed">E   RuntimeError: Event loop is closed</failure></testcase><testcase classname="tests.test_pfc_resolver" name="test_unknown_pfc_returns_none" time="0.000"><failure message="RuntimeError: Event loop is closed">E   RuntimeError: Event loop is closed</failure></testcase><testcase classname="tests.test_iter26_account_detail_filters.TestAccountDetailFilters" name="test_base_no_filters" time="0.614" /><testcase classname="tests.test_iter26_account_detail_filters.TestAccountDetailFilters" name="test_q_narrows_or_matches" time="0.202" /><testcase classname="tests.test_iteration8_split_fix" name="test_split_accepts_canonical_category_account_id" time="0.625" /><testcase classname="tests.test_iter26_account_detail_filters.TestAccountDetailFilters" name="test_q_impossible_returns_empty" time="0.126" /><testcase classname="tests.test_iter26_account_detail_filters.TestAccountDetailFilters" name="test_min_amount_filter" time="0.207" /><testcase classname="tests.test_iter26_account_detail_filters.TestAccountDetailFilters" name="test_max_amount_filter" time="0.120" /><testcase classname="tests.test_iteration8_split_fix" name="test_all_reports_200[reports/trial-balance]" time="0.109" /><testcase classname="tests.test_iter26_account_detail_filters.TestAccountDetailFilters" name="test_range_filter" time="0.106" /><testcase classname="tests.test_iteration8_split_fix" name="test_all_reports_200[reports/balance-sheet]" time="0.107" /><testcase classname="tests.test_iter26_account_detail_filters.TestAccountDetailFilters" name="test_contact_id_filter" time="0.315" /><testcase classname="tests.test_iteration8_split_fix" name="test_all_reports_200[reports/income-statement]" time="0.105" /><testcase classname="tests.test_iteration8_split_fix" name="test_all_reports_200[reports/general-ledger?start=2026-01-01&amp;end=2026-12-31]" time="0.109" /><testcase classname="tests.test_iter26_account_detail_filters.TestAccountDetailFilters" name="test_date_range_still_works" time="0.107" /><testcase classname="tests.test_iteration8_split_fix" name="test_all_reports_200[reports/cash-flow]" time="0.103" /><testcase classname="tests.test_iter26_account_detail_filters.TestAccountDetailFilters" name="test_pdf_accepts_new_params" time="0.102" /><testcase classname="tests.test_iteration8_split_fix" name="test_all_reports_200[reports/sales-tax]" time="0.095" /><testcase classname="tests.test_iteration8_split_fix" name="test_all_reports_200[reports/1099-summary]" time="0.101" /><testcase classname="tests.test_iteration11_dedup_fixes" name="test_unique_partial_index_exists_and_enforces" time="0.000"><failure message="RuntimeError: Event loop is closed">E   RuntimeError: Event loop is closed</failure></testcase><testcase classname="tests.test_iteration11_dedup_fixes" name="test_merchant_cache_rejects_low_conf_llm_on_insert" time="0.001"><failure message="RuntimeError: Event loop is closed">E   RuntimeError: Event loop is closed

During handling of the above exception, another exception occurred:
E   RuntimeError: Event loop is closed</failure></testcase><testcase classname="tests.test_iteration11_dedup_fixes" name="test_merchant_cache_rejects_low_conf_llm_on_update_and_user_authoritative" time="0.000"><failure message="RuntimeError: Event loop is closed">E   RuntimeError: Event loop is closed

During handling of the above exception, another exception occurred:
E   RuntimeError: Event loop is closed</failure></testcase><testcase classname="tests.test_iteration11_dedup_fixes" name="test_sync_and_import_deletes_removed_txns" time="0.000"><failure message="RuntimeError: Event loop is closed">E   RuntimeError: Event loop is closed</failure></testcase><testcase classname="tests.test_iteration11_dedup_fixes" name="test_categorize_and_insert_survives_duplicate" time="0.000"><failure message="RuntimeError: Event loop is closed">E   RuntimeError: Event loop is closed</failure></testcase><testcase classname="tests.test_iteration8_split_fix" name="test_gl_source_column_still_present" time="0.237" /><testcase classname="tests.test_iteration8_split_fix" name="test_login_all_three_roles" time="0.946" /><testcase classname="tests.test_iteration11_dedup_fixes" name="test_regression_355_txn_count" time="0.645"><failure message="AssertionError: {&quot;detail&quot;:&quot;No access to this company&quot;}&#10;assert 403 == 200&#10; +  where 403 = &lt;Response [403]&gt;.status_code">E   AssertionError: {"detail":"No access to this company"}
    assert 403 == 200
     +  where 403 = &lt;Response [403]&gt;.status_code</failure></testcase><testcase classname="tests.test_iteration11_dedup_fixes" name="test_regression_355_balance_sheet_balanced" time="0.312"><failure message="AssertionError: {&quot;detail&quot;:&quot;No access to this company&quot;}&#10;assert 403 == 200&#10; +  where 403 = &lt;Response [403]&gt;.status_code">E   AssertionError: {"detail":"No access to this company"}
    assert 403 == 200
     +  where 403 = &lt;Response [403]&gt;.status_code</failure></testcase><testcase classname="tests.test_iteration11_dedup_fixes" name="test_regression_core_endpoints" time="0.425"><failure message="AssertionError: /api/companies/5f744222-ac09-4724-b48a-733e09952c36/accounts → 403 {&quot;detail&quot;:&quot;No access to this company&quot;}&#10;assert 403 == 200&#10; +  where 403 = &lt;Response [403]&gt;.status_code">E   AssertionError: /api/companies/5f744222-ac09-4724-b48a-733e09952c36/accounts → 403 {"detail":"No access to this company"}
    assert 403 == 200
     +  where 403 = &lt;Response [403]&gt;.status_code</failure></testcase><testcase classname="tests.test_iteration8_split_fix" name="test_dashboard_metrics" time="0.123" /><testcase classname="tests.test_iteration11_dedup_fixes" name="test_regression_355_has_plaid_item_and_obe" time="0.000"><failure message="RuntimeError: Event loop is closed">E   RuntimeError: Event loop is closed</failure></testcase><testcase classname="tests.test_contacts_categorizer" name="test_normalize" time="0.000" /><testcase classname="tests.test_contacts_categorizer" name="test_fast_path" time="0.000"><failure message="Failed: async def functions are not natively supported.&#10;You need to install a suitable plugin for your async framework, for example:&#10;  - anyio&#10;  - pytest-asyncio&#10;  - pytest-tornasync&#10;  - pytest-trio&#10;  - pytest-twisted">async def functions are not natively supported.
You need to install a suitable plugin for your async framework, for example:
  - anyio
  - pytest-asyncio
  - pytest-tornasync
  - pytest-trio
  - pytest-twisted</failure></testcase><testcase classname="tests.test_contacts_categorizer" name="test_ai_path_and_guards" time="0.000"><failure message="Failed: async def functions are not natively supported.&#10;You need to install a suitable plugin for your async framework, for example:&#10;  - anyio&#10;  - pytest-asyncio&#10;  - pytest-tornasync&#10;  - pytest-trio&#10;  - pytest-twisted">async def functions are not natively supported.
You need to install a suitable plugin for your async framework, for example:
  - anyio
  - pytest-asyncio
  - pytest-tornasync
  - pytest-trio
  - pytest-twisted</failure></testcase><testcase classname="tests.test_contacts_categorizer" name="test_batch_parallelism" time="0.000"><failure message="Failed: async def functions are not natively supported.&#10;You need to install a suitable plugin for your async framework, for example:&#10;  - anyio&#10;  - pytest-asyncio&#10;  - pytest-tornasync&#10;  - pytest-trio&#10;  - pytest-twisted">async def functions are not natively supported.
You need to install a suitable plugin for your async framework, for example:
  - anyio
  - pytest-asyncio
  - pytest-tornasync
  - pytest-trio
  - pytest-twisted</failure></testcase><testcase classname="tests.test_contacts_categorizer" name="test_meal_cap" time="0.000" /><testcase classname="tests.test_contacts_categorizer" name="test_grouping_key" time="0.000" /><testcase classname="tests.test_iteration8_split_fix" name="test_invoices_and_ar_aging" time="0.492" /><testcase classname="tests.test_contacts_categorizer" name="test_uncat_accounts" time="0.000"><failure message="Failed: async def functions are not natively supported.&#10;You need to install a suitable plugin for your async framework, for example:&#10;  - anyio&#10;  - pytest-asyncio&#10;  - pytest-tornasync&#10;  - pytest-trio&#10;  - pytest-twisted">async def functions are not natively supported.
You need to install a suitable plugin for your async framework, for example:
  - anyio
  - pytest-asyncio
  - pytest-tornasync
  - pytest-trio
  - pytest-twisted</failure></testcase><testcase classname="tests.test_contacts_categorizer" name="test_decide_posting" time="0.000" /><testcase classname="tests.test_iteration17_sync_status" name="test_sync_status_idle_all_three_companies[2f8153a1-84bc-4ccb-bf1a-83893bffe956]" time="0.415"><failure message="AssertionError: {&quot;detail&quot;:&quot;No access to this company&quot;}&#10;assert 403 == 200&#10; +  where 403 = &lt;Response [403]&gt;.status_code">E   AssertionError: {"detail":"No access to this company"}
    assert 403 == 200
     +  where 403 = &lt;Response [403]&gt;.status_code</failure></testcase><testcase classname="tests.test_iteration17_sync_status" name="test_sync_status_syncing_response_shape" time="0.000"><failure message="RuntimeError: There is no current event loop in thread 'MainThread'.">E   RuntimeError: There is no current event loop in thread 'MainThread'.</failure></testcase><testcase classname="tests.test_iteration17_sync_status" name="test_sync_status_syncing_no_target" time="0.001"><failure message="RuntimeError: There is no current event loop in thread 'MainThread'.">E   RuntimeError: There is no current event loop in thread 'MainThread'.</failure></testcase><testcase classname="tests.test_iteration17_sync_status" name="test_sync_status_failed_last_status" time="0.000"><failure message="RuntimeError: There is no current event loop in thread 'MainThread'.">E   RuntimeError: There is no current event loop in thread 'MainThread'.</failure></testcase><testcase classname="tests.test_iteration17_sync_status" name="test_dashboard_endpoints_are_cached[/dashboard/metrics]" time="0.134"><failure message="assert 403 == 200&#10; +  where 403 = &lt;Response [403]&gt;.status_code">E   assert 403 == 200
     +  where 403 = &lt;Response [403]&gt;.status_code</failure></testcase><testcase classname="tests.test_iteration8_split_fix" name="test_plaid_link_token" time="0.393" /><testcase classname="tests.test_iteration17_sync_status" name="test_dashboard_endpoints_are_cached[/ai/activity]" time="0.298"><failure message="assert 403 == 200&#10; +  where 403 = &lt;Response [403]&gt;.status_code">E   assert 403 == 200
     +  where 403 = &lt;Response [403]&gt;.status_code</failure></testcase><testcase classname="tests.test_iteration17_sync_status" name="test_dashboard_endpoints_are_cached[/reports/income-statement]" time="0.103"><failure message="assert 403 == 200&#10; +  where 403 = &lt;Response [403]&gt;.status_code">E   assert 403 == 200
     +  where 403 = &lt;Response [403]&gt;.status_code</failure></testcase><testcase classname="tests.test_iteration8_split_fix" name="test_ai_chat_endpoint" time="0.138" /><testcase classname="tests.test_iteration17_sync_status" name="test_auth_required_on_sync_status" time="0.088" /><testcase classname="tests.test_iteration8_split_fix" name="test_closed_period_lock_behavior" time="0.131" /><testcase classname="tests.test_iteration8_split_fix" name="test_pro_can_create_new_client" time="0.682" /><testcase classname="tests.test_iter25_voice_intent" name="test_companies_include_test_dup" time="0.546" /><testcase classname="tests.test_iter25_voice_intent" name="test_chat_history_get" time="0.096" /><testcase classname="tests.test_iter25_voice_intent" name="test_chat_history_delete_then_empty" time="0.136" /><testcase classname="tests.test_iter25_voice_intent" name="test_parse_intent_invoice" time="1.032" /><testcase classname="tests.test_iteration18_webhook_enqueue" name="test_webhook_enqueues_job[SYNC_UPDATES_AVAILABLE]" time="0.004"><error message="failed on setup with &quot;AssertionError: No plaid_item for 6aa07a68-488a-407c-9782-c3f309b08606&#10;assert None&quot;">E   AssertionError: No plaid_item for 6aa07a68-488a-407c-9782-c3f309b08606
    assert None</error></testcase><testcase classname="tests.test_iteration18_webhook_enqueue" name="test_webhook_enqueues_job[HISTORICAL_UPDATE]" time="0.000"><error message="failed on setup with &quot;AssertionError: No plaid_item for 6aa07a68-488a-407c-9782-c3f309b08606&#10;assert None&quot;">E   AssertionError: No plaid_item for 6aa07a68-488a-407c-9782-c3f309b08606
    assert None</error></testcase><testcase classname="tests.test_iteration18_webhook_enqueue" name="test_webhook_enqueues_job[INITIAL_UPDATE]" time="0.000"><error message="failed on setup with &quot;AssertionError: No plaid_item for 6aa07a68-488a-407c-9782-c3f309b08606&#10;assert None&quot;">E   AssertionError: No plaid_item for 6aa07a68-488a-407c-9782-c3f309b08606
    assert None</error></testcase><testcase classname="tests.test_iteration18_webhook_enqueue" name="test_webhook_enqueues_job[DEFAULT_UPDATE]" time="0.000"><error message="failed on setup with &quot;AssertionError: No plaid_item for 6aa07a68-488a-407c-9782-c3f309b08606&#10;assert None&quot;">E   AssertionError: No plaid_item for 6aa07a68-488a-407c-9782-c3f309b08606
    assert None</error></testcase><testcase classname="tests.test_iteration18_webhook_enqueue" name="test_webhook_unknown_code_no_enqueue" time="0.000"><error message="failed on setup with &quot;AssertionError: No plaid_item for 6aa07a68-488a-407c-9782-c3f309b08606&#10;assert None&quot;">E   AssertionError: No plaid_item for 6aa07a68-488a-407c-9782-c3f309b08606
    assert None</error></testcase><testcase classname="tests.test_iteration18_webhook_enqueue" name="test_webhook_unknown_item" time="0.133" /><testcase classname="tests.test_iteration18_webhook_enqueue" name="test_webhook_non_transactions_type" time="0.092" /><testcase classname="tests.test_veryfi_extract" name="test_nested_account_transactions" time="0.000" /><testcase classname="tests.test_veryfi_extract" name="test_top_level_transactions_shape" time="0.000" /><testcase classname="tests.test_veryfi_extract" name="test_both_shapes_combined" time="0.000" /><testcase classname="tests.test_veryfi_extract" name="test_multi_account_flatten" time="0.000" /><testcase classname="tests.test_veryfi_extract" name="test_empty_doc" time="0.000" /><testcase classname="tests.test_veryfi_extract" name="test_description_normalization" time="0.000" /><testcase classname="tests.test_veryfi_extract" name="test_line_items_shape" time="0.000" /><testcase classname="tests.test_iter25_voice_intent" name="test_parse_intent_contact_vendor" time="1.067" /><testcase classname="tests.test_iter25_voice_intent" name="test_parse_intent_account" time="2.117" /><testcase classname="tests.test_iter25_voice_intent" name="test_parse_intent_bill_with_contact_match" time="0.047"><failure message="AssertionError: Internal Server Error&#10;assert 500 in (200, 201)&#10; +  where 500 = &lt;Response [500]&gt;.status_code">E   AssertionError: Internal Server Error
    assert 500 in (200, 201)
     +  where 500 = &lt;Response [500]&gt;.status_code</failure></testcase><testcase classname="tests.test_batch_resolver_perf" name="test_fast_path_bulk_insert_dedupes" time="0.002"><failure message="RuntimeError: Event loop is closed">E   RuntimeError: Event loop is closed

During handling of the above exception, another exception occurred:
E   RuntimeError: Event loop is closed</failure></testcase><testcase classname="tests.test_batch_resolver_perf" name="test_fast_path_reuses_existing_contact" time="0.000"><failure message="RuntimeError: Event loop is closed">E   RuntimeError: Event loop is closed</failure></testcase><testcase classname="tests.test_batch_resolver_perf" name="test_ai_path_uses_learning_cache" time="0.001"><failure message="RuntimeError: Event loop is closed">E   RuntimeError: Event loop is closed

During handling of the above exception, another exception occurred:
E   RuntimeError: Event loop is closed</failure></testcase><testcase classname="tests.test_batch_resolver_perf" name="test_ai_path_no_counterparty_cached" time="0.000"><failure message="RuntimeError: Event loop is closed">E   RuntimeError: Event loop is closed

During handling of the above exception, another exception occurred:
E   RuntimeError: Event loop is closed</failure></testcase><testcase classname="tests.test_batch_resolver_perf" name="test_mongo_round_trips_are_bounded" time="0.002"><failure message="RuntimeError: Event loop is closed">E   RuntimeError: Event loop is closed

During handling of the above exception, another exception occurred:
E   RuntimeError: Event loop is closed</failure></testcase><testcase classname="tests.test_batch_resolver_perf" name="test_all_rows_get_contact_id_no_gaps" time="0.000"><failure message="RuntimeError: Event loop is closed">E   RuntimeError: Event loop is closed

During handling of the above exception, another exception occurred:
E   RuntimeError: Event loop is closed</failure></testcase><testcase classname="tests.test_iter24_dashboard_bs_reconcile" name="test_317_dashboard_equals_balance_sheet_total_assets" time="0.448"><failure message="AssertionError: {&quot;detail&quot;:&quot;No access to this company&quot;}&#10;assert 403 == 200&#10; +  where 403 = &lt;Response [403]&gt;.status_code">E   AssertionError: {"detail":"No access to this company"}
    assert 403 == 200
     +  where 403 = &lt;Response [403]&gt;.status_code</failure></testcase><testcase classname="tests.test_iter24_dashboard_bs_reconcile" name="test_317_only_one_active_bank_row" time="0.000"><failure message="RuntimeError: Event loop is closed">E   RuntimeError: Event loop is closed</failure></testcase><testcase classname="tests.test_iter24_dashboard_bs_reconcile" name="test_pfc_mapping_transfer_in_deposit_is_4999" time="0.001" /><testcase classname="tests.test_iter24_dashboard_bs_reconcile" name="test_resolver_transfer_in_deposit_routes_to_4999_and_needs_review" time="0.000"><failure message="RuntimeError: Event loop is closed">E   RuntimeError: Event loop is closed</failure></testcase><testcase classname="tests.test_iter24_dashboard_bs_reconcile" name="test_is_bank_account_recognizes_1100_and_subtype_bank" time="0.000" /><testcase classname="tests.test_iter24_dashboard_bs_reconcile" name="test_bright_beans_dashboard_equals_bs" time="0.199" /><testcase classname="tests.test_iteration13_txn_pagination" name="test_default_pagination_page1" time="0.402"><failure message="assert 403 == 200&#10; +  where 403 = &lt;Response [403]&gt;.status_code">E   assert 403 == 200
     +  where 403 = &lt;Response [403]&gt;.status_code</failure></testcase><testcase classname="tests.test_iteration13_txn_pagination" name="test_last_page_partial" time="0.096"><failure message="KeyError: 'pagination'">E   KeyError: 'pagination'</failure></testcase><testcase classname="tests.backend_test.TestClosedPeriodLock" name="test_patch_closed_period_returns_423" time="5.264" /><testcase classname="tests.test_iteration13_txn_pagination" name="test_beyond_last_page_empty" time="0.098"><failure message="assert 403 == 200&#10; +  where 403 = &lt;Response [403]&gt;.status_code">E   assert 403 == 200
     +  where 403 = &lt;Response [403]&gt;.status_code</failure></testcase><testcase classname="tests.backend_test.TestClosedPeriodLock" name="test_delete_closed_period_returns_423" time="0.095" /><testcase classname="tests.test_iteration13_txn_pagination" name="test_limit_zero_returns_all" time="0.097"><failure message="KeyError: 'pagination'">E   KeyError: 'pagination'</failure></testcase><testcase classname="tests.backend_test.TestClosedPeriodLock" name="test_approve_closed_period_returns_423" time="0.095" /><testcase classname="tests.test_iteration13_txn_pagination" name="test_needs_review_filter_pagination" time="0.138"><failure message="KeyError: 'pagination'">E   KeyError: 'pagination'</failure></testcase><testcase classname="tests.backend_test.TestClosedPeriodLock" name="test_split_closed_period_returns_423" time="0.237" /><testcase classname="tests.test_iteration13_txn_pagination" name="test_page_size_50_navigation" time="0.112"><failure message="KeyError: 'transactions'">E   KeyError: 'transactions'</failure></testcase><testcase classname="tests.backend_test.TestClosedPeriodLock" name="test_patch_open_period_still_works" time="0.265" /><testcase classname="tests.test_iteration14_contact_and_filters" name="test_plaid_contact_id_coverage_after_backfill" time="0.412"><failure message="AssertionError: {&quot;detail&quot;:&quot;No access to this company&quot;}&#10;assert 403 == 200&#10; +  where 403 = &lt;Response [403]&gt;.status_code">E   AssertionError: {"detail":"No access to this company"}
    assert 403 == 200
     +  where 403 = &lt;Response [403]&gt;.status_code</failure></testcase><testcase classname="tests.backend_test.TestClosedPeriodLock" name="test_je_in_closed_period_returns_423" time="0.201" /><testcase classname="tests.test_iteration14_contact_and_filters" name="test_free_text_search_q_param" time="0.098"><failure message="assert 403 == 200&#10; +  where 403 = &lt;Response [403]&gt;.status_code">E   assert 403 == 200
     +  where 403 = &lt;Response [403]&gt;.status_code</failure></testcase><testcase classname="tests.test_iteration14_contact_and_filters" name="test_regex_special_chars_do_not_error" time="0.090"><failure message="AssertionError: q='AT&amp;T' returned 403: {&quot;detail&quot;:&quot;No access to this company&quot;}&#10;assert 403 == 200&#10; +  where 403 = &lt;Response [403]&gt;.status_code">E   AssertionError: q='AT&amp;T' returned 403: {"detail":"No access to this company"}
    assert 403 == 200
     +  where 403 = &lt;Response [403]&gt;.status_code</failure></testcase><testcase classname="tests.backend_test.TestAuth" name="test_client_login" time="0.314" /><testcase classname="tests.test_iteration14_contact_and_filters" name="test_date_range_filter" time="0.237"><failure message="assert 403 == 200&#10; +  where 403 = &lt;Response [403]&gt;.status_code">E   assert 403 == 200
     +  where 403 = &lt;Response [403]&gt;.status_code</failure></testcase><testcase classname="tests.backend_test.TestAuth" name="test_pro_login" time="0.318" /><testcase classname="tests.test_iteration14_contact_and_filters" name="test_combined_filters_pagination" time="0.318"><failure message="assert 403 == 200&#10; +  where 403 = &lt;Response [403]&gt;.status_code">E   assert 403 == 200
     +  where 403 = &lt;Response [403]&gt;.status_code</failure></testcase><testcase classname="tests.backend_test.TestAuth" name="test_admin_login" time="0.312" /><testcase classname="tests.test_iteration14_contact_and_filters" name="test_contact_resolution_runs_on_all_candidates" time="0.003"><failure message="RuntimeError: Event loop is closed">E   RuntimeError: Event loop is closed</failure></testcase><testcase classname="tests.test_decide_posting_bank_guard" name="test_llm_pick_of_bank_1010_routed_to_uncategorized" time="0.000" /><testcase classname="tests.test_decide_posting_bank_guard" name="test_llm_pick_of_savings_1020_also_rejected" time="0.000" /><testcase classname="tests.test_decide_posting_bank_guard" name="test_llm_pick_of_cash_1000_rejected" time="0.000" /><testcase classname="tests.test_decide_posting_bank_guard" name="test_legitimate_expense_still_passes" time="0.000" /><testcase classname="tests.test_decide_posting_bank_guard" name="test_five_digit_code_starting_with_10_not_rejected" time="0.000" /><testcase classname="tests.backend_test.TestAuth" name="test_bad_login" time="0.224" /><testcase classname="tests.test_iter23_cash_on_hand_live" name="test_317_llc_cash_matches_expected" time="0.527"><failure message="RuntimeError: Event loop is closed">E   RuntimeError: Event loop is closed</failure></testcase><testcase classname="tests.backend_test.TestAuth" name="test_me_endpoint" time="0.109" /><testcase classname="tests.test_iter23_cash_on_hand_live" name="test_other_live_companies_no_regression[1829a9eb-7df2-4a31-afcf-7e50a514da7e]" time="0.000"><failure message="RuntimeError: Event loop is closed">E   RuntimeError: Event loop is closed</failure></testcase><testcase classname="tests.test_iter23_cash_on_hand_live" name="test_regression_legacy_1010_still_counted" time="0.000"><failure message="RuntimeError: Event loop is closed">E   RuntimeError: Event loop is closed

During handling of the above exception, another exception occurred:
E   RuntimeError: Event loop is closed</failure></testcase><testcase classname="tests.test_iter23_cash_on_hand_live" name="test_regression_non_cash_assets_do_not_leak" time="0.000"><failure message="RuntimeError: Event loop is closed">E   RuntimeError: Event loop is closed

During handling of the above exception, another exception occurred:
E   RuntimeError: Event loop is closed</failure></testcase><testcase classname="tests.test_iter23_cash_on_hand_live" name="test_regression_resolver_shape" time="0.000"><failure message="RuntimeError: Event loop is closed">E   RuntimeError: Event loop is closed

During handling of the above exception, another exception occurred:
E   RuntimeError: Event loop is closed</failure></testcase><testcase classname="tests.test_iteration22_rocketbooks_port.TestDBState653" name="test_total_txns" time="0.002"><failure message="AssertionError: assert 0 == 1871&#10; +  where 0 = count_documents({'company_id': 'b81dd049-9018-47b6-b485-83fe5ff8a2c3'})&#10; +    where count_documents = Collection(Database(MongoClient(host=['localhost:27017'], document_class=dict, tz_aware=False, connect=True), 'test_database'), 'transactions').count_documents&#10; +      where Collection(Database(MongoClient(host=['localhost:27017'], document_class=dict, tz_aware=False, connect=True), 'test_database'), 'transactions') = Database(MongoClient(host=['localhost:27017'], document_class=dict, tz_aware=False, connect=True), 'test_database').transactions">E   AssertionError: assert 0 == 1871
     +  where 0 = count_documents({'company_id': 'b81dd049-9018-47b6-b485-83fe5ff8a2c3'})
     +    where count_documents = Collection(Database(MongoClient(host=['localhost:27017'], document_class=dict, tz_aware=False, connect=True), 'test_database'), 'transactions').count_documents
     +      where Collection(Database(MongoClient(host=['localhost:27017'], document_class=dict, tz_aware=False, connect=True), 'test_database'), 'transactions') = Database(MongoClient(host=['localhost:27017'], document_class=dict, tz_aware=False, connect=True), 'test_database').transactions</failure></testcase><testcase classname="tests.test_iteration22_rocketbooks_port.TestDBState653" name="test_contact_count" time="0.001" /><testcase classname="tests.test_iteration22_rocketbooks_port.TestDBState653" name="test_no_counterparty_count" time="0.001"><failure message="AssertionError: no_counterparty=0 (expected ~180)&#10;assert 170 &lt;= 0">E   AssertionError: no_counterparty=0 (expected ~180)
    assert 170 &lt;= 0</failure></testcase><testcase classname="tests.test_iteration22_rocketbooks_port.TestDBState653" name="test_with_contact_id_count" time="0.001"><failure message="AssertionError: with_contact_id=0 (expected ~1691)&#10;assert 1670 &lt;= 0">E   AssertionError: with_contact_id=0 (expected ~1691)
    assert 1670 &lt;= 0</failure></testcase><testcase classname="tests.test_iteration22_rocketbooks_port.TestDBState653" name="test_sum_equals_total" time="0.001"><failure message="assert (0 + 0) == 1871">E   assert (0 + 0) == 1871</failure></testcase><testcase classname="tests.test_iteration10_contacts.TestRegression" name="test_list_companies" time="0.501"><failure message="AssertionError: assert '1360f004-d0ff-4207-a6c3-e4a74dcf7daa' in {'074d6b70-786c-44da-aa49-83fe6ee25884', '1829a9eb-7df2-4a31-afcf-7e50a514da7e', '1db6750b-ee6f-4b54-a068-864280a5ef46...f366-40e0-4565-aadb-d520762b2ee4', '4a50df85-5753-4b59-bc2e-8d601ae5d8d3', '4e853567-0ac0-4b5b-a9ac-b04357ce1e33', ...}">E   AssertionError: assert '1360f004-d0ff-4207-a6c3-e4a74dcf7daa' in {'074d6b70-786c-44da-aa49-83fe6ee25884', '1829a9eb-7df2-4a31-afcf-7e50a514da7e', '1db6750b-ee6f-4b54-a068-864280a5ef46...f366-40e0-4565-aadb-d520762b2ee4', '4a50df85-5753-4b59-bc2e-8d601ae5d8d3', '4e853567-0ac0-4b5b-a9ac-b04357ce1e33', ...}</failure></testcase><testcase classname="tests.test_iteration10_contacts.TestRegression" name="test_accounts" time="0.049"><failure message="assert 403 == 200&#10; +  where 403 = &lt;Response [403]&gt;.status_code">E   assert 403 == 200
     +  where 403 = &lt;Response [403]&gt;.status_code</failure></testcase><testcase classname="tests.test_iteration10_contacts.TestRegression" name="test_transactions_list" time="0.057"><failure message="assert 403 == 200&#10; +  where 403 = &lt;Response [403]&gt;.status_code">E   assert 403 == 200
     +  where 403 = &lt;Response [403]&gt;.status_code</failure></testcase><testcase classname="tests.test_iteration7_gl_source" name="test_post_je_and_split_then_verify_gl_sources" time="1.274"><failure message="AssertionError: Expected 'Txn' sources, got set()&#10;assert 'Txn' in set()">E   AssertionError: Expected 'Txn' sources, got set()
    assert 'Txn' in set()</failure></testcase><testcase classname="tests.test_iteration10_contacts.TestRegression" name="test_balance_sheet_balances" time="0.057"><failure message="assert 403 == 200&#10; +  where 403 = &lt;Response [403]&gt;.status_code">E   assert 403 == 200
     +  where 403 = &lt;Response [403]&gt;.status_code</failure></testcase><testcase classname="tests.test_iteration10_contacts.TestRegression" name="test_plaid_backfill_token" time="0.058"><failure message="AssertionError: {&quot;detail&quot;:&quot;No access to this company&quot;}&#10;assert 403 in (200, 400, 404)&#10; +  where 403 = &lt;Response [403]&gt;.status_code">E   AssertionError: {"detail":"No access to this company"}
    assert 403 in (200, 400, 404)
     +  where 403 = &lt;Response [403]&gt;.status_code</failure></testcase><testcase classname="tests.test_iter26_account_detail_filters.TestOtherReportsRegression" name="test_reports_render[reports/income-statement]" time="0.500" /><testcase classname="tests.test_iteration7_gl_source" name="test_trial_balance_still_balanced" time="0.118" /><testcase classname="tests.test_iter26_account_detail_filters.TestOtherReportsRegression" name="test_reports_render[reports/trial-balance]" time="19.838" /><testcase classname="tests.test_iteration7_gl_source" name="test_balance_sheet_still_balanced" time="30.127" /><testcase classname="tests.test_iter26_account_detail_filters.TestOtherReportsRegression" name="test_reports_render[reports/general-ledger]" time="5.454" /><testcase classname="tests.test_iter26_account_detail_filters.TestOtherReportsRegression" name="test_reports_render[reports/cash-flow]" time="35.995" /><testcase classname="tests.test_iteration7_gl_source" name="test_gl_pdf_returns_pdf" time="6.262"><failure message="AssertionError: assert 1717 &gt; 2000&#10; +  where 1717 = len(b'%PDF-1.4\n%\x93\x8c\x8b\x9e ReportLab Generated PDF document http://www.reportlab.com\n1 0 obj\n&lt;&lt;\n/F1 2 0 R /F2 3 ...d PDF document -- digest (http://www.reportlab.com)\n\n/Info 6 0 R\n/Root 5 0 R\n/Size 9\n&gt;&gt;\nstartxref\n1312\n%%EOF\n')&#10; +    where b'%PDF-1.4\n%\x93\x8c\x8b\x9e ReportLab Generated PDF document http://www.reportlab.com\n1 0 obj\n&lt;&lt;\n/F1 2 0 R /F2 3 ...d PDF document -- digest (http://www.reportlab.com)\n\n/Info 6 0 R\n/Root 5 0 R\n/Size 9\n&gt;&gt;\nstartxref\n1312\n%%EOF\n' = &lt;Response [200]&gt;.content">E   AssertionError: assert 1717 &gt; 2000
     +  where 1717 = len(b'%PDF-1.4\n%\x93\x8c\x8b\x9e ReportLab Generated PDF document http://www.reportlab.com\n1 0 obj\n&lt;&lt;\n/F1 2 0 R /F2 3 ...d PDF document -- digest (http://www.reportlab.com)\n\n/Info 6 0 R\n/Root 5 0 R\n/Size 9\n&gt;&gt;\nstartxref\n1312\n%%EOF\n')
     +    where b'%PDF-1.4\n%\x93\x8c\x8b\x9e ReportLab Generated PDF document http://www.reportlab.com\n1 0 obj\n&lt;&lt;\n/F1 2 0 R /F2 3 ...d PDF document -- digest (http://www.reportlab.com)\n\n/Info 6 0 R\n/Root 5 0 R\n/Size 9\n&gt;&gt;\nstartxref\n1312\n%%EOF\n' = &lt;Response [200]&gt;.content</failure></testcase><testcase classname="tests.test_iteration7_gl_source" name="test_gl_json_shape_all_entries_have_source" time="12.433" /><testcase classname="tests.test_iteration22_rocketbooks_port.TestAIPromptShim" name="test_prompt_extraction[NEW YORK LIFE DES:INS. PREM. ID:14 482 992 INDN:EIMOTLAIN G-True-new york life]" time="1.612" /><testcase classname="tests.test_iteration22_rocketbooks_port.TestAIPromptShim" name="test_prompt_extraction[Monthly Maintenance Fee-False-None]" time="0.927" /><testcase classname="tests.test_iteration22_rocketbooks_port.TestAIPromptShim" name="test_prompt_extraction[Online Banking transfer to CHK 7984 Confirmation# XXXXX29817-False-None]" time="1.668" /><testcase classname="tests.test_iteration22_rocketbooks_port.TestAIPromptShim" name="test_prompt_extraction[Zelle payment to Romeo Ugali Conf# xxxx-True-romeo ugali]" time="1.381" /><testcase classname="tests.backend_test.TestPlaidWebhook" name="test_webhook_unknown_item_returns_200" time="0.164" /><testcase classname="tests.backend_test.TestPlaidWebhook" name="test_webhook_non_transactions_ignored" time="0.113" /><testcase classname="tests.backend_test.TestPlaidWebhook" name="test_webhook_is_public_no_auth" time="0.096" /><testcase classname="tests.test_iteration20_webhook_dedup_and_contact" name="test_concurrent_webhook_dedups_to_one_job" time="0.259"><failure message="AssertionError: assert None == 'SYNC_UPDATES_AVAILABLE'&#10; +  where None = &lt;built-in method get of dict object at 0xfd9dd5990680&gt;('webhook_code')&#10; +    where &lt;built-in method get of dict object at 0xfd9dd5990680&gt; = {'ok': True, 'unknown_item': True}.get">E   AssertionError: assert None == 'SYNC_UPDATES_AVAILABLE'
     +  where None = &lt;built-in method get of dict object at 0xfd9dd5990680&gt;('webhook_code')
     +    where &lt;built-in method get of dict object at 0xfd9dd5990680&gt; = {'ok': True, 'unknown_item': True}.get</failure></testcase><testcase classname="tests.test_iteration20_webhook_dedup_and_contact" name="test_merchant_name_fallback_creates_contacts" time="0.001"><failure message="RuntimeError: Event loop is closed">E   RuntimeError: Event loop is closed</failure></testcase><testcase classname="tests.test_iteration20_webhook_dedup_and_contact" name="test_535_llc_backfill_and_dashboard" time="0.425"><failure message="AssertionError: {&quot;detail&quot;:&quot;No access to this company&quot;}&#10;assert 403 == 200&#10; +  where 403 = &lt;Response [403]&gt;.status_code">E   AssertionError: {"detail":"No access to this company"}
    assert 403 == 200
     +  where 403 = &lt;Response [403]&gt;.status_code</failure></testcase><testcase classname="tests.test_iteration22_rocketbooks_port.TestContactNameQuality" name="test_no_junk_fragments" time="0.002" /><testcase classname="tests.test_iteration22_rocketbooks_port.TestContactNameQuality" name="test_length_le_60" time="0.001" /><testcase classname="tests.test_iteration22_rocketbooks_port.TestContactNameQuality" name="test_not_resembling_noisy_description" time="0.036" /><testcase classname="tests.test_iteration5.TestProCreateClient" name="test_create_client_flow" time="1.292" /><testcase classname="tests.test_iteration5.TestProCreateClient" name="test_duplicate_email_returns_400" time="0.129"><failure message="AssertionError: expected 400, got 200: {&quot;company_id&quot;:&quot;ef89a4e5-db40-41e0-8c38-045980e6ecb8&quot;,&quot;client_id&quot;:&quot;d8969ac7-e1e5-41bf-8a81-6ad3f076ddd7&quot;,&quot;reused_existing_user&quot;:true,&quot;owner_company_count&quot;:10}&#10;assert 200 == 400&#10; +  where 200 = &lt;Response [200]&gt;.status_code">E   AssertionError: expected 400, got 200: {"company_id":"ef89a4e5-db40-41e0-8c38-045980e6ecb8","client_id":"d8969ac7-e1e5-41bf-8a81-6ad3f076ddd7","reused_existing_user":true,"owner_company_count":10}
    assert 200 == 400
     +  where 200 = &lt;Response [200]&gt;.status_code</failure></testcase><testcase classname="tests.test_iteration5.TestProCreateClient" name="test_client_role_forbidden" time="0.411" /><testcase classname="tests.test_iteration6_balance.TestBaselineIntegrity" name="test_trial_balance_balanced" time="0.417"><error message="failed on setup with &quot;StopIteration&quot;">E   StopIteration</error></testcase><testcase classname="tests.test_iteration6_balance.TestBaselineIntegrity" name="test_balance_sheet_balanced" time="0.000"><error message="failed on setup with &quot;StopIteration&quot;">E   StopIteration</error></testcase><testcase classname="tests.test_iteration6_balance.TestBaselineIntegrity" name="test_net_income_matches_equity_line" time="0.000"><error message="failed on setup with &quot;StopIteration&quot;">E   StopIteration</error></testcase><testcase classname="tests.backend_test.TestRoleDashboards" name="test_admin_overview" time="0.406" /><testcase classname="tests.backend_test.TestRoleDashboards" name="test_pro_clients_list" time="0.440" /><testcase classname="tests.backend_test.TestCompaniesAccounts" name="test_companies_list" time="0.438"><failure message="AssertionError: assert 'Skyward' in 'TEST_dup'">E   AssertionError: assert 'Skyward' in 'TEST_dup'</failure></testcase><testcase classname="tests.backend_test.TestCompaniesAccounts" name="test_coa_has_defaults" time="0.098" /><testcase classname="tests.backend_test.TestTransactions" name="test_list_transactions" time="0.099"><failure message="AssertionError: Expected ~90 seed txns, got 34&#10;assert 34 &gt;= 50&#10; +  where 34 = len([{'id': '09ac1eaf-4380-4c49-9b64-49c5bcf7822b', 'company_id': 'b8d7612f-30c0-454e-a24d-2a4299c33fc4', 'date': '2026-08...y_id': 'b8d7612f-30c0-454e-a24d-2a4299c33fc4', 'date': '2026-08-01', 'description': 'TEST_iter8 splittable', ...}, ...])">E   AssertionError: Expected ~90 seed txns, got 34
    assert 34 &gt;= 50
     +  where 34 = len([{'id': '09ac1eaf-4380-4c49-9b64-49c5bcf7822b', 'company_id': 'b8d7612f-30c0-454e-a24d-2a4299c33fc4', 'date': '2026-08...y_id': 'b8d7612f-30c0-454e-a24d-2a4299c33fc4', 'date': '2026-08-01', 'description': 'TEST_iter8 splittable', ...}, ...])</failure></testcase><testcase classname="tests.backend_test.TestTransactions" name="test_add_transaction_ai_categorizes" time="2.804" /><testcase classname="tests.test_iteration10_contacts.TestAutoPostThreshold" name="test_patch_settings_endpoint" time="0.381"><failure message="AssertionError: {&quot;detail&quot;:&quot;No access to this company&quot;}&#10;assert 403 == 200&#10; +  where 403 = &lt;Response [403]&gt;.status_code">E   AssertionError: {"detail":"No access to this company"}
    assert 403 == 200
     +  where 403 = &lt;Response [403]&gt;.status_code</failure></testcase><testcase classname="tests.test_iteration10_contacts.TestAutoPostThreshold" name="test_threshold_out_of_range" time="0.045"><failure message="assert 403 == 400&#10; +  where 403 = &lt;Response [403]&gt;.status_code">E   assert 403 == 400
     +  where 403 = &lt;Response [403]&gt;.status_code</failure></testcase><testcase classname="tests.test_iteration10_contacts.TestAutoPostThreshold" name="test_threshold_non_numeric" time="0.047"><failure message="assert 403 == 400&#10; +  where 403 = &lt;Response [403]&gt;.status_code">E   assert 403 == 400
     +  where 403 = &lt;Response [403]&gt;.status_code</failure></testcase><testcase classname="tests.test_iteration10_contacts.TestAutoPostThreshold" name="test_patch_company_accepts_auto_post_threshold" time="0.048"><failure message="AssertionError: {&quot;detail&quot;:&quot;No access to this company&quot;}&#10;assert 403 == 200&#10; +  where 403 = &lt;Response [403]&gt;.status_code">E   AssertionError: {"detail":"No access to this company"}
    assert 403 == 200
     +  where 403 = &lt;Response [403]&gt;.status_code</failure></testcase><testcase classname="tests.backend_test.TestRules" name="test_rules_list" time="0.109" /><testcase classname="tests.backend_test.TestOnboarding" name="test_mock_plaid_returns_3_accounts" time="0.511" /><testcase classname="tests.backend_test.TestRules" name="test_apply_to_existing_recategorizes" time="0.409" /><testcase classname="tests.backend_test.TestOnboarding" name="test_mock_veryfi" time="26.044" /><testcase classname="tests.backend_test.TestVeryfiReal" name="test_upload_requires_auth" time="0.095" /><testcase classname="tests.backend_test.TestVeryfiReal" name="test_upload_valid_pdf_returns_imported_key" time="2.514" /><testcase classname="tests.backend_test.TestSalesTaxReport" name="test_sales_tax_json_shape" time="0.105" /><testcase classname="tests.backend_test.TestSalesTaxReport" name="test_sales_tax_pdf" time="0.101" /><testcase classname="tests.backend_test.Test1099Summary" name="test_1099_json_shape" time="0.112" /><testcase classname="tests.backend_test.Test1099Summary" name="test_1099_pdf" time="0.101" /><testcase classname="tests.test_dashboard_cash_on_hand" name="test_cash_on_hand_includes_opening_balance_je" time="0.001"><failure message="RuntimeError: Event loop is closed">E   RuntimeError: Event loop is closed</failure></testcase><testcase classname="tests.test_dashboard_cash_on_hand" name="test_cash_on_hand_no_je_only_txns" time="0.000"><failure message="RuntimeError: Event loop is closed">E   RuntimeError: Event loop is closed</failure></testcase><testcase classname="tests.test_iter26_account_detail_filters.TestBalanceSheetRegression" name="test_bs_balances" time="0.569" /><testcase classname="tests.test_iter26_account_detail_filters.TestBalanceSheetRegression" name="test_bs_has_liability_children" time="0.118" /><testcase classname="tests.test_iteration10_contacts.TestContactsBackfill" name="test_backfill_clean_set_idempotent" time="0.384"><failure message="assert 403 == 200&#10; +  where 403 = &lt;Response [403]&gt;.status_code">E   assert 403 == 200
     +  where 403 = &lt;Response [403]&gt;.status_code</failure></testcase><testcase classname="tests.test_iteration10_contacts.TestContactsBackfill" name="test_contacts_endpoint_returns_created" time="0.046"><failure message="assert 403 == 200&#10; +  where 403 = &lt;Response [403]&gt;.status_code">E   assert 403 == 200
     +  where 403 = &lt;Response [403]&gt;.status_code</failure></testcase><testcase classname="tests.test_iteration10_contacts.TestUncategorizedAccounts" name="test_ensure_uncat_helper" time="0.001"><failure message="RuntimeError: Event loop is closed">E   RuntimeError: Event loop is closed</failure></testcase><testcase classname="tests.test_iteration10_contacts.TestUncategorizedAccounts" name="test_uncat_visible_via_accounts_api" time="0.046"><failure message="assert 403 == 200&#10; +  where 403 = &lt;Response [403]&gt;.status_code">E   assert 403 == 200
     +  where 403 = &lt;Response [403]&gt;.status_code</failure></testcase><testcase classname="tests.test_iteration22_rocketbooks_port.TestSampleExtractions" name="test_expected_contacts_present" time="0.002" /><testcase classname="tests.test_iteration22_rocketbooks_port.TestSampleExtractions" name="test_forbidden_names_absent" time="0.001" /><testcase classname="tests.test_iteration5.TestDashboardMetrics" name="test_metrics_shape_and_types" time="0.564" /><testcase classname="tests.test_iteration5.TestDashboardMetrics" name="test_metrics_forbidden_without_company_access" time="0.095" /><testcase classname="tests.test_iteration9.TestAPAging" name="test_ap_aging_endpoint" time="0.349"><error message="failed on setup with &quot;StopIteration&quot;">E   StopIteration</error></testcase><testcase classname="tests.test_iteration9.TestAPAging" name="test_ar_aging_still_works" time="0.000"><error message="failed on setup with &quot;StopIteration&quot;">E   StopIteration</error></testcase><testcase classname="tests.test_iteration9.TestBooksIntegrity" name="test_trial_balance_balanced" time="0.000"><error message="failed on setup with &quot;StopIteration&quot;">E   StopIteration</error></testcase><testcase classname="tests.test_iteration9.TestBooksIntegrity" name="test_balance_sheet_balanced" time="0.000"><error message="failed on setup with &quot;StopIteration&quot;">E   StopIteration</error></testcase><testcase classname="tests.test_merchant_cache" name="test_normalization" time="0.000" /><testcase classname="tests.test_merchant_cache" name="test_cache_crud" time="0.001"><failure message="Failed: async def functions are not natively supported.&#10;You need to install a suitable plugin for your async framework, for example:&#10;  - anyio&#10;  - pytest-asyncio&#10;  - pytest-tornasync&#10;  - pytest-trio&#10;  - pytest-twisted">async def functions are not natively supported.
You need to install a suitable plugin for your async framework, for example:
  - anyio
  - pytest-asyncio
  - pytest-tornasync
  - pytest-trio
  - pytest-twisted</failure></testcase><testcase classname="tests.backend_test.TestJournalEntries" name="test_create_balanced_je" time="0.198" /><testcase classname="tests.backend_test.TestPlaidManualSync" name="test_manual_sync_no_item_returns_400" time="0.108" /><testcase classname="tests.test_iteration10_contacts.TestContactNormalization" name="test_corp_suffix_dedup_via_backfill" time="0.367"><failure message="AssertionError: {&quot;detail&quot;:&quot;No access to this company&quot;}&#10;assert 403 == 200&#10; +  where 403 = &lt;Response [403]&gt;.status_code">E   AssertionError: {"detail":"No access to this company"}
    assert 403 == 200
     +  where 403 = &lt;Response [403]&gt;.status_code</failure></testcase><testcase classname="tests.test_iteration10_contacts.TestApproveUpsertsCache" name="test_approve_writes_merchant_cache" time="0.045"><failure message="AssertionError: {&quot;detail&quot;:&quot;No access to this company&quot;}&#10;assert 403 == 200&#10; +  where 403 = &lt;Response [403]&gt;.status_code">E   AssertionError: {"detail":"No access to this company"}
    assert 403 == 200
     +  where 403 = &lt;Response [403]&gt;.status_code</failure></testcase><testcase classname="tests.test_iteration22_rocketbooks_port.TestFastPath" name="test_starbucks_fast_path" time="0.001"><failure message="RuntimeError: Event loop is closed">E   RuntimeError: Event loop is closed</failure></testcase><testcase classname="tests.test_iteration22_rocketbooks_port.TestConcurrency" name="test_plaid_connect_passes_concurrency_8" time="0.001" /><testcase classname="tests.test_iteration6_balance.TestAfterJournalEntry" name="test_post_je_and_reports_still_balance" time="0.405"><error message="failed on setup with &quot;StopIteration&quot;">E   StopIteration</error></testcase><testcase classname="tests.test_iteration6_balance.TestAutoDefaultBank" name="test_txn_without_bank_defaults_to_1010" time="0.000"><error message="failed on setup with &quot;StopIteration&quot;">E   StopIteration</error></testcase><testcase classname="tests.test_iteration6_balance.TestSplit" name="test_split_preserves_balance" time="0.000"><error message="failed on setup with &quot;StopIteration&quot;">E   StopIteration</error></testcase><testcase classname="tests.test_iteration6_balance.TestGLIntegrity" name="test_gl_matches_tb" time="0.000"><error message="failed on setup with &quot;StopIteration&quot;">E   StopIteration</error></testcase><testcase classname="tests.test_iteration6_balance.TestARAging" name="test_ar_aging_shape" time="0.000"><error message="failed on setup with &quot;StopIteration&quot;">E   StopIteration</error></testcase><testcase classname="tests.test_iteration9.TestGLSourceIds" name="test_gl_entries_have_ids" time="0.357"><error message="failed on setup with &quot;StopIteration&quot;">E   StopIteration</error></testcase><testcase classname="tests.test_iteration9.TestInvoiceEdit" name="test_patch_invoice_status_and_lines" time="0.000"><error message="failed on setup with &quot;StopIteration&quot;">E   StopIteration</error></testcase><testcase classname="tests.test_iteration9.TestBillEdit" name="test_patch_bill" time="0.000"><error message="failed on setup with &quot;StopIteration&quot;">E   StopIteration</error></testcase><testcase classname="tests.test_plaid_connect" name="test_opening_balance_asset" time="0.000"><failure message="Failed: async def functions are not natively supported.&#10;You need to install a suitable plugin for your async framework, for example:&#10;  - anyio&#10;  - pytest-asyncio&#10;  - pytest-tornasync&#10;  - pytest-trio&#10;  - pytest-twisted">async def functions are not natively supported.
You need to install a suitable plugin for your async framework, for example:
  - anyio
  - pytest-asyncio
  - pytest-tornasync
  - pytest-trio
  - pytest-twisted</failure></testcase><testcase classname="tests.backend_test.TestPlaidReal" name="test_link_token_returns_sandbox_token" time="0.346"><failure message="AssertionError: Expected sandbox token, got: link-production-048e35d7-1e42-4df4-a6fb-&#10;assert False&#10; +  where False = &lt;built-in method startswith of str object at 0xfba65245d140&gt;('link-sandbox-')&#10; +    where &lt;built-in method startswith of str object at 0xfba65245d140&gt; = 'link-production-048e35d7-1e42-4df4-a6fb-6821ad62c76f'.startswith">E   AssertionError: Expected sandbox token, got: link-production-048e35d7-1e42-4df4-a6fb-
    assert False
     +  where False = &lt;built-in method startswith of str object at 0xfba65245d140&gt;('link-sandbox-')
     +    where &lt;built-in method startswith of str object at 0xfba65245d140&gt; = 'link-production-048e35d7-1e42-4df4-a6fb-6821ad62c76f'.startswith</failure></testcase><testcase classname="tests.backend_test.TestPlaidReal" name="test_exchange_missing_public_token_returns_400" time="0.105" /></testsuite></testsuites>