<?xml version="1.0" encoding="utf-8"?><testsuites name="pytest tests"><testsuite name="pytest" errors="0" failures="0" skipped="0" tests="2" time="1.611" timestamp="2026-07-19T14:29:40.196290+00:00" hostname="agent-env-0c1de1d2-6552-4616-ac96-0653f7e53686"><testcase classname="tests.test_iter34_cleanup_filters" name="test_cleanup_suggestions_available" time="0.587" /><testcase classname="tests.test_iter34_cleanup_filters" name="test_contact_split_filters_reviewed_rows" time="0.230" /></testsuite></testsuites>