<?xml version="1.0" encoding="utf-8"?><testsuites name="pytest tests"><testsuite name="pytest" errors="0" failures="0" skipped="0" tests="6" time="2.116" timestamp="2026-07-19T18:42:21.560322+00:00" hostname="agent-env-0c1de1d2-6552-4616-ac96-0653f7e53686"><testcase classname="tests.test_iter39_mega_approve_undo" name="test_dry_run_returns_full_vendor_list_no_cap" time="0.509" /><testcase classname="tests.test_iter39_mega_approve_undo" name="test_dry_run_excludes_needs_review" time="0.122" /><testcase classname="tests.test_iter39_mega_approve_undo" name="test_selective_apply_and_undo_roundtrip" time="0.725" /><testcase classname="tests.test_iter39_mega_approve_undo" name="test_undo_endpoint_forbidden_for_unauthorized" time="0.465" /><testcase classname="tests.test_iter39_mega_approve_undo" name="test_bulk_approve_forbidden_for_unauthorized" time="0.119" /><testcase classname="tests.test_iter39_mega_approve_undo" name="test_bulk_approve_requires_auth" time="0.107" /></testsuite></testsuites>