<?xml version="1.0" encoding="utf-8"?><testsuites name="pytest tests"><testsuite name="pytest" errors="0" failures="0" skipped="0" tests="20" time="5.993" timestamp="2026-07-15T10:35:59.290273+00:00" hostname="agent-env-0c1de1d2-6552-4616-ac96-0653f7e53686"><testcase classname="tests.test_iteration8_split_fix" name="test_trial_balance_balanced" time="0.901" /><testcase classname="tests.test_iteration8_split_fix" name="test_balance_sheet_balanced" time="0.112" /><testcase classname="tests.test_iteration8_split_fix" name="test_split_rejects_missing_category" time="0.416" /><testcase classname="tests.test_iteration8_split_fix" name="test_split_accepts_account_code_and_balances" time="0.527" /><testcase classname="tests.test_iteration8_split_fix" name="test_split_accepts_canonical_category_account_id" time="0.643" /><testcase classname="tests.test_iteration8_split_fix" name="test_all_reports_200[reports/trial-balance]" time="0.098" /><testcase classname="tests.test_iteration8_split_fix" name="test_all_reports_200[reports/balance-sheet]" time="0.103" /><testcase classname="tests.test_iteration8_split_fix" name="test_all_reports_200[reports/income-statement]" time="0.102" /><testcase classname="tests.test_iteration8_split_fix" name="test_all_reports_200[reports/general-ledger?start=2026-01-01&amp;end=2026-12-31]" time="0.104" /><testcase classname="tests.test_iteration8_split_fix" name="test_all_reports_200[reports/cash-flow]" time="0.099" /><testcase classname="tests.test_iteration8_split_fix" name="test_all_reports_200[reports/sales-tax]" time="0.095" /><testcase classname="tests.test_iteration8_split_fix" name="test_all_reports_200[reports/1099-summary]" time="0.111" /><testcase classname="tests.test_iteration8_split_fix" name="test_gl_source_column_still_present" time="0.112" /><testcase classname="tests.test_iteration8_split_fix" name="test_login_all_three_roles" time="0.994" /><testcase classname="tests.test_iteration8_split_fix" name="test_dashboard_metrics" time="0.112" /><testcase classname="tests.test_iteration8_split_fix" name="test_invoices_and_ar_aging" time="0.200" /><testcase classname="tests.test_iteration8_split_fix" name="test_plaid_link_token" time="0.406" /><testcase classname="tests.test_iteration8_split_fix" name="test_ai_chat_endpoint" time="0.128" /><testcase classname="tests.test_iteration8_split_fix" name="test_closed_period_lock_behavior" time="0.095" /><testcase classname="tests.test_iteration8_split_fix" name="test_pro_can_create_new_client" time="0.554" /></testsuite></testsuites>