<?xml version="1.0" encoding="utf-8"?><testsuites name="pytest tests"><testsuite name="pytest" errors="0" failures="0" skipped="0" tests="5" time="2.813" timestamp="2026-07-14T13:34:08.341214+00:00" hostname="agent-env-0c1de1d2-6552-4616-ac96-0653f7e53686"><testcase classname="tests.test_iteration5.TestProCreateClient" name="test_create_client_flow" time="1.793" /><testcase classname="tests.test_iteration5.TestDashboardMetrics" name="test_metrics_shape_and_types" time="0.762" /><testcase classname="tests.test_iteration5.TestDashboardMetrics" name="test_metrics_forbidden_without_company_access" time="0.257" /><testcase classname="tests.test_iteration5.TestProCreateClient" name="test_duplicate_email_returns_400" time="0.099" /><testcase classname="tests.test_iteration5.TestProCreateClient" name="test_client_role_forbidden" time="0.445" /></testsuite></testsuites>