<?xml version="1.0" encoding="utf-8"?><testsuites name="pytest tests"><testsuite name="pytest" errors="0" failures="1" skipped="0" tests="9" time="3.919" timestamp="2026-07-29T16:21:45.625135+00:00" hostname="agent-env-0c1de1d2-6552-4616-ac96-0653f7e53686"><testcase classname="tests.test_iter48_orphan_memberships" name="test_report_shape_admin" time="0.638" /><testcase classname="tests.test_iter48_orphan_memberships" name="test_report_forbidden_for_pro" time="0.487" /><testcase classname="tests.test_iter48_orphan_memberships" name="test_report_unauthorized_anonymous" time="0.125" /><testcase classname="tests.test_iter48_orphan_memberships" name="test_purge_duplicates_forbidden_for_pro" time="0.183" /><testcase classname="tests.test_iter48_orphan_memberships" name="test_fix_role_drift_forbidden_for_pro" time="0.122" /><testcase classname="tests.test_iter48_orphan_memberships" name="test_duplicate_detection_and_purge" time="0.669" /><testcase classname="tests.test_iter48_orphan_memberships" name="test_role_drift_detected_and_fixed" time="0.402" /><testcase classname="tests.test_iter48_orphan_memberships" name="test_multi_firm_staff_detection" time="0.133"><failure message="AssertionError: victim not in multi_firm_staff; got users []&#10;assert []">backend/tests/test_iter48_orphan_memberships.py:253: in test_multi_firm_staff_detection
    assert mfs, f"victim not in multi_firm_staff; got users {[m['user_id'] for m in r['multi_firm_staff']]}"
E   AssertionError: victim not in multi_firm_staff; got users []
E   assert []</failure></testcase><testcase classname="tests.test_iter48_orphan_memberships" name="test_dangling_archived_via_archive_endpoint" time="0.385" /></testsuite></testsuites>