<?xml version="1.0" encoding="utf-8"?><testsuites name="pytest tests"><testsuite name="pytest" errors="0" failures="1" skipped="0" tests="4" time="2.656" timestamp="2026-07-31T12:42:59.991774+00:00" hostname="agent-env-0c1de1d2-6552-4616-ac96-0653f7e53686"><testcase classname="tests.test_iter61_vendor_spend_and_link" name="test_spend_by_vendor_basic" time="0.522" /><testcase classname="tests.test_iter61_vendor_spend_and_link" name="test_spend_by_vendor_math_and_exclusions" time="0.773"><failure message="AssertionError: {'vendor_id': '5abc17d6-40b0-4404-a85e-3dfce5fa4cab', 'vendor_name': 'TEST_Vendor_bd6a1b', 'amount': 800.0, 'paid_amount': 0.0, ...}&#10;assert 500.0 &lt; 0.01&#10; +  where 500.0 = abs((0.0 - 500.0))">backend/tests/test_iter61_vendor_spend_and_link.py:101: in test_spend_by_vendor_math_and_exclusions
    assert abs(row["paid_amount"] - 500.0) &lt; 0.01, row
E   AssertionError: {'vendor_id': '5abc17d6-40b0-4404-a85e-3dfce5fa4cab', 'vendor_name': 'TEST_Vendor_bd6a1b', 'amount': 800.0, 'paid_amount': 0.0, ...}
E   assert 500.0 &lt; 0.01
E    +  where 500.0 = abs((0.0 - 500.0))</failure></testcase><testcase classname="tests.test_iter61_vendor_spend_and_link" name="test_spend_by_vendor_uncategorized_bucket" time="0.306" /><testcase classname="tests.test_iter61_vendor_spend_and_link" name="test_link_transaction_set_and_clear" time="0.677" /></testsuite></testsuites>