<?xml version="1.0" encoding="utf-8"?><testsuites name="pytest tests"><testsuite name="pytest" errors="0" failures="0" skipped="0" tests="6" time="2.152" timestamp="2026-07-16T10:40:30.639345+00:00" hostname="agent-env-0c1de1d2-6552-4616-ac96-0653f7e53686"><testcase classname="tests.test_iteration13_txn_pagination" name="test_default_pagination_page1" time="0.625" /><testcase classname="tests.test_iteration13_txn_pagination" name="test_last_page_partial" time="0.299" /><testcase classname="tests.test_iteration13_txn_pagination" name="test_beyond_last_page_empty" time="0.119" /><testcase classname="tests.test_iteration13_txn_pagination" name="test_limit_zero_returns_all" time="0.364" /><testcase classname="tests.test_iteration13_txn_pagination" name="test_needs_review_filter_pagination" time="0.180" /><testcase classname="tests.test_iteration13_txn_pagination" name="test_page_size_50_navigation" time="0.244" /></testsuite></testsuites>