<?xml version="1.0" encoding="utf-8"?><testsuites name="pytest tests"><testsuite name="pytest" errors="0" failures="0" skipped="0" tests="13" time="5.383" timestamp="2026-07-30T10:57:49.683440+00:00" hostname="agent-env-0c1de1d2-6552-4616-ac96-0653f7e53686"><testcase classname="tests.test_iter53_enterprise_signup.TestEnterpriseWelcomeTemplate" name="test_subject_exact" time="0.001" /><testcase classname="tests.test_iter53_enterprise_signup.TestEnterpriseSignupFlow" name="test_pro_with_enterprise_name_provisions_all" time="1.012" /><testcase classname="tests.test_iter53_enterprise_signup.TestEnterpriseWelcomeTemplate" name="test_html_contains_name_enterprise_ctas_slug" time="0.000" /><testcase classname="tests.test_iter53_enterprise_signup.TestEnterpriseWelcomeTemplate" name="test_html_omits_slug_block_when_none" time="0.000" /><testcase classname="tests.test_iter53_enterprise_signup.TestEnterpriseWelcomeTemplate" name="test_html_private_label_footer" time="0.000" /><testcase classname="tests.test_iter53_enterprise_signup.TestSignupInModel" name="test_model_accepts_enterprise_name" time="0.082" /><testcase classname="tests.test_iter53_enterprise_signup.TestSignupInModel" name="test_model_enterprise_name_optional" time="0.001" /><testcase classname="tests.test_iter53_enterprise_signup.TestDispatcherDefaults" name="test_default_prefs_enterprise_welcome_true" time="0.130" /><testcase classname="tests.test_iter53_enterprise_signup.TestSignupResilience" name="test_signup_survives_template_exception" time="0.682" /><testcase classname="tests.test_iter53_enterprise_signup.TestEnterpriseSignupFlow" name="test_pro_without_enterprise_name_backwards_compatible" time="1.346" /><testcase classname="tests.test_iter53_enterprise_signup.TestEnterpriseSignupFlow" name="test_client_with_enterprise_name_is_ignored" time="1.325" /><testcase classname="tests.test_iter53_enterprise_signup.TestEnterpriseSignupFlow" name="test_enterprise_signup_example_com_logs_failed_row" time="0.500" /><testcase classname="tests.test_iter53_enterprise_signup.TestEnterpriseSignupFlow" name="test_enterprise_signup_resend_dev_logs_sent_row" time="0.559" /></testsuite></testsuites>