<?xml version="1.0" encoding="utf-8"?><testsuites name="pytest tests"><testsuite name="pytest" errors="0" failures="0" skipped="0" tests="7" time="2.888" timestamp="2026-07-16T12:14:00.302902+00:00" hostname="agent-env-0c1de1d2-6552-4616-ac96-0653f7e53686"><testcase classname="tests.test_iteration18_webhook_enqueue" name="test_webhook_enqueues_job[SYNC_UPDATES_AVAILABLE]" time="0.473" /><testcase classname="tests.test_iteration18_webhook_enqueue" name="test_webhook_enqueues_job[HISTORICAL_UPDATE]" time="0.407" /><testcase classname="tests.test_iteration18_webhook_enqueue" name="test_webhook_enqueues_job[INITIAL_UPDATE]" time="0.400" /><testcase classname="tests.test_iteration18_webhook_enqueue" name="test_webhook_enqueues_job[DEFAULT_UPDATE]" time="0.404" /><testcase classname="tests.test_iteration18_webhook_enqueue" name="test_webhook_unknown_code_no_enqueue" time="0.424" /><testcase classname="tests.test_iteration18_webhook_enqueue" name="test_webhook_unknown_item" time="0.149" /><testcase classname="tests.test_iteration18_webhook_enqueue" name="test_webhook_non_transactions_type" time="0.101" /></testsuite></testsuites>