<?xml version="1.0" encoding="utf-8"?><testsuites name="pytest tests"><testsuite name="pytest" errors="0" failures="0" skipped="0" tests="8" time="2.335" timestamp="2026-07-31T22:01:58.939645+00:00" hostname="agent-env-0c1de1d2-6552-4616-ac96-0653f7e53686"><testcase classname="tests.test_iter68_dup_send_bulktax.TestDuplicateInvoice" name="test_duplicate_invoice_copies_all_fields" time="0.995" /><testcase classname="tests.test_iter68_dup_send_bulktax.TestBillSendEmail" name="test_send_with_to_override" time="1.147" /><testcase classname="tests.test_iter68_dup_send_bulktax.TestDuplicateInvoice" name="test_duplicate_invoice_404" time="0.056" /><testcase classname="tests.test_iter68_dup_send_bulktax.TestDuplicateBill" name="test_duplicate_bill_copies_all_fields" time="0.319" /><testcase classname="tests.test_iter68_dup_send_bulktax.TestBillSendEmail" name="test_send_without_email_400" time="0.190" /><testcase classname="tests.test_iter68_dup_send_bulktax.TestBillSendEmail" name="test_send_404_unknown_bill" time="0.046" /><testcase classname="tests.test_iter68_dup_send_bulktax.TestDuplicateBill" name="test_duplicate_bill_404" time="0.097" /><testcase classname="tests.test_iter68_dup_send_bulktax.TestBulkTaxImport" name="test_bulk_import_flow" time="0.521" /></testsuite></testsuites>