<?xml version="1.0" encoding="utf-8"?><testsuites name="pytest tests"><testsuite name="pytest" errors="0" failures="0" skipped="0" tests="6" time="3.914" timestamp="2026-07-19T18:07:07.644876+00:00" hostname="agent-env-0c1de1d2-6552-4616-ac96-0653f7e53686"><testcase classname="tests.test_iter38_bulk_approve_ai_ready" name="test_dry_run_shape_and_no_mutation" time="0.733" /><testcase classname="tests.test_iter38_bulk_approve_ai_ready" name="test_auth_forbidden_without_company_access" time="0.467" /><testcase classname="tests.test_iter38_bulk_approve_ai_ready" name="test_auth_missing_token" time="0.160" /><testcase classname="tests.test_iter38_bulk_approve_ai_ready" name="test_seeded_apply_marks_rows_and_skips_closed" time="1.599" /><testcase classname="tests.test_iter38_bulk_approve_ai_ready" name="test_idempotent_second_apply" time="0.110" /><testcase classname="tests.test_iter38_bulk_approve_ai_ready" name="test_empty_state_shape" time="0.117" /></testsuite></testsuites>