<?xml version="1.0" encoding="utf-8"?><testsuites name="pytest tests"><testsuite name="pytest" errors="0" failures="0" skipped="0" tests="53" time="1.295" timestamp="2026-08-07T16:30:57.823463+00:00" hostname="agent-env-0c1de1d2-6552-4616-ac96-0653f7e53686"><testcase classname="tests.test_liability_statement_import" name="test_asset_naming_defaults_unchanged" time="0.000" /><testcase classname="tests.test_business_type_canon" name="test_exact_canonicals_unchanged" time="0.000" /><testcase classname="tests.test_liability_statement_import" name="test_liability_naming_defaults_to_credit_card" time="0.000" /><testcase classname="tests.test_liability_statement_import" name="test_liability_naming_preserves_specific_types" time="0.000" /><testcase classname="tests.test_liability_statement_import" name="test_build_account_name_uses_liability_default" time="0.000" /><testcase classname="tests.test_liability_statement_import" name="test_liability_opening_balance_ties_to_previous_statement" time="0.000" /><testcase classname="tests.test_liability_statement_import" name="test_asset_opening_balance_formula_untouched" time="0.000" /><testcase classname="tests.test_liability_statement_import" name="test_liability_paydown_only_period" time="0.000" /><testcase classname="tests.test_business_type_canon" name="test_case_insensitive_match" time="0.000" /><testcase classname="tests.test_business_type_canon" name="test_bare_llc_defaults_to_partnership" time="0.000" /><testcase classname="tests.test_business_type_canon" name="test_llc_with_s_election" time="0.000" /><testcase classname="tests.test_business_type_canon" name="test_llc_with_c_election" time="0.000" /><testcase classname="tests.test_business_type_canon" name="test_s_corp_variants" time="0.000" /><testcase classname="tests.test_business_type_canon" name="test_c_corp_variants" time="0.000" /><testcase classname="tests.test_business_type_canon" name="test_sole_proprietor_variants" time="0.000" /><testcase classname="tests.test_business_type_canon" name="test_limited_partnership" time="0.000" /><testcase classname="tests.test_business_type_canon" name="test_empty_or_none_returns_none" time="0.000" /><testcase classname="tests.test_liability_statement_import" name="test_liability_charge_only_period" time="0.000" /><testcase classname="tests.test_liability_statement_import" name="test_guard_fires_on_liability_paydown" time="0.000" /><testcase classname="tests.test_liability_statement_import" name="test_guard_skipped_on_asset_deposit" time="0.000" /><testcase classname="tests.test_liability_statement_import" name="test_guard_skipped_on_liability_charge" time="0.000" /><testcase classname="tests.test_liability_statement_import" name="test_guard_skipped_on_asset_withdrawal" time="0.000" /><testcase classname="tests.test_liability_statement_import" name="test_cardholder_subtotal_filter_by_description" time="0.000" /><testcase classname="tests.test_liability_statement_import" name="test_period_falls_back_when_veryfi_start_after_earliest_txn" time="0.000" /><testcase classname="tests.test_liability_statement_import" name="test_period_uses_veryfi_when_dates_envelope_txns" time="0.000" /><testcase classname="tests.test_liability_statement_import" name="test_period_falls_back_when_veryfi_end_before_latest_txn" time="0.000" /><testcase classname="tests.test_liability_statement_import" name="test_period_all_missing_falls_back_to_txn_boundaries" time="0.000" /><testcase classname="tests.test_liability_statement_import" name="test_year_wrap_correction_rolls_december_back" time="0.000" /><testcase classname="tests.test_liability_statement_import" name="test_year_wrap_correction_leaves_intra_period_dates_alone" time="0.000" /><testcase classname="tests.test_liability_statement_import" name="test_year_wrap_correction_uses_grace_window" time="0.000" /><testcase classname="tests.test_liability_statement_import" name="test_extract_transactions_applies_year_wrap_when_closing_present" time="0.000" /><testcase classname="tests.test_business_type_canon" name="test_unrecognized_returned_untouched" time="0.000" /><testcase classname="tests.test_voice_intent_item_matcher" name="test_match_ordinal_word_to_digit" time="0.000" /><testcase classname="tests.test_voice_intent_item_matcher" name="test_match_plural_ordinal_word" time="0.000" /><testcase classname="tests.test_voice_intent_item_matcher" name="test_match_exact_name_wins" time="0.000" /><testcase classname="tests.test_liability_statement_import" name="test_extract_transactions_noop_when_no_closing_date" time="0.000" /><testcase classname="tests.test_voice_intent_item_matcher" name="test_match_case_and_whitespace_insensitive" time="0.000" /><testcase classname="tests.test_voice_intent_item_matcher" name="test_no_match_returns_none" time="0.000" /><testcase classname="tests.test_sequential_invoice_numbers" name="test_returns_1001_when_no_prior_invoices" time="0.002" /><testcase classname="tests.test_voice_intent_item_matcher" name="test_single_word_partial_match" time="0.000" /><testcase classname="tests.test_qbo_mapper_ids" name="test_account_id_is_company_scoped" time="0.000" /><testcase classname="tests.test_qbo_mapper_ids" name="test_contact_id_disambiguates_customer_vs_vendor" time="0.000" /><testcase classname="tests.test_sequential_invoice_numbers" name="test_increments_from_highest_numeric_suffix" time="0.001" /><testcase classname="tests.test_qbo_mapper_ids" name="test_item_and_txn_ids_are_company_scoped" time="0.000" /><testcase classname="tests.test_qbo_mapper_ids" name="test_payment_direction_disambiguates" time="0.000" /><testcase classname="tests.test_sequential_invoice_numbers" name="test_ignores_non_matching_numbers" time="0.001" /><testcase classname="tests.test_liability_recon_math" name="test_liability_recon_zero_difference_on_perfect_tie" time="0.004" /><testcase classname="tests.test_sequential_invoice_numbers" name="test_respects_higher_than_floor" time="0.002" /><testcase classname="tests.test_sequential_invoice_numbers" name="test_regex_matches_common_shapes" time="0.000" /><testcase classname="tests.test_duplicate_accounts_filter" name="test_all_uncategorized_variants_normalize_to_uncategorized" time="0.000" /><testcase classname="tests.test_duplicate_accounts_filter" name="test_non_uncategorized_names_do_not_match" time="0.000" /><testcase classname="tests.test_liability_recon_math" name="test_asset_recon_unchanged_behaviour" time="0.004" /><testcase classname="tests.test_liability_recon_math" name="test_liability_recon_with_paydown_included" time="0.004" /></testsuite></testsuites>