<?xml version="1.0" encoding="utf-8"?><testsuites name="pytest tests"><testsuite name="pytest" errors="0" failures="0" skipped="0" tests="5" time="2.798" timestamp="2026-09-09T13:32:01.597534+00:00" hostname="agent-env-0c1de1d2-6552-4616-ac96-0653f7e53686"><testcase classname="tests.test_1099_cockpit_api" name="test_cross_summary_pro_200" time="0.768" /><testcase classname="tests.test_1099_cockpit_api" name="test_cross_summary_client_forbidden" time="0.587" /><testcase classname="tests.test_1099_cockpit_api" name="test_vendors_list_pro_200" time="0.166" /><testcase classname="tests.test_1099_cockpit_api" name="test_request_w9_creates_question" time="0.393" /><testcase classname="tests.test_1099_cockpit_api" name="test_preview_and_pdf" time="0.519" /></testsuite></testsuites>