<?xml version="1.0" encoding="utf-8"?><testsuites name="pytest tests"><testsuite name="pytest" errors="0" failures="0" skipped="0" tests="8" time="3.413" timestamp="2026-08-27T15:16:21.296733+00:00" hostname="agent-env-0c1de1d2-6552-4616-ac96-0653f7e53686"><testcase classname="tests.test_budgets_scope" name="test_scoped_budget_create_and_uniqueness" time="1.129" /><testcase classname="tests.test_budgets" name="test_budgets_crud" time="1.141" /><testcase classname="tests.test_budgets_scope" name="test_scoped_budget_requires_feature_flag" time="0.250" /><testcase classname="tests.test_budgets" name="test_bulk_upsert_lines_pl_guard_and_clear" time="0.274" /><testcase classname="tests.test_budgets_scope" name="test_scoped_variance_filters_to_scope" time="0.641" /><testcase classname="tests.test_budgets" name="test_budget_vs_actuals_variance" time="0.423" /><testcase classname="tests.test_budgets" name="test_prefill_from_prior_year" time="0.426" /><testcase classname="tests.test_budgets_scope" name="test_scoped_prefill_filters_to_scope" time="0.437" /></testsuite></testsuites>