<?xml version="1.0" encoding="utf-8"?><testsuites name="pytest tests"><testsuite name="pytest" errors="0" failures="2" skipped="0" tests="8" time="4.391" timestamp="2026-07-14T13:52:56.958651+00:00" hostname="agent-env-0c1de1d2-6552-4616-ac96-0653f7e53686"><testcase classname="tests.test_iteration6_balance.TestAfterJournalEntry" name="test_post_je_and_reports_still_balance" time="1.228" /><testcase classname="tests.test_iteration6_balance.TestBaselineIntegrity" name="test_trial_balance_balanced" time="0.922" /><testcase classname="tests.test_iteration6_balance.TestBaselineIntegrity" name="test_balance_sheet_balanced" time="0.143" /><testcase classname="tests.test_iteration6_balance.TestBaselineIntegrity" name="test_net_income_matches_equity_line" time="0.222" /><testcase classname="tests.test_iteration6_balance.TestAutoDefaultBank" name="test_txn_without_bank_defaults_to_1010" time="2.243"><failure message="AssertionError: Internal Server Error&#10;assert 500 in (200, 201)&#10; +  where 500 = &lt;Response [500]&gt;.status_code">backend/tests/test_iteration6_balance.py:122: in test_txn_without_bank_defaults_to_1010
    assert r.status_code in (200, 201), r.text
E   AssertionError: Internal Server Error
E   assert 500 in (200, 201)
E    +  where 500 = &lt;Response [500]&gt;.status_code</failure></testcase><testcase classname="tests.test_iteration6_balance.TestSplit" name="test_split_preserves_balance" time="2.353"><failure message="AssertionError: Internal Server Error&#10;assert 500 in (200, 201)&#10; +  where 500 = &lt;Response [500]&gt;.status_code">backend/tests/test_iteration6_balance.py:143: in test_split_preserves_balance
    assert r.status_code in (200, 201), r.text
E   AssertionError: Internal Server Error
E   assert 500 in (200, 201)
E    +  where 500 = &lt;Response [500]&gt;.status_code</failure></testcase><testcase classname="tests.test_iteration6_balance.TestARAging" name="test_ar_aging_shape" time="0.109" /><testcase classname="tests.test_iteration6_balance.TestGLIntegrity" name="test_gl_matches_tb" time="0.262" /></testsuite></testsuites>