<?xml version="1.0" encoding="utf-8"?><testsuites name="pytest tests"><testsuite name="pytest" errors="0" failures="1" skipped="0" tests="8" time="7.112" timestamp="2026-07-31T13:37:53.963681+00:00" hostname="agent-env-0c1de1d2-6552-4616-ac96-0653f7e53686"><testcase classname="tests.test_iter63_link_pdf_statement.TestSendStatement" name="test_unknown_customer_404" time="0.782" /><testcase classname="tests.test_iter63_link_pdf_statement.TestLinkAutoPayment" name="test_link_bill_creates_payment_and_marks_paid" time="1.631"><failure message="AssertionError: assert None == '029c28ec-6f84-4d0d-9f87-eff677b03028'">backend/tests/test_iter63_link_pdf_statement.py:126: in test_link_bill_creates_payment_and_marks_paid
    assert r2.json()["linked_payment_id"] == pid
E   AssertionError: assert None == '029c28ec-6f84-4d0d-9f87-eff677b03028'</failure></testcase><testcase classname="tests.test_iter63_link_pdf_statement.TestSendStatement" name="test_no_email_no_to_400" time="0.464" /><testcase classname="tests.test_iter63_link_pdf_statement.TestSendStatement" name="test_send_statement_shape" time="0.611" /><testcase classname="tests.test_iter63_link_pdf_statement.TestLinkAutoPayment" name="test_link_invoice_partial_then_paid" time="4.303" /><testcase classname="tests.test_iter63_link_pdf_statement.TestSendStatement" name="test_statement_excludes_draft_and_out_of_range" time="1.040" /><testcase classname="tests.test_iter63_link_pdf_statement.TestPdf" name="test_invoice_pdf" time="0.322" /><testcase classname="tests.test_iter63_link_pdf_statement.TestPdf" name="test_bill_pdf" time="0.440" /></testsuite></testsuites>