<?xml version="1.0" encoding="utf-8"?><testsuites name="pytest tests"><testsuite name="pytest" errors="0" failures="0" skipped="0" tests="5" time="1.865" timestamp="2026-07-31T21:09:38.144764+00:00" hostname="agent-env-0c1de1d2-6552-4616-ac96-0653f7e53686"><testcase classname="tests.test_iter67_bills_taxes.TestBillEditorBackend" name="test_create_get_patch_bill_full_fields" time="0.900" /><testcase classname="tests.test_iter67_bills_taxes.TestTaxLibrary" name="test_list_empty_or_ok" time="0.763" /><testcase classname="tests.test_iter67_bills_taxes.TestTaxLibrary" name="test_create_rename_delete" time="0.392" /><testcase classname="tests.test_iter67_bills_taxes.TestTaxLibrary" name="test_delete_refuses_when_in_use" time="0.299" /><testcase classname="tests.test_iter67_bills_taxes.TestTaxLibrary" name="test_invalid_rate" time="0.057" /></testsuite></testsuites>