<?xml version="1.0" encoding="utf-8"?><testsuites name="pytest tests"><testsuite name="pytest" errors="0" failures="0" skipped="0" tests="22" time="4.750" timestamp="2026-08-27T12:53:05.711245+00:00" hostname="agent-env-0c1de1d2-6552-4616-ac96-0653f7e53686"><testcase classname="tests.test_classes_crud" name="test_features_patch_and_flag_default_off" time="1.021" /><testcase classname="tests.test_advanced_features_phase1" name="test_new_company_features_default_all_false" time="1.070" /><testcase classname="tests.test_classes_crud" name="test_classes_crud_happy_path" time="0.294" /><testcase classname="tests.test_advanced_features_phase1" name="test_legacy_company_reads_all_false" time="0.005" /><testcase classname="tests.test_advanced_features_phase1" name="test_backfill_defaults_idempotent_and_scoped" time="0.008" /><testcase classname="tests.test_advanced_features_phase1" name="test_signed_balances_no_filter_unchanged" time="0.038" /><testcase classname="tests.test_advanced_features_phase1" name="test_signed_balances_project_filter_scopes_to_tagged_txns" time="0.049" /><testcase classname="tests.test_advanced_features_phase1" name="test_signed_balances_project_filter_scopes_je_lines" time="0.050" /><testcase classname="tests.test_advanced_features_phase1" name="test_indexes_exist" time="0.014" /><testcase classname="tests.test_project_timeline_docs" name="test_project_and_phase_dates_roundtrip" time="0.266" /><testcase classname="tests.test_classes_crud" name="test_class_in_use_blocks_hard_delete" time="0.259" /><testcase classname="tests.test_project_timeline_docs" name="test_invoice_bill_estimate_project_link" time="0.289" /><testcase classname="tests.test_classes_crud" name="test_txn_patch_accepts_class_id_and_clears_via_empty_string" time="0.308" /><testcase classname="tests.test_project_timeline_docs" name="test_project_documents_endpoint" time="0.258" /><testcase classname="tests.test_classes_crud" name="test_parent_nesting_capped_at_one_level" time="0.250" /><testcase classname="tests.test_projects_crud" name="test_projects_crud_happy_path" time="0.297" /><testcase classname="tests.test_project_phases" name="test_phases_crud" time="0.306" /><testcase classname="tests.test_projects_crud" name="test_project_in_use_blocks_hard_delete" time="0.249" /><testcase classname="tests.test_project_phases" name="test_profitability_by_phase_breakdown" time="0.349" /><testcase classname="tests.test_projects_crud" name="test_project_profitability_report_rolls_up_correctly" time="0.290" /><testcase classname="tests.test_estimates_vs_actuals" name="test_estimates_vs_actuals_rolls_up_by_project" time="0.270" /><testcase classname="tests.test_estimates_vs_actuals" name="test_include_completed_filter" time="0.265" /></testsuite></testsuites>