<?xml version="1.0" encoding="utf-8"?><testsuites name="pytest tests"><testsuite name="pytest" errors="0" failures="0" skipped="0" tests="9" time="3.963" timestamp="2026-07-15T23:24:24.528967+00:00" hostname="agent-env-0c1de1d2-6552-4616-ac96-0653f7e53686"><testcase classname="tests.test_iteration11_dedup_fixes" name="test_unique_partial_index_exists_and_enforces" time="0.005" /><testcase classname="tests.test_iteration11_dedup_fixes" name="test_merchant_cache_rejects_low_conf_llm_on_insert" time="0.002" /><testcase classname="tests.test_iteration11_dedup_fixes" name="test_merchant_cache_rejects_low_conf_llm_on_update_and_user_authoritative" time="0.006" /><testcase classname="tests.test_iteration11_dedup_fixes" name="test_sync_and_import_deletes_removed_txns" time="0.004" /><testcase classname="tests.test_iteration11_dedup_fixes" name="test_categorize_and_insert_survives_duplicate" time="0.005" /><testcase classname="tests.test_iteration11_dedup_fixes" name="test_regression_355_txn_count" time="0.678" /><testcase classname="tests.test_iteration11_dedup_fixes" name="test_regression_355_balance_sheet_balanced" time="0.116" /><testcase classname="tests.test_iteration11_dedup_fixes" name="test_regression_core_endpoints" time="0.208" /><testcase classname="tests.test_iteration11_dedup_fixes" name="test_regression_355_has_plaid_item_and_obe" time="0.002" /></testsuite></testsuites>