<?xml version="1.0" encoding="utf-8"?><testsuites name="pytest tests"><testsuite name="pytest" errors="0" failures="0" skipped="0" tests="8" time="4.349" timestamp="2026-08-27T12:54:54.265185+00:00" hostname="agent-env-0c1de1d2-6552-4616-ac96-0653f7e53686"><testcase classname="tests.test_phase35_live" name="test_project_exists" time="0.601" /><testcase classname="tests.test_phase35_live" name="test_project_documents_endpoint_shape" time="0.216" /><testcase classname="tests.test_phase35_live" name="test_project_documents_unknown_project_404" time="0.137" /><testcase classname="tests.test_phase35_live" name="test_patch_project_dates" time="0.321" /><testcase classname="tests.test_phase35_live" name="test_invoice_with_project_id_persists_and_appears_in_documents" time="1.292" /><testcase classname="tests.test_phase35_live" name="test_bill_with_project_id_persists" time="0.561" /><testcase classname="tests.test_phase35_live" name="test_estimate_with_project_id_persists" time="0.496" /><testcase classname="tests.test_phase35_live" name="test_phase_dates_patch" time="0.295" /></testsuite></testsuites>