<?xml version="1.0" encoding="utf-8"?><testsuites name="pytest tests"><testsuite name="pytest" errors="0" failures="0" skipped="0" tests="4" time="3.401" timestamp="2026-08-27T18:36:28.419123+00:00" hostname="agent-env-0c1de1d2-6552-4616-ac96-0653f7e53686"><testcase classname="tests.test_time_entries" name="test_time_entries_crud_rollup_myweek" time="1.182" /><testcase classname="tests.test_time_entries" name="test_time_entry_rate_snapshot_isolated_from_future_rate_change" time="0.241" /><testcase classname="tests.test_time_entries" name="test_time_entry_approval_flow_and_rollup_excludes_non_approved" time="0.285" /><testcase classname="tests.test_time_entries" name="test_time_entry_approve_rejects_non_manager" time="0.459" /></testsuite></testsuites>