<?xml version="1.0" encoding="utf-8"?><testsuites name="pytest tests"><testsuite name="pytest" errors="0" failures="0" skipped="0" tests="16" time="5.811" timestamp="2026-07-30T10:05:10.082219+00:00" hostname="agent-env-0c1de1d2-6552-4616-ac96-0653f7e53686"><testcase classname="tests.test_iter52_affiliate_welcome_email.TestSignupTriggersAffiliateWelcome" name="test_affiliate_signup_example_com_logs_failed_row" time="1.079" /><testcase classname="tests.test_iter52_affiliate_welcome_email.TestAffiliateWelcomeTemplate" name="test_subject_exact" time="0.008" /><testcase classname="tests.test_iter52_affiliate_welcome_email.TestAffiliateWelcomeTemplate" name="test_html_contains_name_and_link_and_qr_and_tiers_and_cta" time="0.005" /><testcase classname="tests.test_iter52_affiliate_welcome_email.TestAffiliateWelcomeTemplate" name="test_html_referrer_thanks_when_provided" time="0.003" /><testcase classname="tests.test_iter52_affiliate_welcome_email.TestAffiliateWelcomeTemplate" name="test_html_no_referrer_thanks_when_absent" time="0.003" /><testcase classname="tests.test_iter52_affiliate_welcome_email.TestAffiliateWelcomeTemplate" name="test_html_size_under_100kb" time="0.005" /><testcase classname="tests.test_iter52_affiliate_welcome_email.TestAffiliateWelcomeTemplate" name="test_qr_data_uri_decodes_to_png" time="0.004" /><testcase classname="tests.test_iter52_affiliate_welcome_email.TestAffiliateWelcomeTemplate" name="test_graceful_degradation_without_segno" time="0.000" /><testcase classname="tests.test_iter52_affiliate_welcome_email.TestReferredAffiliateEmail" name="test_referred_affiliate_includes_referrer_thanks" time="1.887" /><testcase classname="tests.test_iter52_affiliate_welcome_email.TestSignupTriggersAffiliateWelcome" name="test_affiliate_signup_response_unaffected_by_email_outcome" time="0.687" /><testcase classname="tests.test_iter52_affiliate_welcome_email.TestSignupTriggersAffiliateWelcome" name="test_client_signup_does_not_trigger_affiliate_welcome" time="1.341" /><testcase classname="tests.test_iter52_affiliate_welcome_email.TestReferredAffiliateEmail" name="test_referrer_name_fallback_to_email_local_part" time="1.241" /><testcase classname="tests.test_iter52_affiliate_welcome_email.TestSignupTriggersAffiliateWelcome" name="test_pro_signup_does_not_trigger_affiliate_welcome" time="1.320" /><testcase classname="tests.test_iter52_affiliate_welcome_email.TestDispatcherDefaults" name="test_default_prefs_includes_affiliate_welcome_true" time="0.051" /><testcase classname="tests.test_iter52_affiliate_welcome_email.TestResendSandbox" name="test_affiliate_signup_resend_dev_status" time="0.604" /><testcase classname="tests.test_iter52_affiliate_welcome_email.TestSignupResilience" name="test_signup_survives_template_exception" time="0.514" /></testsuite></testsuites>