<?xml version="1.0" encoding="utf-8"?><testsuites name="pytest tests"><testsuite name="pytest" errors="0" failures="0" skipped="0" tests="14" time="3.609" timestamp="2026-09-03T11:43:56.884940+00:00" hostname="agent-env-0c1de1d2-6552-4616-ac96-0653f7e53686"><testcase classname="tests.test_iter84_sales_tax_flows" name="test_bug1_edit_resave_does_not_double" time="1.173" /><testcase classname="tests.test_iter84_sales_tax_flows" name="test_bug2_tax_liability_endpoint_returns_shape" time="0.061" /><testcase classname="tests.test_iter84_sales_tax_flows" name="test_bug2_creating_invoice_increments_tax_liability" time="0.299" /><testcase classname="tests.test_iter84_sales_tax_flows" name="test_feature_tax_patch_accepts_payable_account_id" time="0.229" /><testcase classname="tests.test_iter84_sales_tax_flows" name="test_tax_payments_endpoint_lists" time="0.054" /><testcase classname="tests.test_iter84_sales_tax_flows" name="test_record_tax_payment_drains_liability" time="0.468" /><testcase classname="tests.test_iter84_sales_tax_flows" name="test_regression_plain_no_tax_invoice" time="0.177" /><testcase classname="tests.test_invoice_line_tax_persistence.TestLineTaxPersistence" name="test_create_persists_line_tax_fields" time="0.532" /><testcase classname="tests.test_invoice_line_tax_persistence.TestLineTaxPersistence" name="test_get_returns_line_tax_fields" time="0.062" /><testcase classname="tests.test_invoice_line_tax_persistence.TestLineTaxPersistence" name="test_resave_does_not_double_tax" time="0.132" /><testcase classname="tests.test_invoice_line_tax_persistence.TestLineTaxPersistence" name="test_patch_omitting_tax_preserves_rollup" time="0.138" /><testcase classname="tests.test_sales_tax_je_parity" name="test_invoice_with_line_tax_posts_balanced_je" time="0.015" /><testcase classname="tests.test_sales_tax_je_parity" name="test_record_tax_payment_reduces_liability" time="0.009" /><testcase classname="tests.test_sales_tax_je_parity" name="test_invoice_with_shipping_and_discount_stays_balanced" time="0.008" /></testsuite></testsuites>