<?xml version="1.0" encoding="utf-8"?><testsuites name="pytest tests"><testsuite name="pytest" errors="0" failures="0" skipped="0" tests="13" time="2.297" timestamp="2026-07-31T00:05:40.089790+00:00" hostname="agent-env-0c1de1d2-6552-4616-ac96-0653f7e53686"><testcase classname="tests.test_iter56_recurring.TestRecurringInvoice" name="test_create_bad_frequency" time="0.669" /><testcase classname="tests.test_iter56_recurring.TestRecurringInvoice" name="test_create_bad_kind" time="0.053" /><testcase classname="tests.test_iter56_recurring.TestSoftDuplicateNumber" name="test_invoice_duplicate_number_warn" time="1.271" /><testcase classname="tests.test_iter56_recurring.TestRecurringInvoice" name="test_create_monthly_invoice_template" time="0.120" /><testcase classname="tests.test_iter56_recurring.TestRecurringInvoice" name="test_list_only_invoice_kind" time="0.046" /><testcase classname="tests.test_iter56_recurring.TestRecurringInvoice" name="test_run_now_generates_draft_invoice" time="0.150" /><testcase classname="tests.test_iter56_recurring.TestRecurringInvoice" name="test_month_end_capping_pure" time="0.129" /><testcase classname="tests.test_iter56_recurring.TestRecurringInvoice" name="test_pause_resume_idempotent" time="0.346" /><testcase classname="tests.test_iter56_recurring.TestSoftDuplicateNumber" name="test_bill_duplicate_number_warn" time="0.202" /><testcase classname="tests.test_iter56_recurring.TestRecurringInvoice" name="test_patch_template" time="0.146" /><testcase classname="tests.test_iter56_recurring.TestRecurringBill" name="test_create_and_run_bill" time="0.327" /><testcase classname="tests.test_iter56_recurring.TestRecurringInvoice" name="test_patch_bad_frequency" time="0.090" /><testcase classname="tests.test_iter56_recurring.TestRecurringInvoice" name="test_delete_template" time="0.130" /></testsuite></testsuites>