<?xml version="1.0" encoding="utf-8"?><testsuites name="pytest tests"><testsuite name="pytest" errors="0" failures="2" skipped="0" tests="5" time="2.157" timestamp="2026-07-15T10:25:09.498533+00:00" hostname="agent-env-0c1de1d2-6552-4616-ac96-0653f7e53686"><testcase classname="tests.test_iteration7_gl_source" name="test_post_je_and_split_then_verify_gl_sources" time="1.298" /><testcase classname="tests.test_iteration7_gl_source" name="test_trial_balance_still_balanced" time="0.138"><failure message="AssertionError: trial balance not balanced: {'company_name': 'Skyward Sparks, LLC', 'as_of': '2026-07-15', 'rows': [{'code': '1010', 'name': 'Business Checking', 'debit': 43795.23, 'credit': 0.0}, {'code': '4000', 'name': 'Service Revenue', 'debit': 0.0, 'credit': 69800.0}, {'code': '6000', 'name': 'Meals', 'debit': 387.35, 'credit': 0.0}, {'code': '6100', 'name': 'Travel', 'debit': 2600.0, 'credit': 0.0}, {'code': '6200', 'name': 'Advertising &amp; Marketing', 'debit': 1950.0, 'credit': 0.0}, {'code': '6250', 'name': 'Dues &amp; Subscriptions', 'debit': 744.87, 'credit': 0.0}, {'code': '6300', 'name': 'Office Supplies', 'debit': 141.96, 'credit': 0.0}, {'code': '6400', 'name': 'Insurance', 'debit': 855.0, 'credit': 0.0}, {'code': '6500', 'name': 'Legal &amp; Professional Fees', 'debit': 750.0, 'credit': 0.0}, {'code': '6600', 'name': 'Utilities', 'debit': 949.95, 'credit': 0.0}, {'code': '6700', 'name': 'Rent', 'debit': 1250.0, 'credit': 0.0}, {'code': '6800', 'name': 'Supplies &amp; Materials', 'debit': 1650.2, 'credit': 0.0}, {'code': '6900', 'name': 'Repairs &amp; Maintenance', 'debit': 770.64, 'credit': 0.0}, {'code': '7100', 'name': 'Software &amp; SaaS', 'debit': 607.64, 'credit': 0.0}, {'code': '9999', 'name': 'Uncategorized Expense', 'debit': 13315.06, 'credit': 0.0}], 'total_debit': 69767.9, 'total_credit': 69800.0, 'balanced': False}&#10;assert False is True">backend/tests/test_iteration7_gl_source.py:103: in test_trial_balance_still_balanced
    assert j["balanced"] is True, f"trial balance not balanced: {j}"
E   AssertionError: trial balance not balanced: {'company_name': 'Skyward Sparks, LLC', 'as_of': '2026-07-15', 'rows': [{'code': '1010', 'name': 'Business Checking', 'debit': 43795.23, 'credit': 0.0}, {'code': '4000', 'name': 'Service Revenue', 'debit': 0.0, 'credit': 69800.0}, {'code': '6000', 'name': 'Meals', 'debit': 387.35, 'credit': 0.0}, {'code': '6100', 'name': 'Travel', 'debit': 2600.0, 'credit': 0.0}, {'code': '6200', 'name': 'Advertising &amp; Marketing', 'debit': 1950.0, 'credit': 0.0}, {'code': '6250', 'name': 'Dues &amp; Subscriptions', 'debit': 744.87, 'credit': 0.0}, {'code': '6300', 'name': 'Office Supplies', 'debit': 141.96, 'credit': 0.0}, {'code': '6400', 'name': 'Insurance', 'debit': 855.0, 'credit': 0.0}, {'code': '6500', 'name': 'Legal &amp; Professional Fees', 'debit': 750.0, 'credit': 0.0}, {'code': '6600', 'name': 'Utilities', 'debit': 949.95, 'credit': 0.0}, {'code': '6700', 'name': 'Rent', 'debit': 1250.0, 'credit': 0.0}, {'code': '6800', 'name': 'Supplies &amp; Materials', 'debit': 1650.2, 'credit': 0.0}, {'code': '6900', 'name': 'Repairs &amp; Maintenance', 'debit': 770.64, 'credit': 0.0}, {'code': '7100', 'name': 'Software &amp; SaaS', 'debit': 607.64, 'credit': 0.0}, {'code': '9999', 'name': 'Uncategorized Expense', 'debit': 13315.06, 'credit': 0.0}], 'total_debit': 69767.9, 'total_credit': 69800.0, 'balanced': False}
E   assert False is True</failure></testcase><testcase classname="tests.test_iteration7_gl_source" name="test_balance_sheet_still_balanced" time="0.103"><failure message="AssertionError: BS not balanced: -32.1&#10;assert False is True">backend/tests/test_iteration7_gl_source.py:116: in test_balance_sheet_still_balanced
    assert j["balanced"] is True, f"BS not balanced: {j.get('imbalance')}"
E   AssertionError: BS not balanced: -32.1
E   assert False is True</failure></testcase><testcase classname="tests.test_iteration7_gl_source" name="test_gl_pdf_returns_pdf" time="0.128" /><testcase classname="tests.test_iteration7_gl_source" name="test_gl_json_shape_all_entries_have_source" time="0.148" /></testsuite></testsuites>