<?xml version="1.0" encoding="utf-8"?><testsuites name="pytest tests"><testsuite name="pytest" errors="0" failures="0" skipped="0" tests="14" time="4.061" timestamp="2026-07-29T18:02:54.788695+00:00" hostname="agent-env-0c1de1d2-6552-4616-ac96-0653f7e53686"><testcase classname="tests.test_iter50_payout_console.TestOverview" name="test_overview_shape" time="0.607" /><testcase classname="tests.test_iter50_payout_console.TestOverview" name="test_overview_forbidden_for_pro" time="0.650" /><testcase classname="tests.test_iter50_payout_console.TestPerReferrerLines" name="test_all_lines" time="1.281" /><testcase classname="tests.test_iter50_payout_console.TestOverview" name="test_overview_unauth_401" time="0.101" /><testcase classname="tests.test_iter50_payout_console.TestPerReferrerLines" name="test_status_filter_accrued" time="0.927" /><testcase classname="tests.test_iter50_payout_console.TestReversePayout" name="test_reverse_flow" time="1.142" /><testcase classname="tests.test_iter50_payout_console.TestPerReferrerLines" name="test_status_filter_paid_out" time="0.102" /><testcase classname="tests.test_iter50_payout_console.TestHistory" name="test_history_shape_and_sort" time="0.126" /><testcase classname="tests.test_iter50_payout_console.TestHistory" name="test_history_forbidden_for_pro" time="0.147" /><testcase classname="tests.test_iter50_payout_console.TestReversePayout" name="test_reverse_accrued_row_400" time="0.131" /><testcase classname="tests.test_iter50_payout_console.TestMarkPaidHappyPath" name="test_mark_all_accrued" time="0.611" /><testcase classname="tests.test_iter50_payout_console.TestReversePayout" name="test_reverse_unknown_id_404" time="0.102" /><testcase classname="tests.test_iter50_payout_console.TestMarkPaidIdempotent" name="test_second_call_marks_zero" time="0.271" /><testcase classname="tests.test_iter50_payout_console.TestCherryPick" name="test_only_selected_ids_move" time="0.239" /></testsuite></testsuites>