<?xml version="1.0" encoding="utf-8"?><testsuites name="pytest tests"><testsuite name="pytest" errors="0" failures="0" skipped="0" tests="6" time="3.571" timestamp="2026-07-31T13:02:59.367255+00:00" hostname="agent-env-0c1de1d2-6552-4616-ac96-0653f7e53686"><testcase classname="tests.test_iter62_customer_revenue_and_detail" name="test_revenue_by_customer_basic_shape" time="0.534" /><testcase classname="tests.test_iter62_customer_revenue_and_detail" name="test_revenue_by_customer_math_and_exclusions" time="1.797" /><testcase classname="tests.test_iter62_customer_revenue_and_detail" name="test_customer_detail_missing_params_400" time="0.106" /><testcase classname="tests.test_iter62_customer_revenue_and_detail" name="test_vendor_detail_missing_params_400" time="0.104" /><testcase classname="tests.test_iter62_customer_revenue_and_detail" name="test_vendor_detail_by_id" time="0.572" /><testcase classname="tests.test_iter62_customer_revenue_and_detail" name="test_customer_detail_by_name_uncategorized_fallback" time="0.111" /></testsuite></testsuites>