<?xml version="1.0" encoding="utf-8"?><testsuites name="pytest tests"><testsuite name="pytest" errors="0" failures="0" skipped="0" tests="14" time="3.979" timestamp="2026-08-27T19:12:43.033066+00:00" hostname="agent-env-0c1de1d2-6552-4616-ac96-0653f7e53686"><testcase classname="tests.test_time_entries" name="test_time_entries_crud_rollup_myweek" time="1.220" /><testcase classname="tests.test_notes_permissions_extended" name="test_notes_cross_company_blocked" time="1.374" /><testcase classname="tests.test_time_entries" name="test_time_entry_rate_snapshot_isolated_from_future_rate_change" time="0.249" /><testcase classname="tests.test_notes_permissions_extended" name="test_notes_missing_entity_fields_returns_400" time="0.244" /><testcase classname="tests.test_time_entries" name="test_time_entry_approval_flow_and_rollup_excludes_non_approved" time="0.289" /><testcase classname="tests.test_notes_permissions_extended" name="test_notes_no_bleed_across_entity_types" time="0.250" /><testcase classname="tests.test_time_entries" name="test_time_entry_approve_rejects_non_manager" time="0.471" /><testcase classname="tests.test_notes_permissions_extended" name="test_notes_pinned_ordering_two_notes" time="0.245" /><testcase classname="tests.test_notes_permissions_extended" name="test_employee_permission_overrides_non_dict_rejected" time="0.252" /><testcase classname="tests.test_deals" name="test_deals_crud_and_board" time="0.315" /><testcase classname="tests.test_notes_permissions_extended" name="test_employees_duplicate_email_case_insensitive" time="0.242" /><testcase classname="tests.test_deals" name="test_deal_to_project_conversion" time="0.275" /><testcase classname="tests.test_team_calendar" name="test_team_calendar_window_and_filter" time="0.259" /><testcase classname="tests.test_notes" name="test_notes_crud" time="0.275" /></testsuite></testsuites>