<?xml version="1.0" encoding="utf-8"?><testsuites name="pytest tests"><testsuite name="pytest" errors="0" failures="0" skipped="0" tests="5" time="2.412" timestamp="2026-07-31T19:36:29.245155+00:00" hostname="agent-env-0c1de1d2-6552-4616-ac96-0653f7e53686"><testcase classname="tests.test_iter65_company_branding_pdf.TestBrandingAndPdf" name="test_01_patch_rejects_unknown_field" time="0.618" /><testcase classname="tests.test_iter65_company_branding_pdf.TestBrandingAndPdf" name="test_02_patch_accepts_branding_fields_round_trip" time="0.227" /><testcase classname="tests.test_iter65_company_branding_pdf.TestBrandingAndPdf" name="test_03_invoice_pdf_plain_then_branded_grows" time="0.575" /><testcase classname="tests.test_iter65_company_branding_pdf.TestBrandingAndPdf" name="test_04_bill_pdf_with_branding" time="0.324" /><testcase classname="tests.test_iter65_company_branding_pdf.TestBrandingAndPdf" name="test_05_bill_pdf_plain" time="0.326" /></testsuite></testsuites>