<?xml version="1.0" encoding="utf-8"?><testsuites name="pytest tests"><testsuite name="pytest" errors="0" failures="0" skipped="0" tests="3" time="3.441" timestamp="2026-07-16T12:49:01.136389+00:00" hostname="agent-env-0c1de1d2-6552-4616-ac96-0653f7e53686"><testcase classname="tests.test_iteration20_webhook_dedup_and_contact" name="test_concurrent_webhook_dedups_to_one_job" time="0.774" /><testcase classname="tests.test_iteration20_webhook_dedup_and_contact" name="test_merchant_name_fallback_creates_contacts" time="1.562" /><testcase classname="tests.test_iteration20_webhook_dedup_and_contact" name="test_535_llc_backfill_and_dashboard" time="0.972" /></testsuite></testsuites>