<?xml version="1.0" encoding="utf-8"?><testsuites name="pytest tests"><testsuite name="pytest" errors="0" failures="0" skipped="0" tests="5" time="3.598" timestamp="2026-07-30T11:16:06.217643+00:00" hostname="agent-env-0c1de1d2-6552-4616-ac96-0653f7e53686"><testcase classname="tests.test_iter54_plan_comparison.TestWhitelabelWaitlist" name="test_pro_can_join_waitlist_and_persist" time="0.731" /><testcase classname="tests.test_iter54_plan_comparison.TestWhitelabelWaitlist" name="test_repeat_call_refreshes_timestamp" time="1.311" /><testcase classname="tests.test_iter54_plan_comparison.TestWhitelabelWaitlist" name="test_client_forbidden" time="0.428" /><testcase classname="tests.test_iter54_plan_comparison.TestWhitelabelWaitlist" name="test_anonymous_unauthorized" time="0.130" /><testcase classname="tests.test_iter54_plan_comparison.TestWhitelabelWaitlist" name="test_superadmin_can_call" time="0.449" /></testsuite></testsuites>