<?xml version="1.0" encoding="utf-8"?><testsuites name="pytest tests"><testsuite name="pytest" errors="0" failures="0" skipped="0" tests="4" time="3.106" timestamp="2026-08-27T20:29:25.718786+00:00" hostname="agent-env-0c1de1d2-6552-4616-ac96-0653f7e53686"><testcase classname="tests.test_contact_crm_live" name="test_crm_summary_shape" time="0.779" /><testcase classname="tests.test_contact_crm_live" name="test_activity_validation_and_add" time="0.823" /><testcase classname="tests.test_contact_crm_live" name="test_patch_stage_and_lead_source" time="0.331" /><testcase classname="tests.test_contact_crm_live" name="test_deal_activity_merges_into_feed" time="0.747" /></testsuite></testsuites>