<?xml version="1.0" encoding="utf-8"?><testsuites name="pytest tests"><testsuite name="pytest" errors="0" failures="0" skipped="0" tests="10" time="3.439" timestamp="2026-09-10T18:04:18.428575+00:00" hostname="agent-env-0c1de1d2-6552-4616-ac96-0653f7e53686"><testcase classname="tests.test_client_cockpit_cards" name="test_waiting_on_client" time="0.675" /><testcase classname="tests.test_client_cockpit_cards" name="test_waiting_channel_filter" time="0.135" /><testcase classname="tests.test_client_cockpit_cards" name="test_waiting_q_filter" time="0.155" /><testcase classname="tests.test_client_cockpit_cards" name="test_client_answers" time="0.308" /><testcase classname="tests.test_client_cockpit_cards" name="test_client_answers_review_state" time="0.518" /><testcase classname="tests.test_client_cockpit_cards" name="test_cashflow_snapshot" time="0.233" /><testcase classname="tests.test_client_cockpit_cards" name="test_assigned_agents" time="0.161" /><testcase classname="tests.test_client_cockpit_cards" name="test_followup_empty_message" time="0.345" /><testcase classname="tests.test_client_cockpit_cards" name="test_followup_success_and_answered_reject" time="0.685" /><testcase classname="tests.test_client_cockpit_cards" name="test_followup_404" time="0.139" /></testsuite></testsuites>