<?xml version="1.0" encoding="utf-8"?><testsuites name="pytest tests"><testsuite name="pytest" errors="0" failures="0" skipped="0" tests="5" time="5.242" timestamp="2026-07-17T10:35:26.064744+00:00" hostname="agent-env-0c1de1d2-6552-4616-ac96-0653f7e53686"><testcase classname="tests.test_iter23_cash_on_hand_live" name="test_317_llc_cash_matches_expected" time="2.254" /><testcase classname="tests.test_iter23_cash_on_hand_live" name="test_other_live_companies_no_regression[1829a9eb-7df2-4a31-afcf-7e50a514da7e]" time="0.108" /><testcase classname="tests.test_iter23_cash_on_hand_live" name="test_regression_legacy_1010_still_counted" time="1.551" /><testcase classname="tests.test_iter23_cash_on_hand_live" name="test_regression_non_cash_assets_do_not_leak" time="0.006" /><testcase classname="tests.test_iter23_cash_on_hand_live" name="test_regression_resolver_shape" time="0.011" /></testsuite></testsuites>