<?xml version="1.0" encoding="utf-8"?><testsuites name="pytest tests"><testsuite name="pytest" errors="0" failures="0" skipped="1" tests="32" time="6.053" timestamp="2026-07-29T17:49:28.558647+00:00" hostname="agent-env-0c1de1d2-6552-4616-ac96-0653f7e53686"><testcase classname="tests.test_iter49_affiliate_v2.TestShareInfo" name="test_share_returns_expected_fields" time="0.523" /><testcase classname="tests.test_iter49_affiliate_v2.TestSlugRename" name="test_rename_valid" time="0.499" /><testcase classname="tests.test_iter49_affiliate_v2.TestSlugRename" name="test_rename_invalid_shape_400[Priya Patel]" time="0.130" /><testcase classname="tests.test_iter49_affiliate_v2.TestSlugRename" name="test_rename_invalid_shape_400[AB]" time="0.117" /><testcase classname="tests.test_iter49_affiliate_v2.TestSlugRename" name="test_rename_invalid_shape_400[ab]" time="0.123" /><testcase classname="tests.test_iter49_affiliate_v2.TestSlugRename" name="test_rename_invalid_shape_400[-leading]" time="0.112" /><testcase classname="tests.test_iter49_affiliate_v2.TestSlugRename" name="test_rename_invalid_shape_400[trailing-]" time="0.147" /><testcase classname="tests.test_iter49_affiliate_v2.TestSlugRename" name="test_rename_invalid_shape_400[double--dash]" time="0.114"><skipped type="pytest.xfail" message="BUG: SLUG_RE allows consecutive dashes; slugify_name collapses them but set_slug_for_user does not." /></testcase><testcase classname="tests.test_iter49_affiliate_v2.TestSlugRename" name="test_rename_invalid_shape_400[bad slug!]" time="0.587" /><testcase classname="tests.test_iter49_affiliate_v2.TestSlugRename" name="test_rename_invalid_shape_400[aaaaaaaaaaaaaaaaaaaaaaaaaaaaaaaaaaaaaaaaa]" time="0.104" /><testcase classname="tests.test_iter49_affiliate_v2.TestSlugRename" name="test_rename_reserved_400[admin]" time="0.101" /><testcase classname="tests.test_iter49_affiliate_v2.TestSlugRename" name="test_rename_reserved_400[api]" time="0.115" /><testcase classname="tests.test_iter49_affiliate_v2.TestSlugRename" name="test_rename_reserved_400[signup]" time="0.109" /><testcase classname="tests.test_iter49_affiliate_v2.TestSlugRename" name="test_rename_reserved_400[pricing]" time="0.119" /><testcase classname="tests.test_iter49_affiliate_v2.TestSlugRename" name="test_rename_taken_by_other_user_409" time="0.577" /><testcase classname="tests.test_iter49_affiliate_v2.TestBuyPageUrl" name="test_set_buy_page_url_updates_share_link" time="0.234" /><testcase classname="tests.test_iter49_affiliate_v2.TestBuyPageUrl" name="test_clear_buy_page_url_falls_back_to_platform" time="0.249" /><testcase classname="tests.test_iter49_affiliate_v2.TestBuyPageUrl" name="test_invalid_buy_page_url_400[not-a-url]" time="0.126" /><testcase classname="tests.test_iter49_affiliate_v2.TestBuyPageUrl" name="test_invalid_buy_page_url_400[ftp://x.com]" time="0.097" /><testcase classname="tests.test_iter49_affiliate_v2.TestBuyPageUrl" name="test_invalid_buy_page_url_400[https://aaaaaaaaaaaaaaaaaaaaaaaaaaaaaaaaaaaaaaaaaaaaaaaaaaaaaaaaaaaaaaaaaaaaaaaaaaaaaaaaaaaaaaaaaaaaaaaaaaaaaaaaaaaaaaaaaaaaaaaaaaaaaaaaaaaaaaaaaaaaaaaaaaaaaaaaaaaaaaaaaaaaaaaaaaaaaaaaaaaaaaaaaaaaaaaaaaaaaaaaaaaaaaaaaaaaaaaaaaaaaaaaaaaaaaaaaaaaaaaaaaaaaaaaaaaaaaaaaaaaaaaaaaaaaaaaaaaaaaaaaaaaaaaaaaaaaaaaaaaaaaaaaaaaaaaaaaaaaaaaaaaaaaaaaaaaaaaaaaaaaaaaaaaaaaaaaaaaaaaaaaaaaaaaaaaaaaaaaaaaaaaaaaaaaaaaaaaaaaaaaaaaaaaaaaaaaaaaaaaaaaaaaaaaaaaaaaaaaaaaaaaaaaaaaaaaaaaaaaaaaaaaaaaaaaaaaaaaaaaaaaaaaaaaaaaaaaaaaaaa.com]" time="0.153" /><testcase classname="tests.test_iter49_affiliate_v2.TestShareLookup" name="test_lookup_known_slug_no_auth" time="0.222" /><testcase classname="tests.test_iter49_affiliate_v2.TestShareLookup" name="test_lookup_unknown_slug_404" time="0.099" /><testcase classname="tests.test_iter49_affiliate_v2.TestReferralsList" name="test_referrals_shape" time="0.140" /><testcase classname="tests.test_iter49_affiliate_v2.TestReferralsList" name="test_seeded_referred_user_appears" time="0.336" /><testcase classname="tests.test_iter49_affiliate_v2.TestShareReport" name="test_report_default_window_shape" time="0.107" /><testcase classname="tests.test_iter49_affiliate_v2.TestShareReport" name="test_report_custom_window_with_seeded_row" time="0.110" /><testcase classname="tests.test_iter49_affiliate_v2.TestPayoutTiers" name="test_lookup_payout_cents[3800-expected0]" time="0.581" /><testcase classname="tests.test_iter49_affiliate_v2.TestPayoutTiers" name="test_lookup_payout_cents[7900-expected1]" time="0.000" /><testcase classname="tests.test_iter49_affiliate_v2.TestPayoutTiers" name="test_lookup_payout_cents[9500-expected2]" time="0.000" /><testcase classname="tests.test_iter49_affiliate_v2.TestPayoutTiers" name="test_lookup_payout_cents[14900-expected3]" time="0.000" /><testcase classname="tests.test_iter49_affiliate_v2.TestPayoutTiers" name="test_lookup_payout_cents[5000-expected4]" time="0.000" /><testcase classname="tests.test_iter49_affiliate_v2.TestCreditReferralShare" name="test_credits_tiered_amount" time="0.003" /></testsuite></testsuites>