<?xml version="1.0" encoding="utf-8"?><testsuites name="pytest tests"><testsuite name="pytest" errors="0" failures="0" skipped="0" tests="17" time="1.882" timestamp="2026-07-15T10:58:53.264718+00:00" hostname="agent-env-0c1de1d2-6552-4616-ac96-0653f7e53686"><testcase classname="tests.test_iteration9.TestAPAging" name="test_ap_aging_endpoint" time="0.721" /><testcase classname="tests.test_iteration9.TestAPAging" name="test_ar_aging_still_works" time="0.046" /><testcase classname="tests.test_iteration9.TestRegressionReports" name="test_endpoints_ok[reports/income-statement]" time="0.781" /><testcase classname="tests.test_iteration9.TestBooksIntegrity" name="test_trial_balance_balanced" time="0.048" /><testcase classname="tests.test_iteration9.TestRegressionReports" name="test_endpoints_ok[reports/cash-flow]" time="0.046" /><testcase classname="tests.test_iteration9.TestBooksIntegrity" name="test_balance_sheet_balanced" time="0.048" /><testcase classname="tests.test_iteration9.TestRegressionReports" name="test_endpoints_ok[reports/sales-tax]" time="0.056" /><testcase classname="tests.test_iteration9.TestGLSourceIds" name="test_gl_entries_have_ids" time="0.061" /><testcase classname="tests.test_iteration9.TestRegressionReports" name="test_endpoints_ok[reports/1099-summary]" time="0.049" /><testcase classname="tests.test_iteration9.TestInvoiceEdit" name="test_patch_invoice_status_and_lines" time="0.183" /><testcase classname="tests.test_iteration9.TestRegressionReports" name="test_endpoints_ok[dashboard/metrics]" time="0.051" /><testcase classname="tests.test_iteration9.TestRegressionReports" name="test_endpoints_ok[transactions]" time="0.064" /><testcase classname="tests.test_iteration9.TestRegressionReports" name="test_endpoints_ok[accounts]" time="0.046" /><testcase classname="tests.test_iteration9.TestRegressionReports" name="test_endpoints_ok[journal-entries]" time="0.048" /><testcase classname="tests.test_iteration9.TestBillEdit" name="test_patch_bill" time="0.458" /><testcase classname="tests.test_iteration9.TestRegressionReports" name="test_endpoints_ok[contacts]" time="0.045" /><testcase classname="tests.test_iteration9.TestRegressionReports" name="test_plaid_link_token" time="0.329" /></testsuite></testsuites>