<?xml version="1.0" encoding="utf-8"?><testsuites name="pytest tests"><testsuite name="pytest" errors="0" failures="0" skipped="0" tests="2" time="2.410" timestamp="2026-08-27T18:02:52.300146+00:00" hostname="agent-env-0c1de1d2-6552-4616-ac96-0653f7e53686"><testcase classname="tests.test_time_entries" name="test_time_entries_crud_rollup_myweek" time="1.199" /><testcase classname="tests.test_time_entries" name="test_time_entry_rate_snapshot_isolated_from_future_rate_change" time="0.243" /></testsuite></testsuites>