<?xml version="1.0" encoding="utf-8"?><testsuites name="pytest tests"><testsuite name="pytest" errors="0" failures="0" skipped="0" tests="2" time="2.521" timestamp="2026-08-28T09:40:36.258586+00:00" hostname="agent-env-0c1de1d2-6552-4616-ac96-0653f7e53686"><testcase classname="tests.test_crm_settings" name="test_presets_catalogue_and_defaults" time="1.154" /><testcase classname="tests.test_crm_settings" name="test_apply_preset_and_custom_activity_kind_accepted" time="0.278" /></testsuite></testsuites>