<?xml version="1.0" encoding="utf-8"?><testsuites name="pytest tests"><testsuite name="pytest" errors="0" failures="0" skipped="0" tests="10" time="6.927" timestamp="2026-07-29T15:44:38.511828+00:00" hostname="agent-env-0c1de1d2-6552-4616-ac96-0653f7e53686"><testcase classname="tests.test_iter47_pro_team_scoping" name="test_pro_team_expands_scope_to_all_pro_clients" time="1.209" /><testcase classname="tests.test_iter47_pro_team_scoping" name="test_pro_team_superadmin_sees_full_membership_set" time="0.524" /><testcase classname="tests.test_iter47_pro_team_scoping" name="test_mixed_active_archived_appears_only_in_active" time="0.797" /><testcase classname="tests.test_iter47_pro_team_scoping" name="test_companies_selector_excludes_archived" time="1.236" /><testcase classname="tests.test_iter47_pro_team_scoping" name="test_end_to_end_shrink_access" time="1.021" /><testcase classname="tests.test_iter47_pro_team_scoping" name="test_regression_client_scope_unchanged" time="0.530" /><testcase classname="tests.test_iter47_pro_team_scoping" name="test_regression_client2_scope_unchanged" time="0.457" /><testcase classname="tests.test_iter47_pro_team_scoping" name="test_regression_pro_sees_all_clients" time="0.135" /><testcase classname="tests.test_iter47_pro_team_scoping" name="test_regression_archive_response_shape" time="0.257" /><testcase classname="tests.test_iter47_pro_team_scoping" name="test_regression_company_team_filters_pro_invites" time="0.679" /></testsuite></testsuites>