<?xml version="1.0" encoding="utf-8"?><testsuites name="pytest tests"><testsuite name="pytest" errors="0" failures="0" skipped="0" tests="9" time="3.483" timestamp="2026-08-27T17:38:48.782603+00:00" hostname="agent-env-0c1de1d2-6552-4616-ac96-0653f7e53686"><testcase classname="tests.test_notes" name="test_notes_crud" time="1.143" /><testcase classname="tests.test_notes_permissions_extended" name="test_notes_cross_company_blocked" time="1.338" /><testcase classname="tests.test_employees" name="test_employees_crud_and_permissions" time="0.281" /><testcase classname="tests.test_notes_permissions_extended" name="test_notes_missing_entity_fields_returns_400" time="0.243" /><testcase classname="tests.test_tasks" name="test_task_crud_and_filters" time="0.290" /><testcase classname="tests.test_notes_permissions_extended" name="test_notes_no_bleed_across_entity_types" time="0.249" /><testcase classname="tests.test_notes_permissions_extended" name="test_notes_pinned_ordering_two_notes" time="0.241" /><testcase classname="tests.test_notes_permissions_extended" name="test_employee_permission_overrides_non_dict_rejected" time="0.251" /><testcase classname="tests.test_notes_permissions_extended" name="test_employees_duplicate_email_case_insensitive" time="0.233" /></testsuite></testsuites>