<?xml version="1.0" encoding="utf-8"?><testsuites name="pytest tests"><testsuite name="pytest" errors="0" failures="0" skipped="0" tests="16" time="9.672" timestamp="2026-07-16T14:22:29.164294+00:00" hostname="agent-env-0c1de1d2-6552-4616-ac96-0653f7e53686"><testcase classname="tests.test_iteration22_rocketbooks_port.TestDBState653" name="test_total_txns" time="0.002" /><testcase classname="tests.test_iteration22_rocketbooks_port.TestAIPromptShim" name="test_prompt_extraction[NEW YORK LIFE DES:INS. PREM. ID:14 482 992 INDN:EIMOTLAIN G-True-new york life]" time="3.218" /><testcase classname="tests.test_iteration22_rocketbooks_port.TestDBState653" name="test_contact_count" time="0.001" /><testcase classname="tests.test_iteration22_rocketbooks_port.TestDBState653" name="test_no_counterparty_count" time="0.003" /><testcase classname="tests.test_iteration22_rocketbooks_port.TestDBState653" name="test_with_contact_id_count" time="0.004" /><testcase classname="tests.test_iteration22_rocketbooks_port.TestDBState653" name="test_sum_equals_total" time="0.006" /><testcase classname="tests.test_iteration22_rocketbooks_port.TestContactNameQuality" name="test_no_junk_fragments" time="0.002" /><testcase classname="tests.test_iteration22_rocketbooks_port.TestContactNameQuality" name="test_length_le_60" time="0.001" /><testcase classname="tests.test_iteration22_rocketbooks_port.TestContactNameQuality" name="test_not_resembling_noisy_description" time="0.180" /><testcase classname="tests.test_iteration22_rocketbooks_port.TestSampleExtractions" name="test_expected_contacts_present" time="0.001" /><testcase classname="tests.test_iteration22_rocketbooks_port.TestSampleExtractions" name="test_forbidden_names_absent" time="0.001" /><testcase classname="tests.test_iteration22_rocketbooks_port.TestFastPath" name="test_starbucks_fast_path" time="0.060" /><testcase classname="tests.test_iteration22_rocketbooks_port.TestConcurrency" name="test_plaid_connect_passes_concurrency_8" time="0.000" /><testcase classname="tests.test_iteration22_rocketbooks_port.TestAIPromptShim" name="test_prompt_extraction[Monthly Maintenance Fee-False-None]" time="1.907" /><testcase classname="tests.test_iteration22_rocketbooks_port.TestAIPromptShim" name="test_prompt_extraction[Online Banking transfer to CHK 7984 Confirmation# XXXXX29817-False-None]" time="1.962" /><testcase classname="tests.test_iteration22_rocketbooks_port.TestAIPromptShim" name="test_prompt_extraction[Zelle payment to Romeo Ugali Conf# xxxx-True-romeo ugali]" time="1.404" /></testsuite></testsuites>