<?xml version="1.0" encoding="utf-8"?><testsuites name="pytest tests"><testsuite name="pytest" errors="0" failures="1" skipped="0" tests="13" time="17.861" timestamp="2026-07-20T10:34:09.280670+00:00" hostname="agent-env-0c1de1d2-6552-4616-ac96-0653f7e53686"><testcase classname="tests.test_iter44_onboarding_coach" name="test_qbo_link_yes" time="1.919" /><testcase classname="tests.test_iter44_onboarding_coach" name="test_qbo_link_no" time="1.984" /><testcase classname="tests.test_iter44_onboarding_coach" name="test_qbo_link_ambiguous" time="1.753"><failure message="AssertionError: {'qbo': 'ambiguous'}&#10;assert 'ambiguous' in (None, '', 'unknown')&#10; +  where 'ambiguous' = &lt;built-in method get of dict object at 0xf9184c9d3dc0&gt;('qbo')&#10; +    where &lt;built-in method get of dict object at 0xf9184c9d3dc0&gt; = {'qbo': 'ambiguous'}.get">backend/tests/test_iter44_onboarding_coach.py:64: in test_qbo_link_ambiguous
    assert fields.get("qbo") in (None, "", "unknown"), fields
E   AssertionError: {'qbo': 'ambiguous'}
E   assert 'ambiguous' in (None, '', 'unknown')
E    +  where 'ambiguous' = &lt;built-in method get of dict object at 0xf9184c9d3dc0&gt;('qbo')
E    +    where &lt;built-in method get of dict object at 0xf9184c9d3dc0&gt; = {'qbo': 'ambiguous'}.get</failure></testcase><testcase classname="tests.test_iter44_onboarding_coach" name="test_coa_overrides" time="2.215" /><testcase classname="tests.test_iter44_onboarding_coach" name="test_plaid_skip" time="1.656" /><testcase classname="tests.test_iter44_onboarding_coach" name="test_plaid_institution" time="1.454" /><testcase classname="tests.test_iter44_onboarding_coach" name="test_veryfi_skip" time="1.478" /><testcase classname="tests.test_iter44_onboarding_coach" name="test_ready_confirm_lets_go" time="1.796" /><testcase classname="tests.test_iter44_onboarding_coach" name="test_ready_confirm_yep_ready" time="1.254" /><testcase classname="tests.test_iter44_onboarding_coach" name="test_unknown_step_returns_400" time="0.105" /><testcase classname="tests.test_iter44_onboarding_coach" name="test_empty_message_returns_200_empty_fields" time="0.108" /><testcase classname="tests.test_iter44_onboarding_coach" name="test_business_profile_regression" time="1.618" /><testcase classname="tests.test_iter44_onboarding_coach" name="test_reset_onboarding_state" time="0.143" /></testsuite></testsuites>