<?xml version="1.0" encoding="utf-8"?><testsuites name="pytest tests"><testsuite name="pytest" errors="0" failures="0" skipped="0" tests="24" time="3.783" timestamp="2026-07-18T12:41:24.257135+00:00" hostname="agent-env-0c1de1d2-6552-4616-ac96-0653f7e53686"><testcase classname="tests.test_iter27_refactor_smoke" name="test_health" time="0.116" /><testcase classname="tests.test_iter27_refactor_smoke" name="test_ready" time="0.095" /><testcase classname="tests.test_iter27_refactor_smoke" name="test_auth_me" time="0.426" /><testcase classname="tests.test_iter27_refactor_smoke" name="test_companies" time="0.094" /><testcase classname="tests.test_iter27_refactor_smoke" name="test_company_endpoints[/accounts]" time="0.098" /><testcase classname="tests.test_iter27_refactor_smoke" name="test_company_endpoints[/transactions]" time="0.176" /><testcase classname="tests.test_iter27_refactor_smoke" name="test_company_endpoints[/contacts]" time="0.112" /><testcase classname="tests.test_iter27_refactor_smoke" name="test_company_endpoints[/rules]" time="0.101" /><testcase classname="tests.test_iter27_refactor_smoke" name="test_company_endpoints[/invoices]" time="0.101" /><testcase classname="tests.test_iter27_refactor_smoke" name="test_company_endpoints[/bills]" time="0.098" /><testcase classname="tests.test_iter27_refactor_smoke" name="test_company_endpoints[/dashboard/metrics]" time="0.121" /><testcase classname="tests.test_iter27_refactor_smoke" name="test_company_endpoints[/dashboard/attention]" time="0.100" /><testcase classname="tests.test_iter27_refactor_smoke" name="test_company_endpoints[/reports/balance-sheet]" time="0.114" /><testcase classname="tests.test_iter27_refactor_smoke" name="test_company_endpoints[/reports/income-statement]" time="0.098" /><testcase classname="tests.test_iter27_refactor_smoke" name="test_company_endpoints[/reports/trial-balance]" time="0.111" /><testcase classname="tests.test_iter27_refactor_smoke" name="test_company_endpoints[/reports/general-ledger]" time="0.177" /><testcase classname="tests.test_iter27_refactor_smoke" name="test_company_endpoints[/reports/cash-flow]" time="0.101" /><testcase classname="tests.test_iter27_refactor_smoke" name="test_account_detail" time="0.102" /><testcase classname="tests.test_iter27_refactor_smoke" name="test_pro_clients" time="0.113" /><testcase classname="tests.test_iter27_refactor_smoke" name="test_pro_firm_attention" time="0.155" /><testcase classname="tests.test_iter27_refactor_smoke" name="test_ai_diagnose" time="0.205" /><testcase classname="tests.test_iter27_refactor_smoke" name="test_balance_sheet_has_citi" time="0.120" /><testcase classname="tests.test_iter27_refactor_smoke" name="test_patch_transaction_category" time="0.301" /><testcase classname="tests.test_iter27_refactor_smoke" name="test_journal_entry_post" time="0.202" /></testsuite></testsuites>