<?xml version="1.0" encoding="utf-8"?><testsuites name="pytest tests"><testsuite name="pytest" errors="0" failures="0" skipped="0" tests="15" time="1.956" timestamp="2026-07-15T22:50:32.849516+00:00" hostname="agent-env-0c1de1d2-6552-4616-ac96-0653f7e53686"><testcase classname="tests.test_iteration10_contacts.TestRegression" name="test_list_companies" time="0.464" /><testcase classname="tests.test_iteration10_contacts.TestRegression" name="test_accounts" time="0.054" /><testcase classname="tests.test_iteration10_contacts.TestRegression" name="test_transactions_list" time="0.059" /><testcase classname="tests.test_iteration10_contacts.TestRegression" name="test_balance_sheet_balances" time="0.057" /><testcase classname="tests.test_iteration10_contacts.TestRegression" name="test_plaid_backfill_token" time="0.213" /><testcase classname="tests.test_iteration10_contacts.TestAutoPostThreshold" name="test_patch_settings_endpoint" time="0.053" /><testcase classname="tests.test_iteration10_contacts.TestAutoPostThreshold" name="test_threshold_out_of_range" time="0.098" /><testcase classname="tests.test_iteration10_contacts.TestAutoPostThreshold" name="test_threshold_non_numeric" time="0.056" /><testcase classname="tests.test_iteration10_contacts.TestAutoPostThreshold" name="test_patch_company_accepts_auto_post_threshold" time="0.121" /><testcase classname="tests.test_iteration10_contacts.TestContactsBackfill" name="test_backfill_clean_set_idempotent" time="0.243" /><testcase classname="tests.test_iteration10_contacts.TestContactsBackfill" name="test_contacts_endpoint_returns_created" time="0.065" /><testcase classname="tests.test_iteration10_contacts.TestContactNormalization" name="test_corp_suffix_dedup_via_backfill" time="0.126" /><testcase classname="tests.test_iteration10_contacts.TestApproveUpsertsCache" name="test_approve_writes_merchant_cache" time="0.061" /><testcase classname="tests.test_iteration10_contacts.TestUncategorizedAccounts" name="test_ensure_uncat_helper" time="0.090" /><testcase classname="tests.test_iteration10_contacts.TestUncategorizedAccounts" name="test_uncat_visible_via_accounts_api" time="0.053" /></testsuite></testsuites>