<?xml version="1.0" encoding="utf-8"?><testsuites name="pytest tests"><testsuite name="pytest" errors="0" failures="0" skipped="0" tests="18" time="4.764" timestamp="2026-07-29T18:51:16.429113+00:00" hostname="agent-env-0c1de1d2-6552-4616-ac96-0653f7e53686"><testcase classname="tests.test_iter51_affiliate_role.TestSignupRoles" name="test_signup_affiliate_returns_token_and_user" time="0.788" /><testcase classname="tests.test_iter51_affiliate_role.TestSignupRoles" name="test_signup_affiliate_auto_mints_slug_on_share" time="0.141" /><testcase classname="tests.test_iter51_affiliate_role.TestAffiliateAllowedEndpoints" name="test_get_share" time="0.924" /><testcase classname="tests.test_iter51_affiliate_role.TestAffiliateAllowedEndpoints" name="test_put_share_slug" time="0.131" /><testcase classname="tests.test_iter51_affiliate_role.TestSignupRoles" name="test_signup_superadmin_rejected_400" time="0.108" /><testcase classname="tests.test_iter51_affiliate_role.TestSignupRoles" name="test_signup_client_still_works" time="0.409" /><testcase classname="tests.test_iter51_affiliate_role.TestAffiliateAllowedEndpoints" name="test_get_share_referrals" time="0.133" /><testcase classname="tests.test_iter51_affiliate_role.TestAffiliateAllowedEndpoints" name="test_get_share_report" time="0.247" /><testcase classname="tests.test_iter51_affiliate_role.TestAffiliateAllowedEndpoints" name="test_get_auth_me" time="0.347" /><testcase classname="tests.test_iter51_affiliate_role.TestSignupRoles" name="test_signup_pro_still_works" time="0.335" /><testcase classname="tests.test_iter51_affiliate_role.TestAffiliateBlockedEndpoints" name="test_pro_clients_403" time="0.106" /><testcase classname="tests.test_iter51_affiliate_role.TestAffiliateUpgrade" name="test_upgrade_no_auth_401" time="0.170" /><testcase classname="tests.test_iter51_affiliate_role.TestAffiliateBlockedEndpoints" name="test_admin_affiliate_payouts_403" time="0.150" /><testcase classname="tests.test_iter51_affiliate_role.TestAffiliateUpgrade" name="test_upgrade_affiliate_flips_role_preserves_slug_and_earnings" time="1.091" /><testcase classname="tests.test_iter51_affiliate_role.TestAffiliateBlockedEndpoints" name="test_pro_team_403" time="0.120" /><testcase classname="tests.test_iter51_affiliate_role.TestAffiliateBlockedEndpoints" name="test_companies_returns_empty" time="0.231" /><testcase classname="tests.test_iter51_affiliate_role.TestAffiliateUpgrade" name="test_upgrade_client_is_idempotent_no_downgrade" time="0.468" /><testcase classname="tests.test_iter51_affiliate_role.TestAffiliateUpgrade" name="test_upgrade_pro_is_idempotent_no_downgrade" time="0.449" /></testsuite></testsuites>