<?xml version="1.0" encoding="utf-8"?><testsuites name="pytest tests"><testsuite name="pytest" errors="0" failures="0" skipped="0" tests="7" time="1.359" timestamp="2026-07-31T19:54:23.109518+00:00" hostname="agent-env-0c1de1d2-6552-4616-ac96-0653f7e53686"><testcase classname="tests.test_iter66_invoice_editor.TestInvoiceEditor" name="test_create_invoice_with_new_fields" time="0.632" /><testcase classname="tests.test_iter66_invoice_editor.TestInvoiceEditor" name="test_get_single_invoice_returns_new_fields" time="0.052" /><testcase classname="tests.test_iter66_invoice_editor.TestInvoiceEditor" name="test_patch_recomputes_total_percent_discount" time="0.101" /><testcase classname="tests.test_iter66_invoice_editor.TestInvoiceEditor" name="test_patch_recomputes_with_shipping_change" time="0.117" /><testcase classname="tests.test_iter66_invoice_editor.TestInvoiceEditor" name="test_pdf_still_renders" time="0.062" /><testcase classname="tests.test_iter66_invoice_editor.TestInvoiceEditor" name="test_send_email_no_500" time="0.269" /><testcase classname="tests.test_iter66_invoice_editor.TestInvoiceEditor" name="test_zzz_cleanup" time="0.067" /></testsuite></testsuites>