<?xml version="1.0" encoding="utf-8"?><testsuites name="pytest tests"><testsuite name="pytest" errors="0" failures="1" skipped="0" tests="11" time="1.479" timestamp="2026-07-16T13:29:52.120663+00:00" hostname="agent-env-0c1de1d2-6552-4616-ac96-0653f7e53686"><testcase classname="tests.test_iteration21_no_counterparty_and_scrub" name="test_clean_merchant_name_scrubs_dates_hashes" time="0.056" /><testcase classname="tests.test_iteration21_no_counterparty_and_scrub" name="test_clean_merchant_name_idempotent" time="0.000" /><testcase classname="tests.test_iteration21_no_counterparty_and_scrub" name="test_clean_merchant_name_leaves_real_merchants" time="0.000" /><testcase classname="tests.test_iteration21_no_counterparty_and_scrub" name="test_no_counterparty_pfc_frozenset" time="0.000" /><testcase classname="tests.test_iteration21_no_counterparty_and_scrub" name="test_no_counterparty_gate_short_circuits_before_fast_path" time="0.001" /><testcase classname="tests.test_iteration21_no_counterparty_and_scrub" name="test_no_counterparty_gate_all_categories" time="0.004" /><testcase classname="tests.test_iteration21_no_counterparty_and_scrub" name="test_two_noisy_atm_descs_collapse_to_one_contact" time="0.005" /><testcase classname="tests.test_iteration21_no_counterparty_and_scrub" name="test_starbucks_dedupe_regression" time="0.002" /><testcase classname="tests.test_iteration21_no_counterparty_and_scrub" name="test_607_contacts_and_txn_counts" time="0.008" /><testcase classname="tests.test_iteration21_no_counterparty_and_scrub" name="test_607_no_noisy_contact_names" time="0.002"><failure message="AssertionError: found 1 noisy contact names; sample: ['Zelle payment to Dad &amp; Babe for &quot;iPad Refund&quot;; Conf# x3x3y0o2p']&#10;assert not ['Zelle payment to Dad &amp; Babe for &quot;iPad Refund&quot;; Conf# x3x3y0o2p']">tests/test_iteration21_no_counterparty_and_scrub.py:192: in test_607_no_noisy_contact_names
    assert not bad, f"found {len(bad)} noisy contact names; sample: {bad[:5]}"
E   AssertionError: found 1 noisy contact names; sample: ['Zelle payment to Dad &amp; Babe for "iPad Refund"; Conf# x3x3y0o2p']
E   assert not ['Zelle payment to Dad &amp; Babe for "iPad Refund"; Conf# x3x3y0o2p']</failure></testcase><testcase classname="tests.test_iteration21_no_counterparty_and_scrub" name="test_607_sync_status_api" time="0.520" /></testsuite></testsuites>