<?xml version="1.0" encoding="utf-8"?><testsuites name="pytest tests"><testsuite name="pytest" errors="0" failures="0" skipped="0" tests="5" time="1.390" timestamp="2026-07-19T15:50:10.097661+00:00" hostname="agent-env-0c1de1d2-6552-4616-ac96-0653f7e53686"><testcase classname="tests.test_cleanup_suggestions_iter37.TestContactAiReady" name="test_ai_ready_action_appears" time="0.737" /><testcase classname="tests.test_cleanup_suggestions_iter37.TestContactAiReady" name="test_dedupe_against_contact_in_uncat" time="0.142" /><testcase classname="tests.test_cleanup_suggestions_iter37.TestContactAiReady" name="test_sort_order_and_shape" time="0.133" /><testcase classname="tests.test_cleanup_suggestions_iter37.TestLargeCompany812" name="test_812_llc_ai_ready_present" time="0.129" /><testcase classname="tests.test_cleanup_suggestions_iter37.TestLargeCompany812" name="test_812_llc_desc_sort" time="0.123" /></testsuite></testsuites>