<?xml version="1.0" encoding="utf-8"?><testsuites name="pytest tests"><testsuite name="pytest" errors="0" failures="0" skipped="0" tests="6" time="3.507" timestamp="2026-07-16T10:56:26.126717+00:00" hostname="agent-env-0c1de1d2-6552-4616-ac96-0653f7e53686"><testcase classname="tests.test_iteration14_contact_and_filters" name="test_plaid_contact_id_coverage_after_backfill" time="0.648" /><testcase classname="tests.test_iteration14_contact_and_filters" name="test_free_text_search_q_param" time="0.146" /><testcase classname="tests.test_iteration14_contact_and_filters" name="test_regex_special_chars_do_not_error" time="0.722" /><testcase classname="tests.test_iteration14_contact_and_filters" name="test_date_range_filter" time="0.235" /><testcase classname="tests.test_iteration14_contact_and_filters" name="test_combined_filters_pagination" time="0.113" /><testcase classname="tests.test_iteration14_contact_and_filters" name="test_contact_resolution_runs_on_all_candidates" time="1.575" /></testsuite></testsuites>