<?xml version="1.0" encoding="utf-8"?><testsuites name="pytest tests"><testsuite name="pytest" errors="0" failures="0" skipped="0" tests="5" time="1.260" timestamp="2026-07-19T15:33:38.332457+00:00" hostname="agent-env-0c1de1d2-6552-4616-ac96-0653f7e53686"><testcase classname="tests.test_cleanup_suggestions_iter36.TestCleanupSuggestions" name="test_cap_raised_to_50" time="0.591" /><testcase classname="tests.test_cleanup_suggestions_iter36.TestCleanupSuggestions" name="test_sorted_by_count_desc_across_kinds" time="0.151" /><testcase classname="tests.test_cleanup_suggestions_iter36.TestCleanupSuggestions" name="test_flagged_batch_pinned_last" time="0.110" /><testcase classname="tests.test_cleanup_suggestions_iter36.TestCleanupSuggestions" name="test_threshold_and_unreviewed_filter" time="0.110" /><testcase classname="tests.test_cleanup_suggestions_iter36.TestCleanupSuggestions" name="test_progress_shape" time="0.161" /></testsuite></testsuites>