<?xml version="1.0" encoding="utf-8"?><testsuites name="pytest tests"><testsuite name="pytest" errors="0" failures="0" skipped="0" tests="8" time="1.868" timestamp="2026-07-16T11:50:45.333718+00:00" hostname="agent-env-0c1de1d2-6552-4616-ac96-0653f7e53686"><testcase classname="tests.test_iteration17_sync_status" name="test_sync_status_idle_all_three_companies[2f8153a1-84bc-4ccb-bf1a-83893bffe956]" time="0.487" /><testcase classname="tests.test_iteration17_sync_status" name="test_sync_status_syncing_response_shape" time="0.224" /><testcase classname="tests.test_iteration17_sync_status" name="test_sync_status_syncing_no_target" time="0.137" /><testcase classname="tests.test_iteration17_sync_status" name="test_sync_status_failed_last_status" time="0.108" /><testcase classname="tests.test_iteration17_sync_status" name="test_dashboard_endpoints_are_cached[/dashboard/metrics]" time="0.246" /><testcase classname="tests.test_iteration17_sync_status" name="test_dashboard_endpoints_are_cached[/ai/activity]" time="0.234" /><testcase classname="tests.test_iteration17_sync_status" name="test_dashboard_endpoints_are_cached[/reports/income-statement]" time="0.257" /><testcase classname="tests.test_iteration17_sync_status" name="test_auth_required_on_sync_status" time="0.103" /></testsuite></testsuites>