<?xml version="1.0" encoding="utf-8"?><testsuites name="pytest tests"><testsuite name="pytest" errors="0" failures="1" skipped="0" tests="7" time="2.667" timestamp="2026-09-03T11:41:48.804036+00:00" hostname="agent-env-0c1de1d2-6552-4616-ac96-0653f7e53686"><testcase classname="tests.test_iter84_sales_tax_flows" name="test_bug1_edit_resave_does_not_double" time="1.211" /><testcase classname="tests.test_iter84_sales_tax_flows" name="test_bug2_tax_liability_endpoint_returns_shape" time="0.077" /><testcase classname="tests.test_iter84_sales_tax_flows" name="test_bug2_creating_invoice_increments_tax_liability" time="0.423" /><testcase classname="tests.test_iter84_sales_tax_flows" name="test_feature_tax_patch_accepts_payable_account_id" time="0.372" /><testcase classname="tests.test_iter84_sales_tax_flows" name="test_tax_payments_endpoint_lists" time="0.086" /><testcase classname="tests.test_iter84_sales_tax_flows" name="test_record_tax_payment_drains_liability" time="0.154"><failure message="AssertionError: no positive balance, got {'accounts': [{'id': 'cfdace51-f399-44af-bf35-4910c9c66efe', 'name': 'Sales Tax Payable', 'balance': 0.0}], 'total': 0.0}&#10;assert 0.0 &gt; 0">tests/test_iter84_sales_tax_flows.py:212: in test_record_tax_payment_drains_liability
    assert amt &gt; 0, f"no positive balance, got {liab}"
E   AssertionError: no positive balance, got {'accounts': [{'id': 'cfdace51-f399-44af-bf35-4910c9c66efe', 'name': 'Sales Tax Payable', 'balance': 0.0}], 'total': 0.0}
E   assert 0.0 &gt; 0</failure></testcase><testcase classname="tests.test_iter84_sales_tax_flows" name="test_regression_plain_no_tax_invoice" time="0.247" /></testsuite></testsuites>