<?xml version="1.0" encoding="utf-8"?><testsuites name="pytest tests"><testsuite name="pytest" errors="0" failures="0" skipped="0" tests="15" time="2.807" timestamp="2026-07-18T12:10:37.149005+00:00" hostname="agent-env-0c1de1d2-6552-4616-ac96-0653f7e53686"><testcase classname="tests.test_iter26_account_detail_filters.TestAccountDetailFilters" name="test_base_no_filters" time="0.682" /><testcase classname="tests.test_iter26_account_detail_filters.TestAccountDetailFilters" name="test_q_narrows_or_matches" time="0.241" /><testcase classname="tests.test_iter26_account_detail_filters.TestAccountDetailFilters" name="test_q_impossible_returns_empty" time="0.104" /><testcase classname="tests.test_iter26_account_detail_filters.TestAccountDetailFilters" name="test_min_amount_filter" time="0.203" /><testcase classname="tests.test_iter26_account_detail_filters.TestAccountDetailFilters" name="test_max_amount_filter" time="0.104" /><testcase classname="tests.test_iter26_account_detail_filters.TestAccountDetailFilters" name="test_range_filter" time="0.100" /><testcase classname="tests.test_iter26_account_detail_filters.TestAccountDetailFilters" name="test_contact_id_filter" time="0.324" /><testcase classname="tests.test_iter26_account_detail_filters.TestAccountDetailFilters" name="test_date_range_still_works" time="0.101" /><testcase classname="tests.test_iter26_account_detail_filters.TestAccountDetailFilters" name="test_pdf_accepts_new_params" time="0.107" /><testcase classname="tests.test_iter26_account_detail_filters.TestBalanceSheetRegression" name="test_bs_balances" time="0.123" /><testcase classname="tests.test_iter26_account_detail_filters.TestBalanceSheetRegression" name="test_bs_has_liability_children" time="0.127" /><testcase classname="tests.test_iter26_account_detail_filters.TestOtherReportsRegression" name="test_reports_render[reports/income-statement]" time="0.107" /><testcase classname="tests.test_iter26_account_detail_filters.TestOtherReportsRegression" name="test_reports_render[reports/trial-balance]" time="0.112" /><testcase classname="tests.test_iter26_account_detail_filters.TestOtherReportsRegression" name="test_reports_render[reports/general-ledger]" time="0.185" /><testcase classname="tests.test_iter26_account_detail_filters.TestOtherReportsRegression" name="test_reports_render[reports/cash-flow]" time="0.105" /></testsuite></testsuites>