<?xml version="1.0" encoding="utf-8"?><testsuites name="pytest tests"><testsuite name="pytest" errors="0" failures="0" skipped="0" tests="6" time="6.880" timestamp="2026-07-26T11:07:13.861459+00:00" hostname="agent-env-0c1de1d2-6552-4616-ac96-0653f7e53686"><testcase classname="tests.test_iter45_txn_edit" name="test_patch_basic_fields" time="1.818" /><testcase classname="tests.test_iter45_txn_edit" name="test_patch_bank_denormalizes_name" time="1.229" /><testcase classname="tests.test_iter45_txn_edit" name="test_patch_splits_success" time="0.762" /><testcase classname="tests.test_iter45_txn_edit" name="test_patch_splits_mismatch_400" time="0.914" /><testcase classname="tests.test_iter45_txn_edit" name="test_patch_splits_empty_clears" time="1.110" /><testcase classname="tests.test_iter45_txn_edit" name="test_patch_invalidates_firm_glance_cache" time="0.974" /></testsuite></testsuites>