<?xml version="1.0" encoding="utf-8"?><testsuites name="pytest tests"><testsuite name="pytest" errors="0" failures="0" skipped="0" tests="6" time="1.849" timestamp="2026-07-17T10:56:40.864928+00:00" hostname="agent-env-0c1de1d2-6552-4616-ac96-0653f7e53686"><testcase classname="tests.test_iter24_dashboard_bs_reconcile" name="test_317_dashboard_equals_balance_sheet_total_assets" time="0.882" /><testcase classname="tests.test_iter24_dashboard_bs_reconcile" name="test_317_only_one_active_bank_row" time="0.010" /><testcase classname="tests.test_iter24_dashboard_bs_reconcile" name="test_pfc_mapping_transfer_in_deposit_is_4999" time="0.000" /><testcase classname="tests.test_iter24_dashboard_bs_reconcile" name="test_resolver_transfer_in_deposit_routes_to_4999_and_needs_review" time="0.002" /><testcase classname="tests.test_iter24_dashboard_bs_reconcile" name="test_is_bank_account_recognizes_1100_and_subtype_bank" time="0.000" /><testcase classname="tests.test_iter24_dashboard_bs_reconcile" name="test_bright_beans_dashboard_equals_bs" time="0.219" /></testsuite></testsuites>