<?xml version="1.0" encoding="utf-8"?><testsuites name="pytest tests"><testsuite name="pytest" errors="0" failures="0" skipped="0" tests="119" time="1.696" timestamp="2026-08-10T20:05:57.436559+00:00" hostname="agent-env-0c1de1d2-6552-4616-ac96-0653f7e53686"><testcase classname="tests.test_qbo_mirror_sr_deposit_push" name="test_sales_receipt_happy" time="0.092" /><testcase classname="tests.test_qbo_mirror_transfer_push" name="test_transfer_happy" time="0.092" /><testcase classname="tests.test_qbo_mirror_transfer_push" name="test_transfer_uses_absolute_amount" time="0.000" /><testcase classname="tests.test_qbo_mirror_transfer_push" name="test_transfer_requires_from_account" time="0.000" /><testcase classname="tests.test_qbo_mirror_sr_deposit_push" name="test_sales_receipt_requires_customer" time="0.001" /><testcase classname="tests.test_qbo_mirror_sr_deposit_push" name="test_sales_receipt_requires_deposit_account" time="0.000" /><testcase classname="tests.test_qbo_mirror_transfer_push" name="test_transfer_requires_to_account" time="0.000" /><testcase classname="tests.test_qbo_mirror_transfer_push" name="test_transfer_requires_synced_accounts" time="0.000" /><testcase classname="tests.test_qbo_mirror_transfer_push" name="test_transfer_requires_nonzero_amount" time="0.000" /><testcase classname="tests.test_qbo_mirror_transfer_push" name="test_transfer_memo_fallback_chain" time="0.000" /><testcase classname="tests.test_qbo_mirror_transfer_push" name="test_transfer_omits_optional_fields_when_absent" time="0.000" /><testcase classname="tests.test_qbo_mirror_transfer_push" name="test_transfer_twin_patch" time="0.000" /><testcase classname="tests.test_qbo_mirror_transfer_push" name="test_transfer_twin_patch_absolute_value" time="0.000" /><testcase classname="tests.test_qbo_mirror_transfer_push" name="test_transfer_twin_patch_no_date" time="0.000" /><testcase classname="tests.test_qbo_mirror_transfer_push" name="test_transfer_registered_in_autopush_entity_meta" time="0.001" /><testcase classname="tests.test_qbo_mirror_sr_deposit_push" name="test_sales_receipt_twin_patch" time="0.000" /><testcase classname="tests.test_qbo_mirror_sr_deposit_push" name="test_deposit_happy" time="0.000" /><testcase classname="tests.test_qbo_mirror_sr_deposit_push" name="test_deposit_no_customer" time="0.001" /><testcase classname="tests.test_qbo_mirror_sr_deposit_push" name="test_deposit_twin_patch" time="0.000" /><testcase classname="tests.test_qbo_mirror_sr_deposit_push" name="test_sales_receipt_drift_normalizer_symmetry" time="0.001" /><testcase classname="tests.test_qbo_mirror_sr_deposit_push" name="test_deposit_drift_normalizer_symmetry" time="0.000" /><testcase classname="tests.test_qbo_mirror_sr_deposit_push" name="test_new_entities_registered_in_drift_fields" time="0.000" /><testcase classname="tests.test_qbo_mirror_sr_deposit_push" name="test_qualifier_inflow_with_customer_stamps_sales_receipt" time="0.593" /><testcase classname="tests.test_qbo_mirror_transfer_push" name="test_transfer_registered_in_push_dispatch" time="0.000" /><testcase classname="tests.test_pfc_resolver" name="test_primary_slot_resolves_food_and_drink_restaurant" time="0.008" /><testcase classname="tests.test_pfc_resolver" name="test_bank_fee_hits_7000" time="0.003" /><testcase classname="tests.test_pfc_resolver" name="test_cc_paydown_hits_2100_liability" time="0.002" /><testcase classname="tests.test_pfc_resolver" name="test_transfer_in_account_transfer_routes_to_clearing" time="0.006" /><testcase classname="tests.test_pfc_resolver" name="test_transfer_out_account_transfer_routes_to_clearing" time="0.004" /><testcase classname="tests.test_pfc_resolver" name="test_transfer_clearing_is_idempotent" time="0.014" /><testcase classname="tests.test_pfc_resolver" name="test_bank_account_being_categorized_skipped_in_override" time="0.003" /><testcase classname="tests.test_pfc_resolver" name="test_override_beats_primary_slot" time="0.003" /><testcase classname="tests.test_pfc_resolver" name="test_override_upsert_is_idempotent" time="0.003" /><testcase classname="tests.test_pfc_resolver" name="test_transfer_in_from_apps_falls_back_to_uncat_income" time="0.003" /><testcase classname="tests.test_pfc_resolver" name="test_transfer_out_wire_falls_back_to_uncat_expense" time="0.003" /><testcase classname="tests.test_pfc_resolver" name="test_unknown_pfc_returns_none" time="0.002" /><testcase classname="tests.test_qbo_mirror_estimate_po_push" name="test_estimate_happy" time="0.000" /><testcase classname="tests.test_qbo_mirror_estimate_po_push" name="test_estimate_status_mapping" time="0.000" /><testcase classname="tests.test_qbo_mirror_estimate_po_push" name="test_po_happy" time="0.000" /><testcase classname="tests.test_qbo_mirror_estimate_po_push" name="test_po_status_mapping" time="0.000" /><testcase classname="tests.test_qbo_mirror_estimate_po_push" name="test_estimate_missing_customer" time="0.001" /><testcase classname="tests.test_qbo_mirror_estimate_po_push" name="test_po_missing_vendor" time="0.000" /><testcase classname="tests.test_qbo_mirror_estimate_po_push" name="test_twin_patches" time="0.000" /><testcase classname="tests.test_qbo_mirror_estimate_po_push" name="test_estimate_converted_includes_linked_invoice" time="0.000" /><testcase classname="tests.test_qbo_mirror_estimate_po_push" name="test_po_converted_includes_linked_bill" time="0.000" /><testcase classname="tests.test_qbo_mirror_estimate_po_push" name="test_estimate_converted_without_invoice_qbo_id_omits_linked" time="0.000" /><testcase classname="tests.test_qbo_mirror_estimate_po_push" name="test_drift_normalizer_maps_converted_to_closed" time="0.001" /><testcase classname="tests.test_qbo_mirror_cm_rr_push" name="test_credit_memo_happy" time="0.000" /><testcase classname="tests.test_qbo_mirror_cm_rr_push" name="test_credit_memo_requires_customer" time="0.000" /><testcase classname="tests.test_qbo_mirror_cm_rr_push" name="test_credit_memo_twin_patch" time="0.000" /><testcase classname="tests.test_qbo_mirror_cm_rr_push" name="test_refund_receipt_happy" time="0.000" /><testcase classname="tests.test_qbo_mirror_cm_rr_push" name="test_refund_receipt_requires_customer_and_bank" time="0.001" /><testcase classname="tests.test_qbo_mirror_cm_rr_push" name="test_refund_receipt_twin_patch_is_signed_out" time="0.000" /><testcase classname="tests.test_qbo_mirror_cm_rr_push" name="test_credit_memo_drift_normalizer_symmetry" time="0.000" /><testcase classname="tests.test_qbo_mirror_cm_rr_push" name="test_refund_receipt_drift_normalizer_symmetry" time="0.000" /><testcase classname="tests.test_qbo_mirror_cm_rr_push" name="test_new_entities_registered_everywhere" time="0.000" /><testcase classname="tests.test_qbo_mirror_payment_push" name="test_payment_in_happy" time="0.000" /><testcase classname="tests.test_qbo_mirror_payment_push" name="test_payment_in_no_customer" time="0.000" /><testcase classname="tests.test_qbo_mirror_payment_push" name="test_payment_in_no_invoice" time="0.000" /><testcase classname="tests.test_qbo_mirror_payment_push" name="test_payment_in_unsynced_invoice" time="0.000" /><testcase classname="tests.test_qbo_mirror_payment_push" name="test_payment_out_happy" time="0.000" /><testcase classname="tests.test_qbo_mirror_payment_push" name="test_payment_out_falls_back_to_default_bank" time="0.000" /><testcase classname="tests.test_qbo_mirror_payment_push" name="test_payment_out_no_bank_at_all" time="0.000" /><testcase classname="tests.test_qbo_mirror_payment_push" name="test_payment_out_no_bill" time="0.001" /><testcase classname="tests.test_qbo_mirror_payment_push" name="test_twin_patch_shape" time="0.000" /><testcase classname="tests.test_qbo_mirror_je_push" name="test_happy_path" time="0.000" /><testcase classname="tests.test_qbo_mirror_je_push" name="test_debit_and_credit_on_same_line_rejects" time="0.000" /><testcase classname="tests.test_qbo_mirror_je_push" name="test_unbalanced_rejects" time="0.000" /><testcase classname="tests.test_qbo_mirror_je_push" name="test_unmapped_account_rejects" time="0.000" /><testcase classname="tests.test_qbo_mirror_je_push" name="test_empty_je_rejects" time="0.000" /><testcase classname="tests.test_qbo_mirror_je_push" name="test_doc_number_truncation" time="0.000" /><testcase classname="tests.test_qbo_mirror_je_push" name="test_twin_patch_shape" time="0.000" /><testcase classname="tests.test_qbo_mirror_je_push" name="test_account_name_fallback" time="0.001" /><testcase classname="tests.test_qbo_mirror_purchase_push" name="test_purchase_happy" time="0.000" /><testcase classname="tests.test_qbo_mirror_purchase_push" name="test_purchase_credit_refund" time="0.000" /><testcase classname="tests.test_qbo_mirror_purchase_push" name="test_purchase_payment_type_defaults_to_cash" time="0.000" /><testcase classname="tests.test_qbo_mirror_purchase_push" name="test_purchase_missing_source_account" time="0.000" /><testcase classname="tests.test_qbo_mirror_purchase_push" name="test_purchase_absolute_amount" time="0.000" /><testcase classname="tests.test_qbo_mirror_purchase_push" name="test_purchase_twin_patch" time="0.000" /><testcase classname="tests.test_qbo_mirror_purchase_push" name="test_purchase_drift_normalizer_symmetry" time="0.000" /><testcase classname="tests.test_qbo_mirror_purchase_push" name="test_purchases_registered_in_drift_fields" time="0.000" /><testcase classname="tests.test_editor_txn_flow" name="test_editor_purchase_stamps_type_and_flips_sign" time="0.569" /><testcase classname="tests.test_qbo_mirror_sr_deposit_push" name="test_qualifier_inflow_without_customer_stamps_deposit" time="0.001" /><testcase classname="tests.test_qbo_mirror_sr_deposit_push" name="test_qualifier_outflow_still_stamps_purchase" time="0.000" /><testcase classname="tests.test_qbo_mirror_sr_deposit_push" name="test_qualifier_deposit_needs_category" time="0.000" /><testcase classname="tests.test_qbo_mirror_sr_deposit_push" name="test_derive_refresh_updates_line_items_on_amount_change" time="0.000" /><testcase classname="tests.test_qbo_mirror_sr_deposit_push" name="test_derive_flip_from_sales_receipt_to_deposit" time="0.000" /><testcase classname="tests.test_qbo_mirror_sr_deposit_push" name="test_mirror_relevant_fields_gate" time="0.000" /><testcase classname="tests.test_manual_txn_purchase_autopush" name="test_outflow_expense_qualifies" time="0.000" /><testcase classname="tests.test_manual_txn_purchase_autopush" name="test_inflow_does_not_qualify" time="0.000" /><testcase classname="tests.test_manual_txn_purchase_autopush" name="test_missing_bank_account_does_not_qualify" time="0.000" /><testcase classname="tests.test_manual_txn_purchase_autopush" name="test_missing_category_does_not_qualify" time="0.000" /><testcase classname="tests.test_manual_txn_purchase_autopush" name="test_splits_qualify_without_header_category" time="0.000" /><testcase classname="tests.test_manual_txn_purchase_autopush" name="test_delete_propagates_to_qbo" time="0.000" /><testcase classname="tests.test_manual_txn_purchase_autopush" name="test_delete_skipped_when_not_purchase" time="0.000" /><testcase classname="tests.test_qbo_mirror_bill_push" name="test_happy_path" time="0.000" /><testcase classname="tests.test_qbo_mirror_bill_push" name="test_missing_vendor" time="0.000" /><testcase classname="tests.test_qbo_mirror_bill_push" name="test_missing_expense_account_no_fallback" time="0.000" /><testcase classname="tests.test_qbo_mirror_bill_push" name="test_empty_line_items" time="0.001" /><testcase classname="tests.test_qbo_mirror_bill_push" name="test_doc_number_truncation" time="0.000" /><testcase classname="tests.test_qbo_mirror_bill_push" name="test_twin_patch_shape" time="0.000" /><testcase classname="tests.test_qbo_mirror_invoice_push" name="test_happy_path" time="0.000" /><testcase classname="tests.test_qbo_mirror_invoice_push" name="test_missing_customer" time="0.000" /><testcase classname="tests.test_qbo_mirror_invoice_push" name="test_missing_item_no_fallback" time="0.000" /><testcase classname="tests.test_qbo_mirror_invoice_push" name="test_empty_line_items" time="0.000" /><testcase classname="tests.test_qbo_mirror_invoice_push" name="test_doc_number_truncation" time="0.000" /><testcase classname="tests.test_qbo_pull_dupkey_resilience" name="test_pull_estimates_wraps_insert_in_dupkey_handler" time="0.002" /><testcase classname="tests.test_qbo_pull_dupkey_resilience" name="test_pull_purchase_orders_wraps_insert_in_dupkey_handler" time="0.002" /><testcase classname="tests.test_qbo_pull_dupkey_resilience" name="test_dupkey_orphan_adoption_stamps_qbo_id" time="0.003" /><testcase classname="tests.test_qbo_pull_dupkey_resilience" name="test_orphan_adoption_reclaims_qbo_id_end_to_end" time="0.001" /><testcase classname="tests.test_qbo_migration_seeded_cleanup" name="test_run_migration_calls_cleanup_all_seeded" time="0.002" /><testcase classname="tests.test_qbo_migration_seeded_cleanup" name="test_seeded_deactivated_reported_in_job_doc" time="0.002" /><testcase classname="tests.test_qbo_migration_seeded_cleanup" name="test_run_migration_pulls_estimates_and_pos_from_mirror" time="0.002" /><testcase classname="tests.test_editor_txn_flow" name="test_editor_sales_receipt_stamps_type_keeps_positive" time="0.001" /><testcase classname="tests.test_editor_txn_flow" name="test_editor_deposit_stamps_type" time="0.000" /><testcase classname="tests.test_editor_txn_flow" name="test_editor_credit_memo_clears_bank" time="0.000" /><testcase classname="tests.test_editor_txn_flow" name="test_editor_refund_receipt_flips_sign" time="0.000" /><testcase classname="tests.test_editor_txn_flow" name="test_no_txn_type_uses_qualifier" time="0.002" /><testcase classname="tests.test_editor_txn_flow" name="test_unknown_txn_type_ignored" time="0.001" /></testsuite></testsuites>