<?xml version="1.0" encoding="utf-8"?><testsuites name="pytest tests"><testsuite name="pytest" errors="0" failures="0" skipped="0" tests="16" time="73.275" timestamp="2026-07-19T13:55:27.485041+00:00" hostname="agent-env-0c1de1d2-6552-4616-ac96-0653f7e53686"><testcase classname="tests.test_cpa_review.TestCpaReview" name="test_1_approve_existing_they_look_good" time="4.638" /><testcase classname="tests.test_cpa_review.TestCpaReview" name="test_2_redirect_healthy_paws" time="2.926" /><testcase classname="tests.test_cpa_review.TestCpaReview" name="test_3_skip_plain" time="7.277" /><testcase classname="tests.test_cpa_review.TestCpaReview" name="test_4_skip_come_back_later" time="2.731" /><testcase classname="tests.test_cpa_review.TestCpaReview" name="test_5_skip_next" time="2.495" /><testcase classname="tests.test_cpa_review.TestCpaReview" name="test_6_categorize_office_supplies" time="4.830" /><testcase classname="tests.test_cpa_review.TestCpaReview" name="test_7_categorize_meals" time="4.939" /><testcase classname="tests.test_cpa_review.TestCpaReview" name="test_8_categorize_utilities" time="5.388" /><testcase classname="tests.test_cpa_review.TestCpaReview" name="test_9_categorize_range_split" time="8.444" /><testcase classname="tests.test_cpa_review.TestCpaReview" name="test_10_categorize_exception" time="7.083" /><testcase classname="tests.test_cpa_review.TestCpaReview" name="test_11_categorize_aggressive_marketing_maps_to_existing" time="5.662" /><testcase classname="tests.test_cpa_review.TestCpaReview" name="test_12_question" time="3.136" /><testcase classname="tests.test_cpa_review.TestCpaReview" name="test_13_unclear_hmm" time="5.559" /><testcase classname="tests.test_cpa_review.TestCpaReview" name="test_14_safeguard_filler_downgrade" time="3.490" /><testcase classname="tests.test_cpa_review.TestCpaReview" name="test_15_safeguard_no_filler_account_created_they_look" time="4.199" /><testcase classname="tests.test_cpa_review.TestCpaReview" name="test_16_no_leaked_account_in_db" time="0.128" /></testsuite></testsuites>