<?xml version="1.0" encoding="utf-8"?><testsuites name="pytest tests"><testsuite name="pytest" errors="0" failures="0" skipped="0" tests="10" time="4.015" timestamp="2026-08-10T20:08:14.458585+00:00" hostname="agent-env-0c1de1d2-6552-4616-ac96-0653f7e53686"><testcase classname="tests.test_editor_endpoints_live" name="test_get_transaction_404_for_unknown" time="0.647" /><testcase classname="tests.test_editor_endpoints_live" name="test_get_transaction_success_shape" time="0.465" /><testcase classname="tests.test_editor_endpoints_live" name="test_purchase_flips_sign" time="0.234" /><testcase classname="tests.test_editor_endpoints_live" name="test_sales_receipt_stays_positive" time="0.525" /><testcase classname="tests.test_editor_endpoints_live" name="test_deposit_positive_no_contact" time="0.250" /><testcase classname="tests.test_editor_endpoints_live" name="test_credit_memo_clears_bank" time="0.222" /><testcase classname="tests.test_editor_endpoints_live" name="test_refund_receipt_flips_sign" time="0.242" /><testcase classname="tests.test_editor_endpoints_live" name="test_unknown_txn_type_ignored" time="0.269" /><testcase classname="tests.test_editor_endpoints_live" name="test_quick_modal_path_still_works" time="0.249" /><testcase classname="tests.test_editor_endpoints_live" name="test_cross_company_get_denied" time="0.582" /></testsuite></testsuites>