<?xml version="1.0" encoding="utf-8"?><testsuites name="pytest tests"><testsuite name="pytest" errors="0" failures="0" skipped="0" tests="8" time="7.501" timestamp="2026-07-29T13:45:51.937915+00:00" hostname="agent-env-0c1de1d2-6552-4616-ac96-0653f7e53686"><testcase classname="tests.test_iter46_archive_and_invite_scope" name="test_pro_team_shape" time="0.753" /><testcase classname="tests.test_iter46_archive_and_invite_scope" name="test_archive_moves_to_archived" time="1.351" /><testcase classname="tests.test_iter46_archive_and_invite_scope" name="test_archive_idempotent" time="0.344" /><testcase classname="tests.test_iter46_archive_and_invite_scope" name="test_unarchive_restores" time="0.498" /><testcase classname="tests.test_iter46_archive_and_invite_scope" name="test_unarchive_idempotent" time="0.380" /><testcase classname="tests.test_iter46_archive_and_invite_scope" name="test_superadmin_can_archive_unarchive" time="1.614" /><testcase classname="tests.test_iter46_archive_and_invite_scope" name="test_pending_invite_role_scoping" time="1.624" /><testcase classname="tests.test_iter46_archive_and_invite_scope" name="test_pending_invite_visible_across_users" time="0.863" /></testsuite></testsuites>