<?xml version="1.0" encoding="utf-8"?><testsuites name="pytest tests"><testsuite name="pytest" errors="0" failures="0" skipped="0" tests="3" time="1.354" timestamp="2026-07-19T12:24:37.265412+00:00" hostname="agent-env-0c1de1d2-6552-4616-ac96-0653f7e53686"><testcase classname="tests.test_split_suggestion" name="test_bimodal_split_demo" time="0.447" /><testcase classname="tests.test_split_suggestion" name="test_unimodal_walmart" time="0.111" /><testcase classname="tests.test_split_suggestion" name="test_multi_tenant_forbidden" time="0.428" /></testsuite></testsuites>