<?xml version="1.0" encoding="utf-8"?><testsuites name="pytest tests"><testsuite name="pytest" errors="0" failures="0" skipped="0" tests="7" time="2.077" timestamp="2026-09-03T11:32:52.947467+00:00" hostname="agent-env-0c1de1d2-6552-4616-ac96-0653f7e53686"><testcase classname="tests.test_invoice_line_tax_persistence.TestLineTaxPersistence" name="test_create_persists_line_tax_fields" time="0.740" /><testcase classname="tests.test_invoice_line_tax_persistence.TestLineTaxPersistence" name="test_get_returns_line_tax_fields" time="0.082" /><testcase classname="tests.test_invoice_line_tax_persistence.TestLineTaxPersistence" name="test_resave_does_not_double_tax" time="0.156" /><testcase classname="tests.test_invoice_line_tax_persistence.TestLineTaxPersistence" name="test_patch_omitting_tax_preserves_rollup" time="0.165" /><testcase classname="tests.test_sales_tax_je_parity" name="test_invoice_with_line_tax_posts_balanced_je" time="0.018" /><testcase classname="tests.test_sales_tax_je_parity" name="test_record_tax_payment_reduces_liability" time="0.012" /><testcase classname="tests.test_sales_tax_je_parity" name="test_invoice_with_shipping_and_discount_stays_balanced" time="0.010" /></testsuite></testsuites>