<?xml version="1.0" encoding="utf-8"?><testsuites name="pytest tests"><testsuite name="pytest" errors="0" failures="0" skipped="0" tests="16" time="4.660" timestamp="2026-09-09T15:07:10.079889+00:00" hostname="agent-env-0c1de1d2-6552-4616-ac96-0653f7e53686"><testcase classname="tests.test_je_drafters" name="test_prepaid_amortization_drafts_1_of_12" time="0.009" /><testcase classname="tests.test_je_drafters" name="test_prepaid_skips_zero_balance" time="0.003" /><testcase classname="tests.test_je_drafters" name="test_recurring_accrual_drafts_when_pattern_present_but_month_missing" time="0.007" /><testcase classname="tests.test_je_drafters" name="test_recurring_accrual_skips_when_close_month_already_posted" time="0.007" /><testcase classname="tests.test_je_drafters" name="test_approve_draft_posts_to_journal_entries" time="0.006" /><testcase classname="tests.test_je_drafters" name="test_guess_expense_account_name" time="0.000" /><testcase classname="tests.test_je_drafters_api" name="test_scan_returns_bright_beans_drafts" time="0.548" /><testcase classname="tests.test_je_drafters_api" name="test_scan_is_idempotent" time="0.185" /><testcase classname="tests.test_je_drafters_api" name="test_scan_bad_period" time="0.088" /><testcase classname="tests.test_je_drafters_api" name="test_list_pending" time="0.085" /><testcase classname="tests.test_je_drafters_api" name="test_patch_unbalanced_lines_returns_400" time="0.273" /><testcase classname="tests.test_je_drafters_api" name="test_patch_memo_ok" time="0.177" /><testcase classname="tests.test_je_drafters_api" name="test_approve_posts_and_second_approve_400" time="0.392" /><testcase classname="tests.test_je_drafters_api" name="test_reject_then_reject_404" time="0.339" /><testcase classname="tests.test_je_drafters_api" name="test_patch_on_rejected_returns_400" time="0.176" /><testcase classname="tests.test_je_drafters_api" name="test_client_role_gated_403" time="0.587" /></testsuite></testsuites>