<?xml version="1.0" encoding="utf-8"?><testsuites name="pytest tests"><testsuite name="pytest" errors="0" failures="0" skipped="0" tests="27" time="1.143" timestamp="2026-09-16T12:01:49.457725+00:00" hostname="agent-env-0c1de1d2-6552-4616-ac96-0653f7e53686"><testcase classname="tests.test_lab_phase2.TestPersonNameMatch" name="test_exact" time="0.000" /><testcase classname="tests.test_lab_phase2.TestBusinessNameMatch" name="test_llc_stripping" time="0.001" /><testcase classname="tests.test_lab_phase2.TestPersonNameMatch" name="test_middle_initial" time="0.000" /><testcase classname="tests.test_lab_phase2.TestPersonNameMatch" name="test_order_swap" time="0.000" /><testcase classname="tests.test_lab_phase2.TestPersonNameMatch" name="test_run_together" time="0.000" /><testcase classname="tests.test_lab_phase2.TestPersonNameMatch" name="test_same_last_name_not_match" time="0.000" /><testcase classname="tests.test_lab_phase2.TestPersonNameMatch" name="test_reject_single_token" time="0.000" /><testcase classname="tests.test_lab_phase2.TestBusinessNameMatch" name="test_case_insensitive" time="0.000" /><testcase classname="tests.test_lab_phase2.TestBusinessNameMatch" name="test_different" time="0.000" /><testcase classname="tests.test_lab_phase2.TestPersonNameMatch" name="test_empty" time="0.000" /><testcase classname="tests.test_lab_phase2.TestBusinessNameMatch" name="test_is_business_heuristic" time="0.000" /><testcase classname="tests.test_lab_phase2.TestIndnGuard" name="test_indn_only_matches" time="0.004" /><testcase classname="tests.test_lab_phase2.TestCounterpartyHelpers" name="test_payment_app_only_true" time="0.000" /><testcase classname="tests.test_lab_phase2.TestCounterpartyHelpers" name="test_payment_app_only_false" time="0.000" /><testcase classname="tests.test_lab_phase2.TestCounterpartyHelpers" name="test_first_non_app" time="0.000" /><testcase classname="tests.test_lab_phase2.TestCounterpartyHelpers" name="test_first_non_app_all_apps" time="0.000" /><testcase classname="tests.test_lab_phase2.TestUnifiedMatch" name="test_business_path" time="0.000" /><testcase classname="tests.test_lab_phase2.TestUnifiedMatch" name="test_person_path" time="0.000" /><testcase classname="tests.test_lab_phase2.TestUnifiedMatch" name="test_business_vs_person_no_match" time="0.000" /><testcase classname="tests.test_lab_phase2" name="test_enrich_cache_key_stable" time="0.000" /><testcase classname="tests.test_lab_phase2" name="test_enrich_cache_key_differs_on_direction" time="0.000" /><testcase classname="tests.test_lab_phase2.TestIndnGuard" name="test_indn_only_case_insensitive" time="0.000" /><testcase classname="tests.test_lab_phase2" name="test_enrich_cache_key_ignores_amount" time="0.000" /><testcase classname="tests.test_lab_phase2.TestTokens" name="test_strip_punct" time="0.000" /><testcase classname="tests.test_lab_phase2.TestIndnGuard" name="test_indn_only_does_not_match_merchant" time="0.000" /><testcase classname="tests.test_lab_phase2.TestIndnGuard" name="test_no_indn" time="0.000" /><testcase classname="tests.test_lab_phase2.TestTokens" name="test_empty" time="0.000" /></testsuite></testsuites>