<?xml version="1.0" encoding="utf-8"?><testsuites name="pytest tests"><testsuite name="pytest" errors="0" failures="0" skipped="0" tests="46" time="2.662" timestamp="2026-09-16T12:48:58.447035+00:00" hostname="agent-env-0c1de1d2-6552-4616-ac96-0653f7e53686"><testcase classname="tests.test_lab_phase3.TestOwnersDrawGuard" name="test_matches[Owner's Draw-True]" time="0.001" /><testcase classname="tests.test_lab_phase3.TestOwnersDrawGuard" name="test_matches[Owner Distribution-True]" time="0.000" /><testcase classname="tests.test_lab_phase3.TestOwnersDrawGuard" name="test_matches[Owners Draw-True]" time="0.000" /><testcase classname="tests.test_lab_phase3.TestOwnersDrawGuard" name="test_matches[Distributions to Owner-True]" time="0.000" /><testcase classname="tests.test_lab_phase3.TestOwnersDrawGuard" name="test_matches[Meals &amp; Entertainment-False]" time="0.000" /><testcase classname="tests.test_lab_phase3.TestOwnersDrawGuard" name="test_matches[Cash and Bank-False]" time="0.000" /><testcase classname="tests.test_lab_phase3.TestFallbackHeuristics" name="test_business_suffix" time="0.000" /><testcase classname="tests.test_lab_phase3.TestFallbackHeuristics" name="test_person_name" time="0.000" /><testcase classname="tests.test_lab_phase3.TestFallbackHeuristics" name="test_unknown_single_token" time="0.000" /><testcase classname="tests.test_lab_phase3.TestFallbackHeuristics" name="test_empty" time="0.000" /><testcase classname="tests.test_lab_phase3.TestPaymentApp" name="test_hardcoded" time="0.000" /><testcase classname="tests.test_lab_phase3.TestPaymentApp" name="test_movement_type" time="0.000" /><testcase classname="tests.test_lab_phase3.TestPaymentApp" name="test_plaid_counterparty" time="0.000" /><testcase classname="tests.test_lab_phase3.TestCreditCard" name="test_hardcoded" time="0.000" /><testcase classname="tests.test_lab_phase3.TestCreditCard" name="test_movement_type" time="0.000" /><testcase classname="tests.test_lab_phase3.TestBankLender" name="test_hardcoded" time="0.000" /><testcase classname="tests.test_lab_phase3.TestBankLender" name="test_pfc_loan" time="0.000" /><testcase classname="tests.test_lab_phase3.TestGovernment" name="test_hardcoded" time="0.000" /><testcase classname="tests.test_lab_phase3.TestGovernment" name="test_pfc" time="0.000" /><testcase classname="tests.test_lab_phase3.TestPayroll" name="test_hardcoded" time="0.000" /><testcase classname="tests.test_lab_phase3.TestPayroll" name="test_case_and_suffix_stripping" time="0.000" /><testcase classname="tests.test_lab_phase3.TestUtility" name="test_hardcoded" time="0.000" /><testcase classname="tests.test_lab_phase3.TestUtility" name="test_pfc" time="0.000" /><testcase classname="tests.test_lab_phase3.TestSensitiveSet" name="test_locked_exclusions" time="0.000" /><testcase classname="tests.test_lab_phase3.TestSensitiveSet" name="test_locked_inclusions" time="0.000" /><testcase classname="tests.test_lab_phase3.TestCategoryCacheKey" name="test_stable_across_junk" time="0.000" /><testcase classname="tests.test_lab_phase3.TestCategoryCacheKey" name="test_differs_when_coa_differs" time="0.000" /><testcase classname="tests.test_lab_phase3.TestMultiPurpose" name="test_hardcoded" time="0.000" /><testcase classname="tests.test_lab_phase3_api" name="test_summary_has_phase3_fields" time="0.579" /><testcase classname="tests.test_lab_phase3_api" name="test_summary_verified_and_review_counts" time="0.000" /><testcase classname="tests.test_lab_phase3_api" name="test_summary_review_reasons_are_exactly_5_or_subset" time="0.000" /><testcase classname="tests.test_lab_phase3_api" name="test_summary_merchant_types_are_valid" time="0.000" /><testcase classname="tests.test_lab_phase3_api" name="test_summary_sensitive_first_time_is_small" time="0.000" /><testcase classname="tests.test_lab_phase3_api" name="test_compare_rows_have_phase3_columns" time="0.091" /><testcase classname="tests.test_lab_phase3_api" name="test_compare_filter_by_review_reason_uncategorized" time="0.120" /><testcase classname="tests.test_lab_phase3_api" name="test_compare_filter_by_review_reason_sensitive_first_time" time="0.107" /><testcase classname="tests.test_lab_phase3_api" name="test_compare_filter_by_review_reason_unidentified" time="0.093" /><testcase classname="tests.test_lab_phase3_api" name="test_compare_filter_verified_true_matches_summary" time="0.138" /><testcase classname="tests.test_lab_phase3_api" name="test_compare_filter_verified_false" time="0.130" /><testcase classname="tests.test_lab_phase3_api" name="test_phase3_blocked_for_bright_beans" time="0.298" /><testcase classname="tests.test_lab_phase3_api" name="test_live_counts_unchanged" time="0.008" /><testcase classname="tests.test_lab_phase3_api" name="test_lab_directory_labels_populated" time="0.006" /><testcase classname="tests.test_lab_phase3_api" name="test_step8_unknown_account_dedup" time="0.010" /><testcase classname="tests.test_lab_phase3_api" name="test_step8_account_personal_use_dedup" time="0.010" /><testcase classname="tests.test_lab_phase3_api" name="test_step8_sensitive_first_time_dedup" time="0.011" /><testcase classname="tests.test_lab_phase3_api" name="test_owners_draw_only_on_personal_accounts" time="0.010" /></testsuite></testsuites>