<?xml version="1.0" encoding="utf-8"?><testsuites name="pytest tests"><testsuite name="pytest" errors="0" failures="1" skipped="0" tests="18" time="2.590" timestamp="2026-09-16T12:48:47.752060+00:00" hostname="agent-env-0c1de1d2-6552-4616-ac96-0653f7e53686"><testcase classname="tests.test_lab_phase3_api" name="test_summary_has_phase3_fields" time="0.642" /><testcase classname="tests.test_lab_phase3_api" name="test_summary_verified_and_review_counts" time="0.000" /><testcase classname="tests.test_lab_phase3_api" name="test_summary_review_reasons_are_exactly_5_or_subset" time="0.000" /><testcase classname="tests.test_lab_phase3_api" name="test_summary_merchant_types_are_valid" time="0.000" /><testcase classname="tests.test_lab_phase3_api" name="test_summary_sensitive_first_time_is_small" time="0.000" /><testcase classname="tests.test_lab_phase3_api" name="test_compare_rows_have_phase3_columns" time="0.090" /><testcase classname="tests.test_lab_phase3_api" name="test_compare_filter_by_review_reason_uncategorized" time="0.099" /><testcase classname="tests.test_lab_phase3_api" name="test_compare_filter_by_review_reason_sensitive_first_time" time="0.112"><failure message="AssertionError: sensitive_first_time total=9 &gt; 8&#10;assert 9 &lt;= 8">tests/test_lab_phase3_api.py:165: in test_compare_filter_by_review_reason_sensitive_first_time
    assert total &lt;= 8, f"sensitive_first_time total={total} &gt; 8"
E   AssertionError: sensitive_first_time total=9 &gt; 8
E   assert 9 &lt;= 8</failure></testcase><testcase classname="tests.test_lab_phase3_api" name="test_compare_filter_by_review_reason_unidentified" time="0.094" /><testcase classname="tests.test_lab_phase3_api" name="test_compare_filter_verified_true_matches_summary" time="0.092" /><testcase classname="tests.test_lab_phase3_api" name="test_compare_filter_verified_false" time="0.092" /><testcase classname="tests.test_lab_phase3_api" name="test_phase3_blocked_for_bright_beans" time="0.233" /><testcase classname="tests.test_lab_phase3_api" name="test_live_counts_unchanged" time="0.100" /><testcase classname="tests.test_lab_phase3_api" name="test_lab_directory_labels_populated" time="0.005" /><testcase classname="tests.test_lab_phase3_api" name="test_step8_unknown_account_dedup" time="0.010" /><testcase classname="tests.test_lab_phase3_api" name="test_step8_account_personal_use_dedup" time="0.012" /><testcase classname="tests.test_lab_phase3_api" name="test_step8_sensitive_first_time_dedup" time="0.010" /><testcase classname="tests.test_lab_phase3_api" name="test_owners_draw_only_on_personal_accounts" time="0.017" /></testsuite></testsuites>