<?xml version="1.0" encoding="utf-8"?><testsuites name="pytest tests"><testsuite name="pytest" errors="0" failures="0" skipped="0" tests="28" time="1.226" timestamp="2026-09-16T12:42:02.432031+00:00" hostname="agent-env-0c1de1d2-6552-4616-ac96-0653f7e53686"><testcase classname="tests.test_lab_phase3.TestFallbackHeuristics" name="test_business_suffix" time="0.001" /><testcase classname="tests.test_lab_phase3.TestOwnersDrawGuard" name="test_matches[Owner's Draw-True]" time="0.001" /><testcase classname="tests.test_lab_phase3.TestFallbackHeuristics" name="test_person_name" time="0.000" /><testcase classname="tests.test_lab_phase3.TestFallbackHeuristics" name="test_unknown_single_token" time="0.000" /><testcase classname="tests.test_lab_phase3.TestOwnersDrawGuard" name="test_matches[Owner Distribution-True]" time="0.000" /><testcase classname="tests.test_lab_phase3.TestOwnersDrawGuard" name="test_matches[Owners Draw-True]" time="0.000" /><testcase classname="tests.test_lab_phase3.TestOwnersDrawGuard" name="test_matches[Distributions to Owner-True]" time="0.000" /><testcase classname="tests.test_lab_phase3.TestOwnersDrawGuard" name="test_matches[Meals &amp; Entertainment-False]" time="0.000" /><testcase classname="tests.test_lab_phase3.TestFallbackHeuristics" name="test_empty" time="0.000" /><testcase classname="tests.test_lab_phase3.TestOwnersDrawGuard" name="test_matches[Cash and Bank-False]" time="0.000" /><testcase classname="tests.test_lab_phase3.TestPaymentApp" name="test_hardcoded" time="0.000" /><testcase classname="tests.test_lab_phase3.TestCreditCard" name="test_hardcoded" time="0.000" /><testcase classname="tests.test_lab_phase3.TestPaymentApp" name="test_movement_type" time="0.000" /><testcase classname="tests.test_lab_phase3.TestPaymentApp" name="test_plaid_counterparty" time="0.000" /><testcase classname="tests.test_lab_phase3.TestCreditCard" name="test_movement_type" time="0.000" /><testcase classname="tests.test_lab_phase3.TestGovernment" name="test_hardcoded" time="0.000" /><testcase classname="tests.test_lab_phase3.TestBankLender" name="test_hardcoded" time="0.000" /><testcase classname="tests.test_lab_phase3.TestGovernment" name="test_pfc" time="0.000" /><testcase classname="tests.test_lab_phase3.TestBankLender" name="test_pfc_loan" time="0.000" /><testcase classname="tests.test_lab_phase3.TestPayroll" name="test_hardcoded" time="0.000" /><testcase classname="tests.test_lab_phase3.TestUtility" name="test_hardcoded" time="0.000" /><testcase classname="tests.test_lab_phase3.TestPayroll" name="test_case_and_suffix_stripping" time="0.000" /><testcase classname="tests.test_lab_phase3.TestUtility" name="test_pfc" time="0.000" /><testcase classname="tests.test_lab_phase3.TestSensitiveSet" name="test_locked_exclusions" time="0.000" /><testcase classname="tests.test_lab_phase3.TestCategoryCacheKey" name="test_stable_across_junk" time="0.000" /><testcase classname="tests.test_lab_phase3.TestSensitiveSet" name="test_locked_inclusions" time="0.000" /><testcase classname="tests.test_lab_phase3.TestCategoryCacheKey" name="test_differs_when_coa_differs" time="0.000" /><testcase classname="tests.test_lab_phase3.TestMultiPurpose" name="test_hardcoded" time="0.000" /></testsuite></testsuites>