<?xml version="1.0" encoding="utf-8"?><testsuites name="pytest tests"><testsuite name="pytest" errors="0" failures="0" skipped="0" tests="9" time="2.930" timestamp="2026-09-16T12:03:11.028645+00:00" hostname="agent-env-0c1de1d2-6552-4616-ac96-0653f7e53686"><testcase classname="tests.test_lab_phase2_api" name="test_summary_test519" time="0.621" /><testcase classname="tests.test_lab_phase2_api" name="test_compare_basic" time="0.108" /><testcase classname="tests.test_lab_phase2_api" name="test_compare_has_plaid_entity_and_skip_movement_sources" time="0.178" /><testcase classname="tests.test_lab_phase2_api" name="test_compare_contact_changed_filter" time="0.120" /><testcase classname="tests.test_lab_phase2_api" name="test_compare_llm_new" time="0.098" /><testcase classname="tests.test_lab_phase2_api" name="test_pipeline_run_phase2" time="1.222" /><testcase classname="tests.test_lab_phase2_api" name="test_feature_flag_off_for_bright_beans" time="0.200" /><testcase classname="tests.test_lab_phase2_api" name="test_live_contacts_count_unchanged" time="0.081" /><testcase classname="tests.test_lab_phase2_api" name="test_indn_derived_matches_summary" time="0.207" /></testsuite></testsuites>