<?xml version="1.0" encoding="utf-8"?><testsuites name="pytest tests"><testsuite name="pytest" errors="0" failures="0" skipped="1" tests="11" time="4.314" timestamp="2026-09-11T17:37:36.637605+00:00" hostname="agent-env-0c1de1d2-6552-4616-ac96-0653f7e53686"><testcase classname="tests.test_payroll_manual_ledger" name="test_payroll_summary" time="0.993" /><testcase classname="tests.test_payroll_manual_ledger" name="test_payroll_liabilities" time="0.105" /><testcase classname="tests.test_payroll_manual_ledger" name="test_tax_codes_ca" time="0.127" /><testcase classname="tests.test_payroll_manual_ledger" name="test_balance_sheet_has_2350_payroll_liabilities_not_2200" time="0.169" /><testcase classname="tests.test_payroll_manual_ledger" name="test_finalized_je_credits_payroll_liabilities_not_sales_tax" time="0.999"><skipped type="pytest.skip" message="Could not fetch any JE for finalized payroll runs (no JE endpoint hit)">/app/backend/tests/test_payroll_manual_ledger.py:167: Could not fetch any JE for finalized payroll runs (no JE endpoint hit)</skipped></testcase><testcase classname="tests.test_payroll_manual_ledger" name="test_w2_without_employee_id_400" time="0.300" /><testcase classname="tests.test_payroll_manual_ledger" name="test_1099_without_contact_id_400" time="0.155" /><testcase classname="tests.test_payroll_manual_ledger" name="test_1099_with_contact_id_persists_employee_id_null" time="0.272" /><testcase classname="tests.test_payroll_manual_ledger" name="test_overpayment_guard" time="0.399" /><testcase classname="tests.test_payroll_manual_ledger" name="test_stub_pdf_valid" time="0.460" /><testcase classname="tests.test_payroll_manual_ledger" name="test_contacts_returns_is_1099_vendor_field" time="0.262" /></testsuite></testsuites>