<?xml version="1.0" encoding="utf-8"?><testsuites name="pytest tests"><testsuite name="pytest" errors="0" failures="0" skipped="0" tests="15" time="5.080" timestamp="2026-09-09T13:07:15.115324+00:00" hostname="agent-env-0c1de1d2-6552-4616-ac96-0653f7e53686"><testcase classname="tests.test_client_portal_e2e.TestFirmPortalCRUD" name="test_create_portal" time="0.728" /><testcase classname="tests.test_client_portal_e2e.TestFirmPortalCRUD" name="test_create_is_idempotent" time="0.146" /><testcase classname="tests.test_client_portal_e2e.TestFirmPortalCRUD" name="test_list_portals" time="0.129" /><testcase classname="tests.test_client_portal_e2e.TestPublicPortal" name="test_portal_home_public_no_auth" time="0.147" /><testcase classname="tests.test_client_portal_e2e.TestPublicPortal" name="test_portal_answer_flow" time="0.634" /><testcase classname="tests.test_client_portal_e2e.TestPublicPortal" name="test_answer_cross_portal_forbidden" time="0.404" /><testcase classname="tests.test_client_portal_e2e.TestPublicPortal" name="test_upload_empty_rejected" time="0.138" /><testcase classname="tests.test_client_portal_e2e.TestPublicPortal" name="test_upload_too_large_rejected" time="1.152" /><testcase classname="tests.test_client_portal_e2e.TestPublicPortal" name="test_upload_happy_path" time="0.152" /><testcase classname="tests.test_client_portal_e2e.TestCockpitRequests" name="test_list_requests" time="0.092" /><testcase classname="tests.test_client_portal_e2e.TestCockpitRequests" name="test_status_filter_open" time="0.084" /><testcase classname="tests.test_client_portal_e2e.TestCockpitRequests" name="test_auto_unblock_answered_visible" time="0.090" /><testcase classname="tests.test_client_portal_e2e.TestCockpitRequests" name="test_resend" time="0.286" /><testcase classname="tests.test_client_portal_e2e.TestCockpitRequests" name="test_cancel" time="0.412" /><testcase classname="tests.test_client_portal_e2e.TestRevoke" name="test_revoke_then_public_410" time="0.388" /></testsuite></testsuites>