<?xml version="1.0" encoding="utf-8"?><testsuites name="pytest tests"><testsuite name="pytest" errors="0" failures="0" skipped="0" tests="8" time="1.307" timestamp="2026-07-31T12:00:27.933842+00:00" hostname="agent-env-0c1de1d2-6552-4616-ac96-0653f7e53686"><testcase classname="tests.test_purchases_reports.TestPurchasesReports" name="test_create_expense_item" time="0.612" /><testcase classname="tests.test_purchases_reports.TestPurchasesReports" name="test_create_bill_with_line" time="0.129" /><testcase classname="tests.test_purchases_reports.TestPurchasesReports" name="test_purchases_by_item" time="0.047" /><testcase classname="tests.test_purchases_reports.TestPurchasesReports" name="test_purchases_by_category" time="0.042" /><testcase classname="tests.test_purchases_reports.TestPurchasesReports" name="test_date_range_filters_bill_out" time="0.043" /><testcase classname="tests.test_purchases_reports.TestPurchasesReports" name="test_excludes_draft_and_void" time="0.128" /><testcase classname="tests.test_purchases_reports.TestPurchasesReports" name="test_sales_reports_still_work" time="0.085" /><testcase classname="tests.test_purchases_reports" name="test_zzz_cleanup" time="0.137" /></testsuite></testsuites>