<?xml version="1.0" encoding="utf-8"?><testsuites name="pytest tests"><testsuite name="pytest" errors="0" failures="0" skipped="0" tests="8" time="3.486" timestamp="2026-08-27T16:20:53.922230+00:00" hostname="agent-env-0c1de1d2-6552-4616-ac96-0653f7e53686"><testcase classname="tests.test_projects_crud" name="test_projects_crud_happy_path" time="1.139" /><testcase classname="tests.test_phase_extra_fields" name="test_phase_create_persists_new_fields" time="1.124" /><testcase classname="tests.test_phase_extra_fields" name="test_phase_update_clears_estimate_fields_with_empty_string" time="0.277" /><testcase classname="tests.test_projects_crud" name="test_project_in_use_blocks_hard_delete" time="0.255" /><testcase classname="tests.test_projects_crud" name="test_project_profitability_report_rolls_up_correctly" time="0.261" /><testcase classname="tests.test_phase_extra_fields" name="test_project_create_still_accepts_notes" time="0.235" /><testcase classname="tests.test_project_phases" name="test_phases_crud" time="0.296" /><testcase classname="tests.test_project_phases" name="test_profitability_by_phase_breakdown" time="0.301" /></testsuite></testsuites>