<?xml version="1.0" encoding="utf-8"?><testsuites name="pytest tests"><testsuite name="pytest" errors="0" failures="0" skipped="0" tests="43" time="23.315" timestamp="2026-07-14T12:47:12.258898+00:00" hostname="agent-env-0c1de1d2-6552-4616-ac96-0653f7e53686"><testcase classname="tests.backend_test.TestAuth" name="test_client_login" time="0.431" /><testcase classname="tests.backend_test.TestAuth" name="test_pro_login" time="0.506" /><testcase classname="tests.backend_test.TestAuth" name="test_admin_login" time="0.376" /><testcase classname="tests.backend_test" name="test_report_json[income-statement]" time="1.053" /><testcase classname="tests.backend_test" name="test_report_json[balance-sheet]" time="0.265" /><testcase classname="tests.backend_test.TestAuth" name="test_bad_login" time="0.161" /><testcase classname="tests.backend_test" name="test_report_json[trial-balance]" time="0.113" /><testcase classname="tests.backend_test" name="test_report_json[general-ledger]" time="0.120" /><testcase classname="tests.backend_test" name="test_report_json[cash-flow]" time="0.277" /><testcase classname="tests.backend_test" name="test_report_pdf[income-statement]" time="0.116" /><testcase classname="tests.backend_test.TestAuth" name="test_me_endpoint" time="0.531" /><testcase classname="tests.backend_test" name="test_report_pdf[balance-sheet]" time="0.122" /><testcase classname="tests.backend_test" name="test_report_pdf[trial-balance]" time="0.266" /><testcase classname="tests.backend_test.TestRoleDashboards" name="test_admin_overview" time="0.426" /><testcase classname="tests.backend_test" name="test_report_pdf[general-ledger]" time="0.108" /><testcase classname="tests.backend_test" name="test_report_pdf[cash-flow]" time="0.323" /><testcase classname="tests.backend_test.TestRoleDashboards" name="test_pro_clients_list" time="0.428" /><testcase classname="tests.backend_test" name="test_list_endpoints[contacts]" time="0.098" /><testcase classname="tests.backend_test" name="test_list_endpoints[invoices]" time="0.104" /><testcase classname="tests.backend_test" name="test_list_endpoints[bills]" time="0.105" /><testcase classname="tests.backend_test.TestCompaniesAccounts" name="test_companies_list" time="0.147" /><testcase classname="tests.backend_test.TestCompaniesAccounts" name="test_coa_has_defaults" time="0.099" /><testcase classname="tests.backend_test" name="test_list_endpoints[payments]" time="0.101" /><testcase classname="tests.backend_test.TestTransactions" name="test_list_transactions" time="0.113" /><testcase classname="tests.backend_test" name="test_list_endpoints[receipts]" time="0.307" /><testcase classname="tests.backend_test.TestTransactions" name="test_add_transaction_ai_categorizes" time="2.374" /><testcase classname="tests.backend_test" name="test_list_endpoints[journal-entries]" time="0.099" /><testcase classname="tests.backend_test" name="test_list_endpoints[inventory]" time="0.133" /><testcase classname="tests.backend_test" name="test_list_endpoints[assets]" time="0.109" /><testcase classname="tests.backend_test" name="test_list_endpoints[loans]" time="0.097" /><testcase classname="tests.backend_test" name="test_list_endpoints[tags]" time="0.101" /><testcase classname="tests.backend_test" name="test_list_endpoints[reconciliations]" time="0.102" /><testcase classname="tests.backend_test" name="test_list_endpoints[book-reviews]" time="0.098" /><testcase classname="tests.backend_test" name="test_list_endpoints[close-periods]" time="0.101" /><testcase classname="tests.backend_test.TestOnboarding" name="test_mock_plaid_returns_3_accounts" time="0.599" /><testcase classname="tests.backend_test.TestOnboarding" name="test_mock_veryfi" time="17.345" /><testcase classname="tests.backend_test.TestRules" name="test_rules_list" time="0.115" /><testcase classname="tests.backend_test.TestRules" name="test_apply_to_existing_recategorizes" time="0.468" /><testcase classname="tests.backend_test.TestVeryfiReal" name="test_upload_requires_auth" time="0.097" /><testcase classname="tests.backend_test.TestVeryfiReal" name="test_upload_valid_pdf_returns_imported_key" time="1.602" /><testcase classname="tests.backend_test.TestJournalEntries" name="test_create_balanced_je" time="0.189" /><testcase classname="tests.backend_test.TestPlaidReal" name="test_link_token_returns_sandbox_token" time="0.436" /><testcase classname="tests.backend_test.TestPlaidReal" name="test_exchange_missing_public_token_returns_400" time="0.119" /></testsuite></testsuites>