<?xml version="1.0" encoding="utf-8"?><testsuites name="pytest tests"><testsuite name="pytest" errors="0" failures="0" skipped="0" tests="39" time="25.098" timestamp="2026-07-14T12:24:40.068244+00:00" hostname="agent-env-0c1de1d2-6552-4616-ac96-0653f7e53686"><testcase classname="tests.backend_test.TestAuth" name="test_client_login" time="0.375" /><testcase classname="tests.backend_test.TestAuth" name="test_pro_login" time="0.506" /><testcase classname="tests.backend_test.TestAuth" name="test_admin_login" time="0.332" /><testcase classname="tests.backend_test" name="test_report_json[income-statement]" time="1.213" /><testcase classname="tests.backend_test" name="test_report_json[balance-sheet]" time="0.100" /><testcase classname="tests.backend_test.TestAuth" name="test_bad_login" time="0.098" /><testcase classname="tests.backend_test" name="test_report_json[trial-balance]" time="0.093" /><testcase classname="tests.backend_test" name="test_report_json[general-ledger]" time="0.234" /><testcase classname="tests.backend_test.TestAuth" name="test_me_endpoint" time="0.430" /><testcase classname="tests.backend_test" name="test_report_json[cash-flow]" time="0.147" /><testcase classname="tests.backend_test" name="test_report_pdf[income-statement]" time="0.291" /><testcase classname="tests.backend_test.TestRoleDashboards" name="test_admin_overview" time="0.420" /><testcase classname="tests.backend_test" name="test_report_pdf[balance-sheet]" time="0.120" /><testcase classname="tests.backend_test" name="test_report_pdf[trial-balance]" time="0.286" /><testcase classname="tests.backend_test.TestRoleDashboards" name="test_pro_clients_list" time="0.420" /><testcase classname="tests.backend_test" name="test_report_pdf[general-ledger]" time="0.110" /><testcase classname="tests.backend_test" name="test_report_pdf[cash-flow]" time="0.096" /><testcase classname="tests.backend_test.TestCompaniesAccounts" name="test_companies_list" time="0.099" /><testcase classname="tests.backend_test.TestCompaniesAccounts" name="test_coa_has_defaults" time="0.098" /><testcase classname="tests.backend_test" name="test_list_endpoints[contacts]" time="0.103" /><testcase classname="tests.backend_test.TestTransactions" name="test_list_transactions" time="0.115" /><testcase classname="tests.backend_test" name="test_list_endpoints[invoices]" time="0.108" /><testcase classname="tests.backend_test.TestTransactions" name="test_add_transaction_ai_categorizes" time="2.298" /><testcase classname="tests.backend_test" name="test_list_endpoints[bills]" time="0.100" /><testcase classname="tests.backend_test" name="test_list_endpoints[payments]" time="0.142" /><testcase classname="tests.backend_test" name="test_list_endpoints[receipts]" time="0.099" /><testcase classname="tests.backend_test" name="test_list_endpoints[journal-entries]" time="0.102" /><testcase classname="tests.backend_test" name="test_list_endpoints[inventory]" time="0.106" /><testcase classname="tests.backend_test" name="test_list_endpoints[assets]" time="0.090" /><testcase classname="tests.backend_test" name="test_list_endpoints[loans]" time="0.110" /><testcase classname="tests.backend_test" name="test_list_endpoints[tags]" time="0.102" /><testcase classname="tests.backend_test" name="test_list_endpoints[reconciliations]" time="0.095" /><testcase classname="tests.backend_test" name="test_list_endpoints[book-reviews]" time="0.090" /><testcase classname="tests.backend_test" name="test_list_endpoints[close-periods]" time="0.104" /><testcase classname="tests.backend_test.TestOnboarding" name="test_mock_plaid_returns_3_accounts" time="0.526" /><testcase classname="tests.backend_test.TestOnboarding" name="test_mock_veryfi" time="19.835" /><testcase classname="tests.backend_test.TestRules" name="test_rules_list" time="0.126" /><testcase classname="tests.backend_test.TestRules" name="test_apply_to_existing_recategorizes" time="0.471" /><testcase classname="tests.backend_test.TestJournalEntries" name="test_create_balanced_je" time="0.218" /></testsuite></testsuites>