<?xml version="1.0" encoding="utf-8"?><testsuites name="pytest tests"><testsuite name="pytest" errors="0" failures="0" skipped="0" tests="57" time="27.376" timestamp="2026-07-14T13:53:47.803306+00:00" hostname="agent-env-0c1de1d2-6552-4616-ac96-0653f7e53686"><testcase classname="tests.backend_test" name="test_report_json[income-statement]" time="0.828" /><testcase classname="tests.backend_test" name="test_report_json[balance-sheet]" time="0.112" /><testcase classname="tests.backend_test" name="test_report_json[trial-balance]" time="0.096" /><testcase classname="tests.backend_test" name="test_report_json[general-ledger]" time="0.158" /><testcase classname="tests.backend_test" name="test_report_json[cash-flow]" time="0.102" /><testcase classname="tests.backend_test" name="test_report_pdf[income-statement]" time="0.122" /><testcase classname="tests.backend_test" name="test_report_pdf[balance-sheet]" time="0.139" /><testcase classname="tests.backend_test" name="test_report_pdf[trial-balance]" time="0.100" /><testcase classname="tests.backend_test" name="test_report_pdf[general-ledger]" time="0.143" /><testcase classname="tests.backend_test" name="test_report_pdf[cash-flow]" time="0.104" /><testcase classname="tests.backend_test" name="test_list_endpoints[contacts]" time="0.102" /><testcase classname="tests.backend_test" name="test_list_endpoints[invoices]" time="0.122" /><testcase classname="tests.backend_test" name="test_list_endpoints[bills]" time="0.100" /><testcase classname="tests.backend_test" name="test_list_endpoints[payments]" time="0.094" /><testcase classname="tests.backend_test" name="test_list_endpoints[receipts]" time="0.095" /><testcase classname="tests.backend_test" name="test_list_endpoints[journal-entries]" time="0.101" /><testcase classname="tests.backend_test" name="test_list_endpoints[inventory]" time="0.096" /><testcase classname="tests.backend_test" name="test_list_endpoints[assets]" time="0.097" /><testcase classname="tests.backend_test" name="test_list_endpoints[loans]" time="0.109" /><testcase classname="tests.backend_test" name="test_list_endpoints[tags]" time="0.097" /><testcase classname="tests.backend_test" name="test_list_endpoints[reconciliations]" time="0.108" /><testcase classname="tests.backend_test" name="test_list_endpoints[book-reviews]" time="0.148" /><testcase classname="tests.backend_test" name="test_list_endpoints[close-periods]" time="0.103" /><testcase classname="tests.backend_test.TestAuth" name="test_client_login" time="0.313" /><testcase classname="tests.backend_test.TestAuth" name="test_pro_login" time="0.334" /><testcase classname="tests.backend_test.TestAuth" name="test_admin_login" time="0.317" /><testcase classname="tests.backend_test.TestAuth" name="test_bad_login" time="0.095" /><testcase classname="tests.backend_test.TestAuth" name="test_me_endpoint" time="0.098" /><testcase classname="tests.backend_test.TestPlaidWebhook" name="test_webhook_unknown_item_returns_200" time="0.129" /><testcase classname="tests.backend_test.TestPlaidWebhook" name="test_webhook_non_transactions_ignored" time="0.110" /><testcase classname="tests.backend_test.TestPlaidWebhook" name="test_webhook_is_public_no_auth" time="0.099" /><testcase classname="tests.backend_test.TestRoleDashboards" name="test_admin_overview" time="0.479" /><testcase classname="tests.backend_test.TestRoleDashboards" name="test_pro_clients_list" time="0.418" /><testcase classname="tests.backend_test.TestCompaniesAccounts" name="test_companies_list" time="0.000" /><testcase classname="tests.backend_test.TestCompaniesAccounts" name="test_coa_has_defaults" time="0.103" /><testcase classname="tests.backend_test.TestTransactions" name="test_list_transactions" time="0.113" /><testcase classname="tests.backend_test.TestTransactions" name="test_add_transaction_ai_categorizes" time="2.116" /><testcase classname="tests.backend_test.TestClosedPeriodLock" name="test_patch_closed_period_returns_423" time="6.233" /><testcase classname="tests.backend_test.TestClosedPeriodLock" name="test_delete_closed_period_returns_423" time="0.114" /><testcase classname="tests.backend_test.TestClosedPeriodLock" name="test_approve_closed_period_returns_423" time="0.105" /><testcase classname="tests.backend_test.TestClosedPeriodLock" name="test_split_closed_period_returns_423" time="0.225" /><testcase classname="tests.backend_test.TestClosedPeriodLock" name="test_patch_open_period_still_works" time="0.179" /><testcase classname="tests.backend_test.TestClosedPeriodLock" name="test_je_in_closed_period_returns_423" time="0.309" /><testcase classname="tests.backend_test.TestOnboarding" name="test_mock_plaid_returns_3_accounts" time="0.530" /><testcase classname="tests.backend_test.TestOnboarding" name="test_mock_veryfi" time="18.606" /><testcase classname="tests.backend_test.TestRules" name="test_rules_list" time="0.102" /><testcase classname="tests.backend_test.TestRules" name="test_apply_to_existing_recategorizes" time="0.458" /><testcase classname="tests.backend_test.TestVeryfiReal" name="test_upload_requires_auth" time="0.143" /><testcase classname="tests.backend_test.TestVeryfiReal" name="test_upload_valid_pdf_returns_imported_key" time="1.641" /><testcase classname="tests.backend_test.TestSalesTaxReport" name="test_sales_tax_json_shape" time="0.138" /><testcase classname="tests.backend_test.TestSalesTaxReport" name="test_sales_tax_pdf" time="0.127" /><testcase classname="tests.backend_test.Test1099Summary" name="test_1099_json_shape" time="0.098" /><testcase classname="tests.backend_test.Test1099Summary" name="test_1099_pdf" time="0.108" /><testcase classname="tests.backend_test.TestJournalEntries" name="test_create_balanced_je" time="0.419" /><testcase classname="tests.backend_test.TestPlaidManualSync" name="test_manual_sync_no_item_returns_400" time="0.104" /><testcase classname="tests.backend_test.TestPlaidReal" name="test_link_token_returns_sandbox_token" time="0.479" /><testcase classname="tests.backend_test.TestPlaidReal" name="test_exchange_missing_public_token_returns_400" time="0.124" /></testsuite></testsuites>