<?xml version="1.0" encoding="utf-8"?><testsuites name="pytest tests"><testsuite name="pytest" errors="0" failures="0" skipped="0" tests="57" time="29.124" timestamp="2026-07-14T13:34:27.783691+00:00" hostname="agent-env-0c1de1d2-6552-4616-ac96-0653f7e53686"><testcase classname="tests.backend_test" name="test_report_json[income-statement]" time="0.929" /><testcase classname="tests.backend_test" name="test_report_json[balance-sheet]" time="0.115" /><testcase classname="tests.backend_test" name="test_report_json[trial-balance]" time="0.124" /><testcase classname="tests.backend_test" name="test_report_json[general-ledger]" time="0.101" /><testcase classname="tests.backend_test" name="test_report_json[cash-flow]" time="0.117" /><testcase classname="tests.backend_test" name="test_report_pdf[income-statement]" time="0.109" /><testcase classname="tests.backend_test" name="test_report_pdf[balance-sheet]" time="0.104" /><testcase classname="tests.backend_test" name="test_report_pdf[trial-balance]" time="0.141" /><testcase classname="tests.backend_test" name="test_report_pdf[general-ledger]" time="0.114" /><testcase classname="tests.backend_test" name="test_report_pdf[cash-flow]" time="0.112" /><testcase classname="tests.backend_test" name="test_list_endpoints[contacts]" time="0.129" /><testcase classname="tests.backend_test" name="test_list_endpoints[invoices]" time="0.145" /><testcase classname="tests.backend_test" name="test_list_endpoints[bills]" time="0.136" /><testcase classname="tests.backend_test" name="test_list_endpoints[payments]" time="0.112" /><testcase classname="tests.backend_test" name="test_list_endpoints[receipts]" time="0.115" /><testcase classname="tests.backend_test" name="test_list_endpoints[journal-entries]" time="0.106" /><testcase classname="tests.backend_test" name="test_list_endpoints[inventory]" time="0.106" /><testcase classname="tests.backend_test" name="test_list_endpoints[assets]" time="0.101" /><testcase classname="tests.backend_test" name="test_list_endpoints[loans]" time="0.108" /><testcase classname="tests.backend_test" name="test_list_endpoints[tags]" time="0.102" /><testcase classname="tests.backend_test" name="test_list_endpoints[reconciliations]" time="0.096" /><testcase classname="tests.backend_test" name="test_list_endpoints[book-reviews]" time="0.116" /><testcase classname="tests.backend_test" name="test_list_endpoints[close-periods]" time="0.109" /><testcase classname="tests.backend_test.TestAuth" name="test_client_login" time="0.323" /><testcase classname="tests.backend_test.TestAuth" name="test_pro_login" time="0.321" /><testcase classname="tests.backend_test.TestAuth" name="test_admin_login" time="0.322" /><testcase classname="tests.backend_test.TestAuth" name="test_bad_login" time="0.111" /><testcase classname="tests.backend_test.TestAuth" name="test_me_endpoint" time="0.097" /><testcase classname="tests.backend_test.TestPlaidWebhook" name="test_webhook_unknown_item_returns_200" time="0.103" /><testcase classname="tests.backend_test.TestPlaidWebhook" name="test_webhook_non_transactions_ignored" time="0.109" /><testcase classname="tests.backend_test.TestPlaidWebhook" name="test_webhook_is_public_no_auth" time="0.099" /><testcase classname="tests.backend_test.TestRoleDashboards" name="test_admin_overview" time="0.458" /><testcase classname="tests.backend_test.TestClosedPeriodLock" name="test_patch_closed_period_returns_423" time="5.745" /><testcase classname="tests.backend_test.TestRoleDashboards" name="test_pro_clients_list" time="0.436" /><testcase classname="tests.backend_test.TestClosedPeriodLock" name="test_delete_closed_period_returns_423" time="0.153" /><testcase classname="tests.backend_test.TestCompaniesAccounts" name="test_companies_list" time="0.000" /><testcase classname="tests.backend_test.TestCompaniesAccounts" name="test_coa_has_defaults" time="0.109" /><testcase classname="tests.backend_test.TestClosedPeriodLock" name="test_approve_closed_period_returns_423" time="0.109" /><testcase classname="tests.backend_test.TestTransactions" name="test_list_transactions" time="0.123" /><testcase classname="tests.backend_test.TestClosedPeriodLock" name="test_split_closed_period_returns_423" time="0.224" /><testcase classname="tests.backend_test.TestTransactions" name="test_add_transaction_ai_categorizes" time="2.390" /><testcase classname="tests.backend_test.TestClosedPeriodLock" name="test_patch_open_period_still_works" time="0.136" /><testcase classname="tests.backend_test.TestClosedPeriodLock" name="test_je_in_closed_period_returns_423" time="0.328" /><testcase classname="tests.backend_test.TestOnboarding" name="test_mock_plaid_returns_3_accounts" time="0.566" /><testcase classname="tests.backend_test.TestOnboarding" name="test_mock_veryfi" time="20.969" /><testcase classname="tests.backend_test.TestRules" name="test_rules_list" time="0.149" /><testcase classname="tests.backend_test.TestRules" name="test_apply_to_existing_recategorizes" time="0.497" /><testcase classname="tests.backend_test.TestVeryfiReal" name="test_upload_requires_auth" time="0.101" /><testcase classname="tests.backend_test.TestVeryfiReal" name="test_upload_valid_pdf_returns_imported_key" time="1.414" /><testcase classname="tests.backend_test.TestSalesTaxReport" name="test_sales_tax_json_shape" time="0.131" /><testcase classname="tests.backend_test.TestSalesTaxReport" name="test_sales_tax_pdf" time="0.216" /><testcase classname="tests.backend_test.Test1099Summary" name="test_1099_json_shape" time="0.105" /><testcase classname="tests.backend_test.Test1099Summary" name="test_1099_pdf" time="0.114" /><testcase classname="tests.backend_test.TestJournalEntries" name="test_create_balanced_je" time="0.223" /><testcase classname="tests.backend_test.TestPlaidManualSync" name="test_manual_sync_no_item_returns_400" time="0.532" /><testcase classname="tests.backend_test.TestPlaidReal" name="test_link_token_returns_sandbox_token" time="0.290" /><testcase classname="tests.backend_test.TestPlaidReal" name="test_exchange_missing_public_token_returns_400" time="0.125" /></testsuite></testsuites>