<?xml version="1.0" encoding="utf-8"?><testsuites name="pytest tests"><testsuite name="pytest" errors="0" failures="0" skipped="0" tests="8" time="4.078" timestamp="2026-09-17T15:05:41.288161+00:00" hostname="agent-env-0c1de1d2-6552-4616-ac96-0653f7e53686"><testcase classname="tests.test_reviewv2_stage1_accounts" name="test_queue_loads" time="1.013" /><testcase classname="tests.test_reviewv2_stage1_accounts" name="test_queue_no_account_personal_use" time="0.192" /><testcase classname="tests.test_reviewv2_stage1_accounts" name="test_queue_stage1_unknown_account_flags" time="0.127" /><testcase classname="tests.test_reviewv2_stage1_accounts" name="test_propose_requires_purpose_text" time="0.087" /><testcase classname="tests.test_reviewv2_stage1_accounts" name="test_propose_happy_path" time="1.925" /><testcase classname="tests.test_reviewv2_stage1_accounts" name="test_book_endpoint_smoke_with_ai_placeholder_account_id" time="0.462" /><testcase classname="tests.test_reviewv2_stage1_accounts" name="test_book_requires_txn_ids" time="0.096" /><testcase classname="tests.test_reviewv2_stage1_accounts" name="test_book_requires_proposal" time="0.087" /></testsuite></testsuites>